        -:    0:Source:common.c
        -:    0:Source is newer than graph
        -:    1:/**
        -:    2: * @file common.c
        -:    3: * @brief Implementation of shared utilities for Mercury Performance Testing Framework
        -:    4: * 
        -:    5: * @details This file implements the common data structures and utility functions declared in common.h.
        -:    6: * It provides cross-platform compatibility and high-performance implementations for:
        -:    7: * - Memory management and ring buffers
        -:    8: * - String operations and Boyer-Moore pattern matching
        -:    9: * - Timing utilities and RDTSC calibration
        -:   10: * - SIMD-accelerated operations
        -:   11: * - Error handling and logging
        -:   12: *
        -:   13: * @author Django Mercury Team
        -:   14: * @date 2024
        -:   15: * @version 2.0.0
        -:   16: * 
        -:   17: * @warning Thread safety varies by function - see individual function documentation
        -:   18: * @note All memory allocation functions return NULL on failure
        -:   19: */
        -:   20:
        -:   21:/* Define feature test macros BEFORE any includes */
        -:   22:#ifndef _GNU_SOURCE
        -:   23:#define _GNU_SOURCE
        -:   24:#endif
        -:   25:#ifndef _POSIX_C_SOURCE
        -:   26:#define _POSIX_C_SOURCE 200809L
        -:   27:#endif
        -:   28:
        -:   29:#include "common.h"
        -:   30:#include <assert.h>
        -:   31:#include <stdarg.h>
        -:   32:
        -:   33:#ifdef MERCURY_LINUX
        -:   34:#include <time.h>
        -:   35:#endif
        -:   36:
        -:   37:// === GLOBAL VARIABLES ===
        -:   38:
        -:   39:// RDTSC frequency for timing calibration
        -:   40:#ifdef MERCURY_X86_64
        -:   41:uint64_t mercury_rdtsc_frequency = 0;
        -:   42:#endif
        -:   43:
        -:   44:// Global error context (removed thread-local for PIC compatibility)
        -:   45:// Note: Thread-local storage is incompatible with Position Independent Code
        -:   46:// required for shared libraries. Using global error context instead.
        -:   47:MercuryErrorContext mercury_last_error = {MERCURY_SUCCESS, {0}, NULL, NULL, 0};
        -:   48:
        -:   49:// Default logger function pointer
        -:   50:void (*mercury_log_function)(MercuryLogLevel level, const char* format, ...) = mercury_default_logger;
        -:   51:
        -:   52:// === TIMING UTILITIES ===
        -:   53:
        -:   54:#ifdef MERCURY_X86_64
        -:   55:/**
        -:   56: * @brief Calibrate RDTSC frequency for high-precision timing
        -:   57: * 
        -:   58: * @details Calibrates the RDTSC (Read Time-Stamp Counter) against the system clock
        -:   59: * to enable accurate nanosecond-level timing measurements. This calibration is
        -:   60: * performed once and cached for the lifetime of the program.
        -:   61: * 
        -:   62: * @pre MERCURY_X86_64 must be defined
        -:   63: * @post mercury_rdtsc_frequency is set to calibrated value
        -:   64: * 
        -:   65: * @warning Not thread-safe - should be called once at initialization
        -:   66: * @note Falls back to frequency=1 if calibration fails
        -:   67: */
      29*:   68:void mercury_calibrate_rdtsc(void) {
      29*:   69:    if (mercury_rdtsc_frequency != 0) {
       4*:   70:        return;  // Already calibrated
        -:   71:    }
        -:   72:    
        -:   73:    // Calibrate RDTSC against system clock
      25*:   74:    MercuryTimestamp start_sys = mercury_get_timestamp();
        -:   75:    uint64_t start_rdtsc = mercury_rdtsc();
        -:   76:    
        -:   77:    // Wait approximately 100ms
        -:   78:    #ifdef MERCURY_LINUX
      25*:   79:        struct timespec sleep_time = {0, 100000000};  // 100ms
      25*:   80:        nanosleep(&sleep_time, NULL);
        -:   81:    #elif defined(MERCURY_MACOS)
        -:   82:        usleep(100000);  // 100ms
        -:   83:    #elif defined(MERCURY_WINDOWS)
        -:   84:        Sleep(100);  // 100ms
        -:   85:    #endif
        -:   86:    
      25*:   87:    MercuryTimestamp end_sys = mercury_get_timestamp();
        -:   88:    uint64_t end_rdtsc = mercury_rdtsc();
        -:   89:    
      25*:   90:    uint64_t sys_elapsed = end_sys.nanoseconds - start_sys.nanoseconds;
      25*:   91:    uint64_t rdtsc_elapsed = end_rdtsc - start_rdtsc;
        -:   92:    
      25*:   93:    if (sys_elapsed > 0 && rdtsc_elapsed > 0) {
      25*:   94:        mercury_rdtsc_frequency = (rdtsc_elapsed * 1000000000ULL) / sys_elapsed;
      25*:   95:        MERCURY_INFO("RDTSC calibrated: %llu Hz", mercury_rdtsc_frequency);
        -:   96:    } else {
    #####:   97:        MERCURY_WARN("RDTSC calibration failed, using fallback timing");
    #####:   98:        mercury_rdtsc_frequency = 1;  // Fallback to prevent division by zero
        -:   99:    }
        -:  100:}
------------------
mercury_calibrate_rdtsc:
function mercury_calibrate_rdtsc called 0 returned 0% blocks executed 0%
    #####:   68:void mercury_calibrate_rdtsc(void) {
    #####:   69:    if (mercury_rdtsc_frequency != 0) {
branch  0 never executed
branch  1 never executed
    #####:   70:        return;  // Already calibrated
        -:   71:    }
        -:   72:    
        -:   73:    // Calibrate RDTSC against system clock
    #####:   74:    MercuryTimestamp start_sys = mercury_get_timestamp();
call    0 never executed
        -:   75:    uint64_t start_rdtsc = mercury_rdtsc();
        -:   76:    
        -:   77:    // Wait approximately 100ms
        -:   78:    #ifdef MERCURY_LINUX
    #####:   79:        struct timespec sleep_time = {0, 100000000};  // 100ms
    #####:   80:        nanosleep(&sleep_time, NULL);
call    0 never executed
        -:   81:    #elif defined(MERCURY_MACOS)
        -:   82:        usleep(100000);  // 100ms
        -:   83:    #elif defined(MERCURY_WINDOWS)
        -:   84:        Sleep(100);  // 100ms
        -:   85:    #endif
        -:   86:    
    #####:   87:    MercuryTimestamp end_sys = mercury_get_timestamp();
call    0 never executed
        -:   88:    uint64_t end_rdtsc = mercury_rdtsc();
        -:   89:    
    #####:   90:    uint64_t sys_elapsed = end_sys.nanoseconds - start_sys.nanoseconds;
    #####:   91:    uint64_t rdtsc_elapsed = end_rdtsc - start_rdtsc;
        -:   92:    
    #####:   93:    if (sys_elapsed > 0 && rdtsc_elapsed > 0) {
branch  0 never executed
branch  1 never executed
    #####:   94:        mercury_rdtsc_frequency = (rdtsc_elapsed * 1000000000ULL) / sys_elapsed;
    #####:   95:        MERCURY_INFO("RDTSC calibrated: %llu Hz", mercury_rdtsc_frequency);
branch  0 never executed
branch  1 never executed
call    2 never executed
        -:   96:    } else {
    #####:   97:        MERCURY_WARN("RDTSC calibration failed, using fallback timing");
branch  0 never executed
branch  1 never executed
call    2 never executed
    #####:   98:        mercury_rdtsc_frequency = 1;  // Fallback to prevent division by zero
        -:   99:    }
        -:  100:}
------------------
mercury_calibrate_rdtsc:
function mercury_calibrate_rdtsc called 6 returned 100% blocks executed 80%
        6:   68:void mercury_calibrate_rdtsc(void) {
        6:   69:    if (mercury_rdtsc_frequency != 0) {
branch  0 taken 67% (fallthrough)
branch  1 taken 33%
        4:   70:        return;  // Already calibrated
        -:   71:    }
        -:   72:    
        -:   73:    // Calibrate RDTSC against system clock
        2:   74:    MercuryTimestamp start_sys = mercury_get_timestamp();
call    0 returned 100%
        -:   75:    uint64_t start_rdtsc = mercury_rdtsc();
        -:   76:    
        -:   77:    // Wait approximately 100ms
        -:   78:    #ifdef MERCURY_LINUX
        2:   79:        struct timespec sleep_time = {0, 100000000};  // 100ms
        2:   80:        nanosleep(&sleep_time, NULL);
call    0 returned 100%
        -:   81:    #elif defined(MERCURY_MACOS)
        -:   82:        usleep(100000);  // 100ms
        -:   83:    #elif defined(MERCURY_WINDOWS)
        -:   84:        Sleep(100);  // 100ms
        -:   85:    #endif
        -:   86:    
        2:   87:    MercuryTimestamp end_sys = mercury_get_timestamp();
call    0 returned 100%
        -:   88:    uint64_t end_rdtsc = mercury_rdtsc();
        -:   89:    
        2:   90:    uint64_t sys_elapsed = end_sys.nanoseconds - start_sys.nanoseconds;
        2:   91:    uint64_t rdtsc_elapsed = end_rdtsc - start_rdtsc;
        -:   92:    
        2:   93:    if (sys_elapsed > 0 && rdtsc_elapsed > 0) {
branch  0 taken 100% (fallthrough)
branch  1 taken 0%
        2:   94:        mercury_rdtsc_frequency = (rdtsc_elapsed * 1000000000ULL) / sys_elapsed;
        2:   95:        MERCURY_INFO("RDTSC calibrated: %llu Hz", mercury_rdtsc_frequency);
branch  0 taken 100% (fallthrough)
branch  1 taken 0%
call    2 returned 100%
        -:   96:    } else {
    #####:   97:        MERCURY_WARN("RDTSC calibration failed, using fallback timing");
branch  0 never executed
branch  1 never executed
call    2 never executed
    #####:   98:        mercury_rdtsc_frequency = 1;  // Fallback to prevent division by zero
        -:   99:    }
        -:  100:}
------------------
mercury_calibrate_rdtsc:
function mercury_calibrate_rdtsc called 22 returned 100% blocks executed 73%
       22:   68:void mercury_calibrate_rdtsc(void) {
       22:   69:    if (mercury_rdtsc_frequency != 0) {
branch  0 taken 0% (fallthrough)
branch  1 taken 100%
    #####:   70:        return;  // Already calibrated
        -:   71:    }
        -:   72:    
        -:   73:    // Calibrate RDTSC against system clock
       22:   74:    MercuryTimestamp start_sys = mercury_get_timestamp();
call    0 returned 100%
        -:   75:    uint64_t start_rdtsc = mercury_rdtsc();
        -:   76:    
        -:   77:    // Wait approximately 100ms
        -:   78:    #ifdef MERCURY_LINUX
       22:   79:        struct timespec sleep_time = {0, 100000000};  // 100ms
       22:   80:        nanosleep(&sleep_time, NULL);
call    0 returned 100%
        -:   81:    #elif defined(MERCURY_MACOS)
        -:   82:        usleep(100000);  // 100ms
        -:   83:    #elif defined(MERCURY_WINDOWS)
        -:   84:        Sleep(100);  // 100ms
        -:   85:    #endif
        -:   86:    
       22:   87:    MercuryTimestamp end_sys = mercury_get_timestamp();
call    0 returned 100%
        -:   88:    uint64_t end_rdtsc = mercury_rdtsc();
        -:   89:    
       22:   90:    uint64_t sys_elapsed = end_sys.nanoseconds - start_sys.nanoseconds;
       22:   91:    uint64_t rdtsc_elapsed = end_rdtsc - start_rdtsc;
        -:   92:    
       22:   93:    if (sys_elapsed > 0 && rdtsc_elapsed > 0) {
branch  0 taken 100% (fallthrough)
branch  1 taken 0%
       22:   94:        mercury_rdtsc_frequency = (rdtsc_elapsed * 1000000000ULL) / sys_elapsed;
       22:   95:        MERCURY_INFO("RDTSC calibrated: %llu Hz", mercury_rdtsc_frequency);
branch  0 taken 100% (fallthrough)
branch  1 taken 0%
call    2 returned 100%
        -:   96:    } else {
    #####:   97:        MERCURY_WARN("RDTSC calibration failed, using fallback timing");
branch  0 never executed
branch  1 never executed
call    2 never executed
    #####:   98:        mercury_rdtsc_frequency = 1;  // Fallback to prevent division by zero
        -:   99:    }
        -:  100:}
------------------
mercury_calibrate_rdtsc:
function mercury_calibrate_rdtsc called 0 returned 0% blocks executed 0%
    #####:   68:void mercury_calibrate_rdtsc(void) {
    #####:   69:    if (mercury_rdtsc_frequency != 0) {
branch  0 never executed
branch  1 never executed
    #####:   70:        return;  // Already calibrated
        -:   71:    }
        -:   72:    
        -:   73:    // Calibrate RDTSC against system clock
    #####:   74:    MercuryTimestamp start_sys = mercury_get_timestamp();
call    0 never executed
        -:   75:    uint64_t start_rdtsc = mercury_rdtsc();
        -:   76:    
        -:   77:    // Wait approximately 100ms
        -:   78:    #ifdef MERCURY_LINUX
    #####:   79:        struct timespec sleep_time = {0, 100000000};  // 100ms
    #####:   80:        nanosleep(&sleep_time, NULL);
call    0 never executed
        -:   81:    #elif defined(MERCURY_MACOS)
        -:   82:        usleep(100000);  // 100ms
        -:   83:    #elif defined(MERCURY_WINDOWS)
        -:   84:        Sleep(100);  // 100ms
        -:   85:    #endif
        -:   86:    
    #####:   87:    MercuryTimestamp end_sys = mercury_get_timestamp();
call    0 never executed
        -:   88:    uint64_t end_rdtsc = mercury_rdtsc();
        -:   89:    
    #####:   90:    uint64_t sys_elapsed = end_sys.nanoseconds - start_sys.nanoseconds;
    #####:   91:    uint64_t rdtsc_elapsed = end_rdtsc - start_rdtsc;
        -:   92:    
    #####:   93:    if (sys_elapsed > 0 && rdtsc_elapsed > 0) {
branch  0 never executed
branch  1 never executed
    #####:   94:        mercury_rdtsc_frequency = (rdtsc_elapsed * 1000000000ULL) / sys_elapsed;
    #####:   95:        MERCURY_INFO("RDTSC calibrated: %llu Hz", mercury_rdtsc_frequency);
branch  0 never executed
branch  1 never executed
call    2 never executed
        -:   96:    } else {
    #####:   97:        MERCURY_WARN("RDTSC calibration failed, using fallback timing");
branch  0 never executed
branch  1 never executed
call    2 never executed
    #####:   98:        mercury_rdtsc_frequency = 1;  // Fallback to prevent division by zero
        -:   99:    }
        -:  100:}
------------------
mercury_calibrate_rdtsc:
function mercury_calibrate_rdtsc called 0 returned 0% blocks executed 0%
    #####:   68:void mercury_calibrate_rdtsc(void) {
    #####:   69:    if (mercury_rdtsc_frequency != 0) {
branch  0 never executed
branch  1 never executed
    #####:   70:        return;  // Already calibrated
        -:   71:    }
        -:   72:    
        -:   73:    // Calibrate RDTSC against system clock
    #####:   74:    MercuryTimestamp start_sys = mercury_get_timestamp();
call    0 never executed
        -:   75:    uint64_t start_rdtsc = mercury_rdtsc();
        -:   76:    
        -:   77:    // Wait approximately 100ms
        -:   78:    #ifdef MERCURY_LINUX
    #####:   79:        struct timespec sleep_time = {0, 100000000};  // 100ms
    #####:   80:        nanosleep(&sleep_time, NULL);
call    0 never executed
        -:   81:    #elif defined(MERCURY_MACOS)
        -:   82:        usleep(100000);  // 100ms
        -:   83:    #elif defined(MERCURY_WINDOWS)
        -:   84:        Sleep(100);  // 100ms
        -:   85:    #endif
        -:   86:    
    #####:   87:    MercuryTimestamp end_sys = mercury_get_timestamp();
call    0 never executed
        -:   88:    uint64_t end_rdtsc = mercury_rdtsc();
        -:   89:    
    #####:   90:    uint64_t sys_elapsed = end_sys.nanoseconds - start_sys.nanoseconds;
    #####:   91:    uint64_t rdtsc_elapsed = end_rdtsc - start_rdtsc;
        -:   92:    
    #####:   93:    if (sys_elapsed > 0 && rdtsc_elapsed > 0) {
branch  0 never executed
branch  1 never executed
    #####:   94:        mercury_rdtsc_frequency = (rdtsc_elapsed * 1000000000ULL) / sys_elapsed;
    #####:   95:        MERCURY_INFO("RDTSC calibrated: %llu Hz", mercury_rdtsc_frequency);
branch  0 never executed
branch  1 never executed
call    2 never executed
        -:   96:    } else {
    #####:   97:        MERCURY_WARN("RDTSC calibration failed, using fallback timing");
branch  0 never executed
branch  1 never executed
call    2 never executed
    #####:   98:        mercury_rdtsc_frequency = 1;  // Fallback to prevent division by zero
        -:   99:    }
        -:  100:}
------------------
mercury_calibrate_rdtsc:
function mercury_calibrate_rdtsc called 1 returned 100% blocks executed 73%
        1:   68:void mercury_calibrate_rdtsc(void) {
        1:   69:    if (mercury_rdtsc_frequency != 0) {
branch  0 taken 0% (fallthrough)
branch  1 taken 100%
    #####:   70:        return;  // Already calibrated
        -:   71:    }
        -:   72:    
        -:   73:    // Calibrate RDTSC against system clock
        1:   74:    MercuryTimestamp start_sys = mercury_get_timestamp();
call    0 returned 100%
        -:   75:    uint64_t start_rdtsc = mercury_rdtsc();
        -:   76:    
        -:   77:    // Wait approximately 100ms
        -:   78:    #ifdef MERCURY_LINUX
        1:   79:        struct timespec sleep_time = {0, 100000000};  // 100ms
        1:   80:        nanosleep(&sleep_time, NULL);
call    0 returned 100%
        -:   81:    #elif defined(MERCURY_MACOS)
        -:   82:        usleep(100000);  // 100ms
        -:   83:    #elif defined(MERCURY_WINDOWS)
        -:   84:        Sleep(100);  // 100ms
        -:   85:    #endif
        -:   86:    
        1:   87:    MercuryTimestamp end_sys = mercury_get_timestamp();
call    0 returned 100%
        -:   88:    uint64_t end_rdtsc = mercury_rdtsc();
        -:   89:    
        1:   90:    uint64_t sys_elapsed = end_sys.nanoseconds - start_sys.nanoseconds;
        1:   91:    uint64_t rdtsc_elapsed = end_rdtsc - start_rdtsc;
        -:   92:    
        1:   93:    if (sys_elapsed > 0 && rdtsc_elapsed > 0) {
branch  0 taken 100% (fallthrough)
branch  1 taken 0%
        1:   94:        mercury_rdtsc_frequency = (rdtsc_elapsed * 1000000000ULL) / sys_elapsed;
        1:   95:        MERCURY_INFO("RDTSC calibrated: %llu Hz", mercury_rdtsc_frequency);
branch  0 taken 100% (fallthrough)
branch  1 taken 0%
call    2 returned 100%
        -:   96:    } else {
    #####:   97:        MERCURY_WARN("RDTSC calibration failed, using fallback timing");
branch  0 never executed
branch  1 never executed
call    2 never executed
    #####:   98:        mercury_rdtsc_frequency = 1;  // Fallback to prevent division by zero
        -:   99:    }
        -:  100:}
------------------
mercury_calibrate_rdtsc:
function mercury_calibrate_rdtsc called 0 returned 0% blocks executed 0%
    #####:   68:void mercury_calibrate_rdtsc(void) {
    #####:   69:    if (mercury_rdtsc_frequency != 0) {
branch  0 never executed
branch  1 never executed
    #####:   70:        return;  // Already calibrated
        -:   71:    }
        -:   72:    
        -:   73:    // Calibrate RDTSC against system clock
    #####:   74:    MercuryTimestamp start_sys = mercury_get_timestamp();
call    0 never executed
        -:   75:    uint64_t start_rdtsc = mercury_rdtsc();
        -:   76:    
        -:   77:    // Wait approximately 100ms
        -:   78:    #ifdef MERCURY_LINUX
    #####:   79:        struct timespec sleep_time = {0, 100000000};  // 100ms
    #####:   80:        nanosleep(&sleep_time, NULL);
call    0 never executed
        -:   81:    #elif defined(MERCURY_MACOS)
        -:   82:        usleep(100000);  // 100ms
        -:   83:    #elif defined(MERCURY_WINDOWS)
        -:   84:        Sleep(100);  // 100ms
        -:   85:    #endif
        -:   86:    
    #####:   87:    MercuryTimestamp end_sys = mercury_get_timestamp();
call    0 never executed
        -:   88:    uint64_t end_rdtsc = mercury_rdtsc();
        -:   89:    
    #####:   90:    uint64_t sys_elapsed = end_sys.nanoseconds - start_sys.nanoseconds;
    #####:   91:    uint64_t rdtsc_elapsed = end_rdtsc - start_rdtsc;
        -:   92:    
    #####:   93:    if (sys_elapsed > 0 && rdtsc_elapsed > 0) {
branch  0 never executed
branch  1 never executed
    #####:   94:        mercury_rdtsc_frequency = (rdtsc_elapsed * 1000000000ULL) / sys_elapsed;
    #####:   95:        MERCURY_INFO("RDTSC calibrated: %llu Hz", mercury_rdtsc_frequency);
branch  0 never executed
branch  1 never executed
call    2 never executed
        -:   96:    } else {
    #####:   97:        MERCURY_WARN("RDTSC calibration failed, using fallback timing");
branch  0 never executed
branch  1 never executed
call    2 never executed
    #####:   98:        mercury_rdtsc_frequency = 1;  // Fallback to prevent division by zero
        -:   99:    }
        -:  100:}
------------------
mercury_calibrate_rdtsc:
function mercury_calibrate_rdtsc called 0 returned 0% blocks executed 0%
    #####:   68:void mercury_calibrate_rdtsc(void) {
    #####:   69:    if (mercury_rdtsc_frequency != 0) {
branch  0 never executed
branch  1 never executed
    #####:   70:        return;  // Already calibrated
        -:   71:    }
        -:   72:    
        -:   73:    // Calibrate RDTSC against system clock
    #####:   74:    MercuryTimestamp start_sys = mercury_get_timestamp();
call    0 never executed
        -:   75:    uint64_t start_rdtsc = mercury_rdtsc();
        -:   76:    
        -:   77:    // Wait approximately 100ms
        -:   78:    #ifdef MERCURY_LINUX
    #####:   79:        struct timespec sleep_time = {0, 100000000};  // 100ms
    #####:   80:        nanosleep(&sleep_time, NULL);
call    0 never executed
        -:   81:    #elif defined(MERCURY_MACOS)
        -:   82:        usleep(100000);  // 100ms
        -:   83:    #elif defined(MERCURY_WINDOWS)
        -:   84:        Sleep(100);  // 100ms
        -:   85:    #endif
        -:   86:    
    #####:   87:    MercuryTimestamp end_sys = mercury_get_timestamp();
call    0 never executed
        -:   88:    uint64_t end_rdtsc = mercury_rdtsc();
        -:   89:    
    #####:   90:    uint64_t sys_elapsed = end_sys.nanoseconds - start_sys.nanoseconds;
    #####:   91:    uint64_t rdtsc_elapsed = end_rdtsc - start_rdtsc;
        -:   92:    
    #####:   93:    if (sys_elapsed > 0 && rdtsc_elapsed > 0) {
branch  0 never executed
branch  1 never executed
    #####:   94:        mercury_rdtsc_frequency = (rdtsc_elapsed * 1000000000ULL) / sys_elapsed;
    #####:   95:        MERCURY_INFO("RDTSC calibrated: %llu Hz", mercury_rdtsc_frequency);
branch  0 never executed
branch  1 never executed
call    2 never executed
        -:   96:    } else {
    #####:   97:        MERCURY_WARN("RDTSC calibration failed, using fallback timing");
branch  0 never executed
branch  1 never executed
call    2 never executed
    #####:   98:        mercury_rdtsc_frequency = 1;  // Fallback to prevent division by zero
        -:   99:    }
        -:  100:}
------------------
mercury_calibrate_rdtsc:
function mercury_calibrate_rdtsc called 0 returned 0% blocks executed 0%
    #####:   68:void mercury_calibrate_rdtsc(void) {
    #####:   69:    if (mercury_rdtsc_frequency != 0) {
branch  0 never executed
branch  1 never executed
    #####:   70:        return;  // Already calibrated
        -:   71:    }
        -:   72:    
        -:   73:    // Calibrate RDTSC against system clock
    #####:   74:    MercuryTimestamp start_sys = mercury_get_timestamp();
call    0 never executed
        -:   75:    uint64_t start_rdtsc = mercury_rdtsc();
        -:   76:    
        -:   77:    // Wait approximately 100ms
        -:   78:    #ifdef MERCURY_LINUX
    #####:   79:        struct timespec sleep_time = {0, 100000000};  // 100ms
    #####:   80:        nanosleep(&sleep_time, NULL);
call    0 never executed
        -:   81:    #elif defined(MERCURY_MACOS)
        -:   82:        usleep(100000);  // 100ms
        -:   83:    #elif defined(MERCURY_WINDOWS)
        -:   84:        Sleep(100);  // 100ms
        -:   85:    #endif
        -:   86:    
    #####:   87:    MercuryTimestamp end_sys = mercury_get_timestamp();
call    0 never executed
        -:   88:    uint64_t end_rdtsc = mercury_rdtsc();
        -:   89:    
    #####:   90:    uint64_t sys_elapsed = end_sys.nanoseconds - start_sys.nanoseconds;
    #####:   91:    uint64_t rdtsc_elapsed = end_rdtsc - start_rdtsc;
        -:   92:    
    #####:   93:    if (sys_elapsed > 0 && rdtsc_elapsed > 0) {
branch  0 never executed
branch  1 never executed
    #####:   94:        mercury_rdtsc_frequency = (rdtsc_elapsed * 1000000000ULL) / sys_elapsed;
    #####:   95:        MERCURY_INFO("RDTSC calibrated: %llu Hz", mercury_rdtsc_frequency);
branch  0 never executed
branch  1 never executed
call    2 never executed
        -:   96:    } else {
    #####:   97:        MERCURY_WARN("RDTSC calibration failed, using fallback timing");
branch  0 never executed
branch  1 never executed
call    2 never executed
    #####:   98:        mercury_rdtsc_frequency = 1;  // Fallback to prevent division by zero
        -:   99:    }
        -:  100:}
------------------
mercury_calibrate_rdtsc:
function mercury_calibrate_rdtsc called 0 returned 0% blocks executed 0%
    #####:   68:void mercury_calibrate_rdtsc(void) {
    #####:   69:    if (mercury_rdtsc_frequency != 0) {
branch  0 never executed
branch  1 never executed
    #####:   70:        return;  // Already calibrated
        -:   71:    }
        -:   72:    
        -:   73:    // Calibrate RDTSC against system clock
    #####:   74:    MercuryTimestamp start_sys = mercury_get_timestamp();
call    0 never executed
        -:   75:    uint64_t start_rdtsc = mercury_rdtsc();
        -:   76:    
        -:   77:    // Wait approximately 100ms
        -:   78:    #ifdef MERCURY_LINUX
    #####:   79:        struct timespec sleep_time = {0, 100000000};  // 100ms
    #####:   80:        nanosleep(&sleep_time, NULL);
call    0 never executed
        -:   81:    #elif defined(MERCURY_MACOS)
        -:   82:        usleep(100000);  // 100ms
        -:   83:    #elif defined(MERCURY_WINDOWS)
        -:   84:        Sleep(100);  // 100ms
        -:   85:    #endif
        -:   86:    
    #####:   87:    MercuryTimestamp end_sys = mercury_get_timestamp();
call    0 never executed
        -:   88:    uint64_t end_rdtsc = mercury_rdtsc();
        -:   89:    
    #####:   90:    uint64_t sys_elapsed = end_sys.nanoseconds - start_sys.nanoseconds;
    #####:   91:    uint64_t rdtsc_elapsed = end_rdtsc - start_rdtsc;
        -:   92:    
    #####:   93:    if (sys_elapsed > 0 && rdtsc_elapsed > 0) {
branch  0 never executed
branch  1 never executed
    #####:   94:        mercury_rdtsc_frequency = (rdtsc_elapsed * 1000000000ULL) / sys_elapsed;
    #####:   95:        MERCURY_INFO("RDTSC calibrated: %llu Hz", mercury_rdtsc_frequency);
branch  0 never executed
branch  1 never executed
call    2 never executed
        -:   96:    } else {
    #####:   97:        MERCURY_WARN("RDTSC calibration failed, using fallback timing");
branch  0 never executed
branch  1 never executed
call    2 never executed
    #####:   98:        mercury_rdtsc_frequency = 1;  // Fallback to prevent division by zero
        -:   99:    }
        -:  100:}
------------------
mercury_calibrate_rdtsc:
function mercury_calibrate_rdtsc called 0 returned 0% blocks executed 0%
    #####:   68:void mercury_calibrate_rdtsc(void) {
    #####:   69:    if (mercury_rdtsc_frequency != 0) {
branch  0 never executed
branch  1 never executed
    #####:   70:        return;  // Already calibrated
        -:   71:    }
        -:   72:    
        -:   73:    // Calibrate RDTSC against system clock
    #####:   74:    MercuryTimestamp start_sys = mercury_get_timestamp();
call    0 never executed
        -:   75:    uint64_t start_rdtsc = mercury_rdtsc();
        -:   76:    
        -:   77:    // Wait approximately 100ms
        -:   78:    #ifdef MERCURY_LINUX
    #####:   79:        struct timespec sleep_time = {0, 100000000};  // 100ms
    #####:   80:        nanosleep(&sleep_time, NULL);
call    0 never executed
        -:   81:    #elif defined(MERCURY_MACOS)
        -:   82:        usleep(100000);  // 100ms
        -:   83:    #elif defined(MERCURY_WINDOWS)
        -:   84:        Sleep(100);  // 100ms
        -:   85:    #endif
        -:   86:    
    #####:   87:    MercuryTimestamp end_sys = mercury_get_timestamp();
call    0 never executed
        -:   88:    uint64_t end_rdtsc = mercury_rdtsc();
        -:   89:    
    #####:   90:    uint64_t sys_elapsed = end_sys.nanoseconds - start_sys.nanoseconds;
    #####:   91:    uint64_t rdtsc_elapsed = end_rdtsc - start_rdtsc;
        -:   92:    
    #####:   93:    if (sys_elapsed > 0 && rdtsc_elapsed > 0) {
branch  0 never executed
branch  1 never executed
    #####:   94:        mercury_rdtsc_frequency = (rdtsc_elapsed * 1000000000ULL) / sys_elapsed;
    #####:   95:        MERCURY_INFO("RDTSC calibrated: %llu Hz", mercury_rdtsc_frequency);
branch  0 never executed
branch  1 never executed
call    2 never executed
        -:   96:    } else {
    #####:   97:        MERCURY_WARN("RDTSC calibration failed, using fallback timing");
branch  0 never executed
branch  1 never executed
call    2 never executed
    #####:   98:        mercury_rdtsc_frequency = 1;  // Fallback to prevent division by zero
        -:   99:    }
        -:  100:}
------------------
        -:  101:#endif
        -:  102:
        -:  103:// === MEMORY UTILITIES ===
        -:  104:
        -:  105:/**
        -:  106: * @brief Allocate aligned memory for optimal performance
        -:  107: * 
        -:  108: * @details Allocates memory with specified alignment for cache-line optimization
        -:  109: * and SIMD operations. Uses platform-specific functions when available.
        -:  110: * 
        -:  111: * @param size Size in bytes to allocate
        -:  112: * @param alignment Required alignment (must be power of 2)
        -:  113: * @return Pointer to aligned memory or NULL on failure
        -:  114: * 
        -:  115: * @pre alignment must be a power of 2
        -:  116: * @post Memory is aligned to specified boundary
        -:  117: * 
        -:  118: * @warning Caller must free with mercury_aligned_free()
        -:  119: * @note Sets error context on failure
        -:  120: */
  105413*:  121:void* mercury_aligned_alloc(size_t size, size_t alignment) {
  105413*:  122:    if (size == 0 || alignment == 0 || (alignment & (alignment - 1)) != 0) {
      10*:  123:        MERCURY_SET_ERROR(MERCURY_ERROR_INVALID_ARGUMENT, "Invalid size or alignment");
      10*:  124:        return NULL;
        -:  125:    }
        -:  126:    
  105403*:  127:    void* ptr = NULL;
        -:  128:    
        -:  129:#ifdef MERCURY_LINUX
  105403*:  130:    if (posix_memalign(&ptr, alignment, size) != 0) {
       3*:  131:        MERCURY_SET_ERROR(MERCURY_ERROR_OUT_OF_MEMORY, "posix_memalign failed");
       3*:  132:        return NULL;
        -:  133:    }
        -:  134:#elif defined(MERCURY_MACOS)
        -:  135:    if (posix_memalign(&ptr, alignment, size) != 0) {
        -:  136:        MERCURY_SET_ERROR(MERCURY_ERROR_OUT_OF_MEMORY, "posix_memalign failed");
        -:  137:        return NULL;
        -:  138:    }
        -:  139:#elif defined(MERCURY_WINDOWS)
        -:  140:    ptr = _aligned_malloc(size, alignment);
        -:  141:    if (!ptr) {
        -:  142:        MERCURY_SET_ERROR(MERCURY_ERROR_OUT_OF_MEMORY, "_aligned_malloc failed");
        -:  143:        return NULL;
        -:  144:    }
        -:  145:#else
        -:  146:    // Fallback: allocate extra space and align manually
        -:  147:    void* raw_ptr = malloc(size + alignment - 1 + sizeof(void*));
        -:  148:    if (!raw_ptr) {
        -:  149:        MERCURY_SET_ERROR(MERCURY_ERROR_OUT_OF_MEMORY, "malloc failed");
        -:  150:        return NULL;
        -:  151:    }
        -:  152:    
        -:  153:    char* aligned_ptr = (char*)raw_ptr + sizeof(void*);
        -:  154:    aligned_ptr += alignment - ((uintptr_t)aligned_ptr % alignment);
        -:  155:    ((void**)aligned_ptr)[-1] = raw_ptr;  // Store original pointer
        -:  156:    ptr = aligned_ptr;
        -:  157:#endif
        -:  158:    
  105400*:  159:    return ptr;
        -:  160:}
------------------
mercury_aligned_alloc:
function mercury_aligned_alloc called 100002 returned 100% blocks executed 75%
   100002:  121:void* mercury_aligned_alloc(size_t size, size_t alignment) {
   100002:  122:    if (size == 0 || alignment == 0 || (alignment & (alignment - 1)) != 0) {
branch  0 taken 100% (fallthrough)
branch  1 taken 0%
branch  2 taken 0% (fallthrough)
branch  3 taken 100%
    #####:  123:        MERCURY_SET_ERROR(MERCURY_ERROR_INVALID_ARGUMENT, "Invalid size or alignment");
    #####:  124:        return NULL;
        -:  125:    }
        -:  126:    
   100002:  127:    void* ptr = NULL;
        -:  128:    
        -:  129:#ifdef MERCURY_LINUX
   100002:  130:    if (posix_memalign(&ptr, alignment, size) != 0) {
call    0 returned 100%
branch  1 taken 0% (fallthrough)
branch  2 taken 100%
    #####:  131:        MERCURY_SET_ERROR(MERCURY_ERROR_OUT_OF_MEMORY, "posix_memalign failed");
    #####:  132:        return NULL;
        -:  133:    }
        -:  134:#elif defined(MERCURY_MACOS)
        -:  135:    if (posix_memalign(&ptr, alignment, size) != 0) {
        -:  136:        MERCURY_SET_ERROR(MERCURY_ERROR_OUT_OF_MEMORY, "posix_memalign failed");
        -:  137:        return NULL;
        -:  138:    }
        -:  139:#elif defined(MERCURY_WINDOWS)
        -:  140:    ptr = _aligned_malloc(size, alignment);
        -:  141:    if (!ptr) {
        -:  142:        MERCURY_SET_ERROR(MERCURY_ERROR_OUT_OF_MEMORY, "_aligned_malloc failed");
        -:  143:        return NULL;
        -:  144:    }
        -:  145:#else
        -:  146:    // Fallback: allocate extra space and align manually
        -:  147:    void* raw_ptr = malloc(size + alignment - 1 + sizeof(void*));
        -:  148:    if (!raw_ptr) {
        -:  149:        MERCURY_SET_ERROR(MERCURY_ERROR_OUT_OF_MEMORY, "malloc failed");
        -:  150:        return NULL;
        -:  151:    }
        -:  152:    
        -:  153:    char* aligned_ptr = (char*)raw_ptr + sizeof(void*);
        -:  154:    aligned_ptr += alignment - ((uintptr_t)aligned_ptr % alignment);
        -:  155:    ((void**)aligned_ptr)[-1] = raw_ptr;  // Store original pointer
        -:  156:    ptr = aligned_ptr;
        -:  157:#endif
        -:  158:    
   100002:  159:    return ptr;
        -:  160:}
------------------
mercury_aligned_alloc:
function mercury_aligned_alloc called 139 returned 100% blocks executed 100%
      139:  121:void* mercury_aligned_alloc(size_t size, size_t alignment) {
      139:  122:    if (size == 0 || alignment == 0 || (alignment & (alignment - 1)) != 0) {
branch  0 taken 97% (fallthrough)
branch  1 taken 3%
branch  2 taken 2% (fallthrough)
branch  3 taken 98%
        7:  123:        MERCURY_SET_ERROR(MERCURY_ERROR_INVALID_ARGUMENT, "Invalid size or alignment");
        7:  124:        return NULL;
        -:  125:    }
        -:  126:    
      132:  127:    void* ptr = NULL;
        -:  128:    
        -:  129:#ifdef MERCURY_LINUX
      132:  130:    if (posix_memalign(&ptr, alignment, size) != 0) {
call    0 returned 100%
branch  1 taken 2% (fallthrough)
branch  2 taken 98%
        2:  131:        MERCURY_SET_ERROR(MERCURY_ERROR_OUT_OF_MEMORY, "posix_memalign failed");
        2:  132:        return NULL;
        -:  133:    }
        -:  134:#elif defined(MERCURY_MACOS)
        -:  135:    if (posix_memalign(&ptr, alignment, size) != 0) {
        -:  136:        MERCURY_SET_ERROR(MERCURY_ERROR_OUT_OF_MEMORY, "posix_memalign failed");
        -:  137:        return NULL;
        -:  138:    }
        -:  139:#elif defined(MERCURY_WINDOWS)
        -:  140:    ptr = _aligned_malloc(size, alignment);
        -:  141:    if (!ptr) {
        -:  142:        MERCURY_SET_ERROR(MERCURY_ERROR_OUT_OF_MEMORY, "_aligned_malloc failed");
        -:  143:        return NULL;
        -:  144:    }
        -:  145:#else
        -:  146:    // Fallback: allocate extra space and align manually
        -:  147:    void* raw_ptr = malloc(size + alignment - 1 + sizeof(void*));
        -:  148:    if (!raw_ptr) {
        -:  149:        MERCURY_SET_ERROR(MERCURY_ERROR_OUT_OF_MEMORY, "malloc failed");
        -:  150:        return NULL;
        -:  151:    }
        -:  152:    
        -:  153:    char* aligned_ptr = (char*)raw_ptr + sizeof(void*);
        -:  154:    aligned_ptr += alignment - ((uintptr_t)aligned_ptr % alignment);
        -:  155:    ((void**)aligned_ptr)[-1] = raw_ptr;  // Store original pointer
        -:  156:    ptr = aligned_ptr;
        -:  157:#endif
        -:  158:    
      130:  159:    return ptr;
        -:  160:}
------------------
mercury_aligned_alloc:
function mercury_aligned_alloc called 116 returned 100% blocks executed 100%
      116:  121:void* mercury_aligned_alloc(size_t size, size_t alignment) {
      116:  122:    if (size == 0 || alignment == 0 || (alignment & (alignment - 1)) != 0) {
branch  0 taken 98% (fallthrough)
branch  1 taken 2%
branch  2 taken 1% (fallthrough)
branch  3 taken 99%
        3:  123:        MERCURY_SET_ERROR(MERCURY_ERROR_INVALID_ARGUMENT, "Invalid size or alignment");
        3:  124:        return NULL;
        -:  125:    }
        -:  126:    
      113:  127:    void* ptr = NULL;
        -:  128:    
        -:  129:#ifdef MERCURY_LINUX
      113:  130:    if (posix_memalign(&ptr, alignment, size) != 0) {
call    0 returned 100%
branch  1 taken 1% (fallthrough)
branch  2 taken 99%
        1:  131:        MERCURY_SET_ERROR(MERCURY_ERROR_OUT_OF_MEMORY, "posix_memalign failed");
        1:  132:        return NULL;
        -:  133:    }
        -:  134:#elif defined(MERCURY_MACOS)
        -:  135:    if (posix_memalign(&ptr, alignment, size) != 0) {
        -:  136:        MERCURY_SET_ERROR(MERCURY_ERROR_OUT_OF_MEMORY, "posix_memalign failed");
        -:  137:        return NULL;
        -:  138:    }
        -:  139:#elif defined(MERCURY_WINDOWS)
        -:  140:    ptr = _aligned_malloc(size, alignment);
        -:  141:    if (!ptr) {
        -:  142:        MERCURY_SET_ERROR(MERCURY_ERROR_OUT_OF_MEMORY, "_aligned_malloc failed");
        -:  143:        return NULL;
        -:  144:    }
        -:  145:#else
        -:  146:    // Fallback: allocate extra space and align manually
        -:  147:    void* raw_ptr = malloc(size + alignment - 1 + sizeof(void*));
        -:  148:    if (!raw_ptr) {
        -:  149:        MERCURY_SET_ERROR(MERCURY_ERROR_OUT_OF_MEMORY, "malloc failed");
        -:  150:        return NULL;
        -:  151:    }
        -:  152:    
        -:  153:    char* aligned_ptr = (char*)raw_ptr + sizeof(void*);
        -:  154:    aligned_ptr += alignment - ((uintptr_t)aligned_ptr % alignment);
        -:  155:    ((void**)aligned_ptr)[-1] = raw_ptr;  // Store original pointer
        -:  156:    ptr = aligned_ptr;
        -:  157:#endif
        -:  158:    
      112:  159:    return ptr;
        -:  160:}
------------------
mercury_aligned_alloc:
function mercury_aligned_alloc called 19 returned 100% blocks executed 75%
       19:  121:void* mercury_aligned_alloc(size_t size, size_t alignment) {
       19:  122:    if (size == 0 || alignment == 0 || (alignment & (alignment - 1)) != 0) {
branch  0 taken 100% (fallthrough)
branch  1 taken 0%
branch  2 taken 0% (fallthrough)
branch  3 taken 100%
    #####:  123:        MERCURY_SET_ERROR(MERCURY_ERROR_INVALID_ARGUMENT, "Invalid size or alignment");
    #####:  124:        return NULL;
        -:  125:    }
        -:  126:    
       19:  127:    void* ptr = NULL;
        -:  128:    
        -:  129:#ifdef MERCURY_LINUX
       19:  130:    if (posix_memalign(&ptr, alignment, size) != 0) {
call    0 returned 100%
branch  1 taken 0% (fallthrough)
branch  2 taken 100%
    #####:  131:        MERCURY_SET_ERROR(MERCURY_ERROR_OUT_OF_MEMORY, "posix_memalign failed");
    #####:  132:        return NULL;
        -:  133:    }
        -:  134:#elif defined(MERCURY_MACOS)
        -:  135:    if (posix_memalign(&ptr, alignment, size) != 0) {
        -:  136:        MERCURY_SET_ERROR(MERCURY_ERROR_OUT_OF_MEMORY, "posix_memalign failed");
        -:  137:        return NULL;
        -:  138:    }
        -:  139:#elif defined(MERCURY_WINDOWS)
        -:  140:    ptr = _aligned_malloc(size, alignment);
        -:  141:    if (!ptr) {
        -:  142:        MERCURY_SET_ERROR(MERCURY_ERROR_OUT_OF_MEMORY, "_aligned_malloc failed");
        -:  143:        return NULL;
        -:  144:    }
        -:  145:#else
        -:  146:    // Fallback: allocate extra space and align manually
        -:  147:    void* raw_ptr = malloc(size + alignment - 1 + sizeof(void*));
        -:  148:    if (!raw_ptr) {
        -:  149:        MERCURY_SET_ERROR(MERCURY_ERROR_OUT_OF_MEMORY, "malloc failed");
        -:  150:        return NULL;
        -:  151:    }
        -:  152:    
        -:  153:    char* aligned_ptr = (char*)raw_ptr + sizeof(void*);
        -:  154:    aligned_ptr += alignment - ((uintptr_t)aligned_ptr % alignment);
        -:  155:    ((void**)aligned_ptr)[-1] = raw_ptr;  // Store original pointer
        -:  156:    ptr = aligned_ptr;
        -:  157:#endif
        -:  158:    
       19:  159:    return ptr;
        -:  160:}
------------------
mercury_aligned_alloc:
function mercury_aligned_alloc called 0 returned 0% blocks executed 0%
    #####:  121:void* mercury_aligned_alloc(size_t size, size_t alignment) {
    #####:  122:    if (size == 0 || alignment == 0 || (alignment & (alignment - 1)) != 0) {
branch  0 never executed
branch  1 never executed
branch  2 never executed
branch  3 never executed
    #####:  123:        MERCURY_SET_ERROR(MERCURY_ERROR_INVALID_ARGUMENT, "Invalid size or alignment");
    #####:  124:        return NULL;
        -:  125:    }
        -:  126:    
    #####:  127:    void* ptr = NULL;
        -:  128:    
        -:  129:#ifdef MERCURY_LINUX
    #####:  130:    if (posix_memalign(&ptr, alignment, size) != 0) {
call    0 never executed
branch  1 never executed
branch  2 never executed
    #####:  131:        MERCURY_SET_ERROR(MERCURY_ERROR_OUT_OF_MEMORY, "posix_memalign failed");
    #####:  132:        return NULL;
        -:  133:    }
        -:  134:#elif defined(MERCURY_MACOS)
        -:  135:    if (posix_memalign(&ptr, alignment, size) != 0) {
        -:  136:        MERCURY_SET_ERROR(MERCURY_ERROR_OUT_OF_MEMORY, "posix_memalign failed");
        -:  137:        return NULL;
        -:  138:    }
        -:  139:#elif defined(MERCURY_WINDOWS)
        -:  140:    ptr = _aligned_malloc(size, alignment);
        -:  141:    if (!ptr) {
        -:  142:        MERCURY_SET_ERROR(MERCURY_ERROR_OUT_OF_MEMORY, "_aligned_malloc failed");
        -:  143:        return NULL;
        -:  144:    }
        -:  145:#else
        -:  146:    // Fallback: allocate extra space and align manually
        -:  147:    void* raw_ptr = malloc(size + alignment - 1 + sizeof(void*));
        -:  148:    if (!raw_ptr) {
        -:  149:        MERCURY_SET_ERROR(MERCURY_ERROR_OUT_OF_MEMORY, "malloc failed");
        -:  150:        return NULL;
        -:  151:    }
        -:  152:    
        -:  153:    char* aligned_ptr = (char*)raw_ptr + sizeof(void*);
        -:  154:    aligned_ptr += alignment - ((uintptr_t)aligned_ptr % alignment);
        -:  155:    ((void**)aligned_ptr)[-1] = raw_ptr;  // Store original pointer
        -:  156:    ptr = aligned_ptr;
        -:  157:#endif
        -:  158:    
    #####:  159:    return ptr;
        -:  160:}
------------------
mercury_aligned_alloc:
function mercury_aligned_alloc called 123 returned 100% blocks executed 75%
      123:  121:void* mercury_aligned_alloc(size_t size, size_t alignment) {
      123:  122:    if (size == 0 || alignment == 0 || (alignment & (alignment - 1)) != 0) {
branch  0 taken 100% (fallthrough)
branch  1 taken 0%
branch  2 taken 0% (fallthrough)
branch  3 taken 100%
    #####:  123:        MERCURY_SET_ERROR(MERCURY_ERROR_INVALID_ARGUMENT, "Invalid size or alignment");
    #####:  124:        return NULL;
        -:  125:    }
        -:  126:    
      123:  127:    void* ptr = NULL;
        -:  128:    
        -:  129:#ifdef MERCURY_LINUX
      123:  130:    if (posix_memalign(&ptr, alignment, size) != 0) {
call    0 returned 100%
branch  1 taken 0% (fallthrough)
branch  2 taken 100%
    #####:  131:        MERCURY_SET_ERROR(MERCURY_ERROR_OUT_OF_MEMORY, "posix_memalign failed");
    #####:  132:        return NULL;
        -:  133:    }
        -:  134:#elif defined(MERCURY_MACOS)
        -:  135:    if (posix_memalign(&ptr, alignment, size) != 0) {
        -:  136:        MERCURY_SET_ERROR(MERCURY_ERROR_OUT_OF_MEMORY, "posix_memalign failed");
        -:  137:        return NULL;
        -:  138:    }
        -:  139:#elif defined(MERCURY_WINDOWS)
        -:  140:    ptr = _aligned_malloc(size, alignment);
        -:  141:    if (!ptr) {
        -:  142:        MERCURY_SET_ERROR(MERCURY_ERROR_OUT_OF_MEMORY, "_aligned_malloc failed");
        -:  143:        return NULL;
        -:  144:    }
        -:  145:#else
        -:  146:    // Fallback: allocate extra space and align manually
        -:  147:    void* raw_ptr = malloc(size + alignment - 1 + sizeof(void*));
        -:  148:    if (!raw_ptr) {
        -:  149:        MERCURY_SET_ERROR(MERCURY_ERROR_OUT_OF_MEMORY, "malloc failed");
        -:  150:        return NULL;
        -:  151:    }
        -:  152:    
        -:  153:    char* aligned_ptr = (char*)raw_ptr + sizeof(void*);
        -:  154:    aligned_ptr += alignment - ((uintptr_t)aligned_ptr % alignment);
        -:  155:    ((void**)aligned_ptr)[-1] = raw_ptr;  // Store original pointer
        -:  156:    ptr = aligned_ptr;
        -:  157:#endif
        -:  158:    
      123:  159:    return ptr;
        -:  160:}
------------------
mercury_aligned_alloc:
function mercury_aligned_alloc called 2504 returned 100% blocks executed 75%
     2504:  121:void* mercury_aligned_alloc(size_t size, size_t alignment) {
     2504:  122:    if (size == 0 || alignment == 0 || (alignment & (alignment - 1)) != 0) {
branch  0 taken 100% (fallthrough)
branch  1 taken 0%
branch  2 taken 0% (fallthrough)
branch  3 taken 100%
    #####:  123:        MERCURY_SET_ERROR(MERCURY_ERROR_INVALID_ARGUMENT, "Invalid size or alignment");
    #####:  124:        return NULL;
        -:  125:    }
        -:  126:    
     2504:  127:    void* ptr = NULL;
        -:  128:    
        -:  129:#ifdef MERCURY_LINUX
     2504:  130:    if (posix_memalign(&ptr, alignment, size) != 0) {
call    0 returned 100%
branch  1 taken 0% (fallthrough)
branch  2 taken 100%
    #####:  131:        MERCURY_SET_ERROR(MERCURY_ERROR_OUT_OF_MEMORY, "posix_memalign failed");
    #####:  132:        return NULL;
        -:  133:    }
        -:  134:#elif defined(MERCURY_MACOS)
        -:  135:    if (posix_memalign(&ptr, alignment, size) != 0) {
        -:  136:        MERCURY_SET_ERROR(MERCURY_ERROR_OUT_OF_MEMORY, "posix_memalign failed");
        -:  137:        return NULL;
        -:  138:    }
        -:  139:#elif defined(MERCURY_WINDOWS)
        -:  140:    ptr = _aligned_malloc(size, alignment);
        -:  141:    if (!ptr) {
        -:  142:        MERCURY_SET_ERROR(MERCURY_ERROR_OUT_OF_MEMORY, "_aligned_malloc failed");
        -:  143:        return NULL;
        -:  144:    }
        -:  145:#else
        -:  146:    // Fallback: allocate extra space and align manually
        -:  147:    void* raw_ptr = malloc(size + alignment - 1 + sizeof(void*));
        -:  148:    if (!raw_ptr) {
        -:  149:        MERCURY_SET_ERROR(MERCURY_ERROR_OUT_OF_MEMORY, "malloc failed");
        -:  150:        return NULL;
        -:  151:    }
        -:  152:    
        -:  153:    char* aligned_ptr = (char*)raw_ptr + sizeof(void*);
        -:  154:    aligned_ptr += alignment - ((uintptr_t)aligned_ptr % alignment);
        -:  155:    ((void**)aligned_ptr)[-1] = raw_ptr;  // Store original pointer
        -:  156:    ptr = aligned_ptr;
        -:  157:#endif
        -:  158:    
     2504:  159:    return ptr;
        -:  160:}
------------------
mercury_aligned_alloc:
function mercury_aligned_alloc called 2504 returned 100% blocks executed 75%
     2504:  121:void* mercury_aligned_alloc(size_t size, size_t alignment) {
     2504:  122:    if (size == 0 || alignment == 0 || (alignment & (alignment - 1)) != 0) {
branch  0 taken 100% (fallthrough)
branch  1 taken 0%
branch  2 taken 0% (fallthrough)
branch  3 taken 100%
    #####:  123:        MERCURY_SET_ERROR(MERCURY_ERROR_INVALID_ARGUMENT, "Invalid size or alignment");
    #####:  124:        return NULL;
        -:  125:    }
        -:  126:    
     2504:  127:    void* ptr = NULL;
        -:  128:    
        -:  129:#ifdef MERCURY_LINUX
     2504:  130:    if (posix_memalign(&ptr, alignment, size) != 0) {
call    0 returned 100%
branch  1 taken 0% (fallthrough)
branch  2 taken 100%
    #####:  131:        MERCURY_SET_ERROR(MERCURY_ERROR_OUT_OF_MEMORY, "posix_memalign failed");
    #####:  132:        return NULL;
        -:  133:    }
        -:  134:#elif defined(MERCURY_MACOS)
        -:  135:    if (posix_memalign(&ptr, alignment, size) != 0) {
        -:  136:        MERCURY_SET_ERROR(MERCURY_ERROR_OUT_OF_MEMORY, "posix_memalign failed");
        -:  137:        return NULL;
        -:  138:    }
        -:  139:#elif defined(MERCURY_WINDOWS)
        -:  140:    ptr = _aligned_malloc(size, alignment);
        -:  141:    if (!ptr) {
        -:  142:        MERCURY_SET_ERROR(MERCURY_ERROR_OUT_OF_MEMORY, "_aligned_malloc failed");
        -:  143:        return NULL;
        -:  144:    }
        -:  145:#else
        -:  146:    // Fallback: allocate extra space and align manually
        -:  147:    void* raw_ptr = malloc(size + alignment - 1 + sizeof(void*));
        -:  148:    if (!raw_ptr) {
        -:  149:        MERCURY_SET_ERROR(MERCURY_ERROR_OUT_OF_MEMORY, "malloc failed");
        -:  150:        return NULL;
        -:  151:    }
        -:  152:    
        -:  153:    char* aligned_ptr = (char*)raw_ptr + sizeof(void*);
        -:  154:    aligned_ptr += alignment - ((uintptr_t)aligned_ptr % alignment);
        -:  155:    ((void**)aligned_ptr)[-1] = raw_ptr;  // Store original pointer
        -:  156:    ptr = aligned_ptr;
        -:  157:#endif
        -:  158:    
     2504:  159:    return ptr;
        -:  160:}
------------------
mercury_aligned_alloc:
function mercury_aligned_alloc called 2 returned 100% blocks executed 75%
        2:  121:void* mercury_aligned_alloc(size_t size, size_t alignment) {
        2:  122:    if (size == 0 || alignment == 0 || (alignment & (alignment - 1)) != 0) {
branch  0 taken 100% (fallthrough)
branch  1 taken 0%
branch  2 taken 0% (fallthrough)
branch  3 taken 100%
    #####:  123:        MERCURY_SET_ERROR(MERCURY_ERROR_INVALID_ARGUMENT, "Invalid size or alignment");
    #####:  124:        return NULL;
        -:  125:    }
        -:  126:    
        2:  127:    void* ptr = NULL;
        -:  128:    
        -:  129:#ifdef MERCURY_LINUX
        2:  130:    if (posix_memalign(&ptr, alignment, size) != 0) {
call    0 returned 100%
branch  1 taken 0% (fallthrough)
branch  2 taken 100%
    #####:  131:        MERCURY_SET_ERROR(MERCURY_ERROR_OUT_OF_MEMORY, "posix_memalign failed");
    #####:  132:        return NULL;
        -:  133:    }
        -:  134:#elif defined(MERCURY_MACOS)
        -:  135:    if (posix_memalign(&ptr, alignment, size) != 0) {
        -:  136:        MERCURY_SET_ERROR(MERCURY_ERROR_OUT_OF_MEMORY, "posix_memalign failed");
        -:  137:        return NULL;
        -:  138:    }
        -:  139:#elif defined(MERCURY_WINDOWS)
        -:  140:    ptr = _aligned_malloc(size, alignment);
        -:  141:    if (!ptr) {
        -:  142:        MERCURY_SET_ERROR(MERCURY_ERROR_OUT_OF_MEMORY, "_aligned_malloc failed");
        -:  143:        return NULL;
        -:  144:    }
        -:  145:#else
        -:  146:    // Fallback: allocate extra space and align manually
        -:  147:    void* raw_ptr = malloc(size + alignment - 1 + sizeof(void*));
        -:  148:    if (!raw_ptr) {
        -:  149:        MERCURY_SET_ERROR(MERCURY_ERROR_OUT_OF_MEMORY, "malloc failed");
        -:  150:        return NULL;
        -:  151:    }
        -:  152:    
        -:  153:    char* aligned_ptr = (char*)raw_ptr + sizeof(void*);
        -:  154:    aligned_ptr += alignment - ((uintptr_t)aligned_ptr % alignment);
        -:  155:    ((void**)aligned_ptr)[-1] = raw_ptr;  // Store original pointer
        -:  156:    ptr = aligned_ptr;
        -:  157:#endif
        -:  158:    
        2:  159:    return ptr;
        -:  160:}
------------------
mercury_aligned_alloc:
function mercury_aligned_alloc called 2 returned 100% blocks executed 75%
        2:  121:void* mercury_aligned_alloc(size_t size, size_t alignment) {
        2:  122:    if (size == 0 || alignment == 0 || (alignment & (alignment - 1)) != 0) {
branch  0 taken 100% (fallthrough)
branch  1 taken 0%
branch  2 taken 0% (fallthrough)
branch  3 taken 100%
    #####:  123:        MERCURY_SET_ERROR(MERCURY_ERROR_INVALID_ARGUMENT, "Invalid size or alignment");
    #####:  124:        return NULL;
        -:  125:    }
        -:  126:    
        2:  127:    void* ptr = NULL;
        -:  128:    
        -:  129:#ifdef MERCURY_LINUX
        2:  130:    if (posix_memalign(&ptr, alignment, size) != 0) {
call    0 returned 100%
branch  1 taken 0% (fallthrough)
branch  2 taken 100%
    #####:  131:        MERCURY_SET_ERROR(MERCURY_ERROR_OUT_OF_MEMORY, "posix_memalign failed");
    #####:  132:        return NULL;
        -:  133:    }
        -:  134:#elif defined(MERCURY_MACOS)
        -:  135:    if (posix_memalign(&ptr, alignment, size) != 0) {
        -:  136:        MERCURY_SET_ERROR(MERCURY_ERROR_OUT_OF_MEMORY, "posix_memalign failed");
        -:  137:        return NULL;
        -:  138:    }
        -:  139:#elif defined(MERCURY_WINDOWS)
        -:  140:    ptr = _aligned_malloc(size, alignment);
        -:  141:    if (!ptr) {
        -:  142:        MERCURY_SET_ERROR(MERCURY_ERROR_OUT_OF_MEMORY, "_aligned_malloc failed");
        -:  143:        return NULL;
        -:  144:    }
        -:  145:#else
        -:  146:    // Fallback: allocate extra space and align manually
        -:  147:    void* raw_ptr = malloc(size + alignment - 1 + sizeof(void*));
        -:  148:    if (!raw_ptr) {
        -:  149:        MERCURY_SET_ERROR(MERCURY_ERROR_OUT_OF_MEMORY, "malloc failed");
        -:  150:        return NULL;
        -:  151:    }
        -:  152:    
        -:  153:    char* aligned_ptr = (char*)raw_ptr + sizeof(void*);
        -:  154:    aligned_ptr += alignment - ((uintptr_t)aligned_ptr % alignment);
        -:  155:    ((void**)aligned_ptr)[-1] = raw_ptr;  // Store original pointer
        -:  156:    ptr = aligned_ptr;
        -:  157:#endif
        -:  158:    
        2:  159:    return ptr;
        -:  160:}
------------------
mercury_aligned_alloc:
function mercury_aligned_alloc called 2 returned 100% blocks executed 75%
        2:  121:void* mercury_aligned_alloc(size_t size, size_t alignment) {
        2:  122:    if (size == 0 || alignment == 0 || (alignment & (alignment - 1)) != 0) {
branch  0 taken 100% (fallthrough)
branch  1 taken 0%
branch  2 taken 0% (fallthrough)
branch  3 taken 100%
    #####:  123:        MERCURY_SET_ERROR(MERCURY_ERROR_INVALID_ARGUMENT, "Invalid size or alignment");
    #####:  124:        return NULL;
        -:  125:    }
        -:  126:    
        2:  127:    void* ptr = NULL;
        -:  128:    
        -:  129:#ifdef MERCURY_LINUX
        2:  130:    if (posix_memalign(&ptr, alignment, size) != 0) {
call    0 returned 100%
branch  1 taken 0% (fallthrough)
branch  2 taken 100%
    #####:  131:        MERCURY_SET_ERROR(MERCURY_ERROR_OUT_OF_MEMORY, "posix_memalign failed");
    #####:  132:        return NULL;
        -:  133:    }
        -:  134:#elif defined(MERCURY_MACOS)
        -:  135:    if (posix_memalign(&ptr, alignment, size) != 0) {
        -:  136:        MERCURY_SET_ERROR(MERCURY_ERROR_OUT_OF_MEMORY, "posix_memalign failed");
        -:  137:        return NULL;
        -:  138:    }
        -:  139:#elif defined(MERCURY_WINDOWS)
        -:  140:    ptr = _aligned_malloc(size, alignment);
        -:  141:    if (!ptr) {
        -:  142:        MERCURY_SET_ERROR(MERCURY_ERROR_OUT_OF_MEMORY, "_aligned_malloc failed");
        -:  143:        return NULL;
        -:  144:    }
        -:  145:#else
        -:  146:    // Fallback: allocate extra space and align manually
        -:  147:    void* raw_ptr = malloc(size + alignment - 1 + sizeof(void*));
        -:  148:    if (!raw_ptr) {
        -:  149:        MERCURY_SET_ERROR(MERCURY_ERROR_OUT_OF_MEMORY, "malloc failed");
        -:  150:        return NULL;
        -:  151:    }
        -:  152:    
        -:  153:    char* aligned_ptr = (char*)raw_ptr + sizeof(void*);
        -:  154:    aligned_ptr += alignment - ((uintptr_t)aligned_ptr % alignment);
        -:  155:    ((void**)aligned_ptr)[-1] = raw_ptr;  // Store original pointer
        -:  156:    ptr = aligned_ptr;
        -:  157:#endif
        -:  158:    
        2:  159:    return ptr;
        -:  160:}
------------------
        -:  161:
        -:  162:/**
        -:  163: * @brief Free memory allocated with mercury_aligned_alloc
        -:  164: * 
        -:  165: * @param ptr Pointer returned by mercury_aligned_alloc (may be NULL)
        -:  166: * 
        -:  167: * @warning Only use with memory from mercury_aligned_alloc
        -:  168: * @note Safe to call with NULL pointer
        -:  169: */
  105401*:  170:void mercury_aligned_free(void* ptr) {
  105401*:  171:    if (!ptr) return;
        -:  172:    
        -:  173:#ifdef MERCURY_LINUX
  105400*:  174:    free(ptr);
        -:  175:#elif defined(MERCURY_MACOS)
        -:  176:    free(ptr);
        -:  177:#elif defined(MERCURY_WINDOWS)
        -:  178:    _aligned_free(ptr);
        -:  179:#else
        -:  180:    // Fallback: retrieve original pointer and free
        -:  181:    void* raw_ptr = ((void**)ptr)[-1];
        -:  182:    free(raw_ptr);
        -:  183:#endif
        -:  184:}
------------------
mercury_aligned_free:
function mercury_aligned_free called 100002 returned 100% blocks executed 100%
   100002:  170:void mercury_aligned_free(void* ptr) {
   100002:  171:    if (!ptr) return;
branch  0 taken 100% (fallthrough)
branch  1 taken 0%
        -:  172:    
        -:  173:#ifdef MERCURY_LINUX
   100002:  174:    free(ptr);
        -:  175:#elif defined(MERCURY_MACOS)
        -:  176:    free(ptr);
        -:  177:#elif defined(MERCURY_WINDOWS)
        -:  178:    _aligned_free(ptr);
        -:  179:#else
        -:  180:    // Fallback: retrieve original pointer and free
        -:  181:    void* raw_ptr = ((void**)ptr)[-1];
        -:  182:    free(raw_ptr);
        -:  183:#endif
        -:  184:}
------------------
mercury_aligned_free:
function mercury_aligned_free called 131 returned 100% blocks executed 100%
      131:  170:void mercury_aligned_free(void* ptr) {
      131:  171:    if (!ptr) return;
branch  0 taken 99% (fallthrough)
branch  1 taken 1%
        -:  172:    
        -:  173:#ifdef MERCURY_LINUX
      130:  174:    free(ptr);
        -:  175:#elif defined(MERCURY_MACOS)
        -:  176:    free(ptr);
        -:  177:#elif defined(MERCURY_WINDOWS)
        -:  178:    _aligned_free(ptr);
        -:  179:#else
        -:  180:    // Fallback: retrieve original pointer and free
        -:  181:    void* raw_ptr = ((void**)ptr)[-1];
        -:  182:    free(raw_ptr);
        -:  183:#endif
        -:  184:}
------------------
mercury_aligned_free:
function mercury_aligned_free called 112 returned 100% blocks executed 100%
      112:  170:void mercury_aligned_free(void* ptr) {
      112:  171:    if (!ptr) return;
branch  0 taken 100% (fallthrough)
branch  1 taken 0%
        -:  172:    
        -:  173:#ifdef MERCURY_LINUX
      112:  174:    free(ptr);
        -:  175:#elif defined(MERCURY_MACOS)
        -:  176:    free(ptr);
        -:  177:#elif defined(MERCURY_WINDOWS)
        -:  178:    _aligned_free(ptr);
        -:  179:#else
        -:  180:    // Fallback: retrieve original pointer and free
        -:  181:    void* raw_ptr = ((void**)ptr)[-1];
        -:  182:    free(raw_ptr);
        -:  183:#endif
        -:  184:}
------------------
mercury_aligned_free:
function mercury_aligned_free called 19 returned 100% blocks executed 100%
       19:  170:void mercury_aligned_free(void* ptr) {
       19:  171:    if (!ptr) return;
branch  0 taken 100% (fallthrough)
branch  1 taken 0%
        -:  172:    
        -:  173:#ifdef MERCURY_LINUX
       19:  174:    free(ptr);
        -:  175:#elif defined(MERCURY_MACOS)
        -:  176:    free(ptr);
        -:  177:#elif defined(MERCURY_WINDOWS)
        -:  178:    _aligned_free(ptr);
        -:  179:#else
        -:  180:    // Fallback: retrieve original pointer and free
        -:  181:    void* raw_ptr = ((void**)ptr)[-1];
        -:  182:    free(raw_ptr);
        -:  183:#endif
        -:  184:}
------------------
mercury_aligned_free:
function mercury_aligned_free called 0 returned 0% blocks executed 0%
    #####:  170:void mercury_aligned_free(void* ptr) {
    #####:  171:    if (!ptr) return;
branch  0 never executed
branch  1 never executed
        -:  172:    
        -:  173:#ifdef MERCURY_LINUX
    #####:  174:    free(ptr);
        -:  175:#elif defined(MERCURY_MACOS)
        -:  176:    free(ptr);
        -:  177:#elif defined(MERCURY_WINDOWS)
        -:  178:    _aligned_free(ptr);
        -:  179:#else
        -:  180:    // Fallback: retrieve original pointer and free
        -:  181:    void* raw_ptr = ((void**)ptr)[-1];
        -:  182:    free(raw_ptr);
        -:  183:#endif
        -:  184:}
------------------
mercury_aligned_free:
function mercury_aligned_free called 123 returned 100% blocks executed 100%
      123:  170:void mercury_aligned_free(void* ptr) {
      123:  171:    if (!ptr) return;
branch  0 taken 100% (fallthrough)
branch  1 taken 0%
        -:  172:    
        -:  173:#ifdef MERCURY_LINUX
      123:  174:    free(ptr);
        -:  175:#elif defined(MERCURY_MACOS)
        -:  176:    free(ptr);
        -:  177:#elif defined(MERCURY_WINDOWS)
        -:  178:    _aligned_free(ptr);
        -:  179:#else
        -:  180:    // Fallback: retrieve original pointer and free
        -:  181:    void* raw_ptr = ((void**)ptr)[-1];
        -:  182:    free(raw_ptr);
        -:  183:#endif
        -:  184:}
------------------
mercury_aligned_free:
function mercury_aligned_free called 2504 returned 100% blocks executed 100%
     2504:  170:void mercury_aligned_free(void* ptr) {
     2504:  171:    if (!ptr) return;
branch  0 taken 100% (fallthrough)
branch  1 taken 0%
        -:  172:    
        -:  173:#ifdef MERCURY_LINUX
     2504:  174:    free(ptr);
        -:  175:#elif defined(MERCURY_MACOS)
        -:  176:    free(ptr);
        -:  177:#elif defined(MERCURY_WINDOWS)
        -:  178:    _aligned_free(ptr);
        -:  179:#else
        -:  180:    // Fallback: retrieve original pointer and free
        -:  181:    void* raw_ptr = ((void**)ptr)[-1];
        -:  182:    free(raw_ptr);
        -:  183:#endif
        -:  184:}
------------------
mercury_aligned_free:
function mercury_aligned_free called 2504 returned 100% blocks executed 100%
     2504:  170:void mercury_aligned_free(void* ptr) {
     2504:  171:    if (!ptr) return;
branch  0 taken 100% (fallthrough)
branch  1 taken 0%
        -:  172:    
        -:  173:#ifdef MERCURY_LINUX
     2504:  174:    free(ptr);
        -:  175:#elif defined(MERCURY_MACOS)
        -:  176:    free(ptr);
        -:  177:#elif defined(MERCURY_WINDOWS)
        -:  178:    _aligned_free(ptr);
        -:  179:#else
        -:  180:    // Fallback: retrieve original pointer and free
        -:  181:    void* raw_ptr = ((void**)ptr)[-1];
        -:  182:    free(raw_ptr);
        -:  183:#endif
        -:  184:}
------------------
mercury_aligned_free:
function mercury_aligned_free called 2 returned 100% blocks executed 100%
        2:  170:void mercury_aligned_free(void* ptr) {
        2:  171:    if (!ptr) return;
branch  0 taken 100% (fallthrough)
branch  1 taken 0%
        -:  172:    
        -:  173:#ifdef MERCURY_LINUX
        2:  174:    free(ptr);
        -:  175:#elif defined(MERCURY_MACOS)
        -:  176:    free(ptr);
        -:  177:#elif defined(MERCURY_WINDOWS)
        -:  178:    _aligned_free(ptr);
        -:  179:#else
        -:  180:    // Fallback: retrieve original pointer and free
        -:  181:    void* raw_ptr = ((void**)ptr)[-1];
        -:  182:    free(raw_ptr);
        -:  183:#endif
        -:  184:}
------------------
mercury_aligned_free:
function mercury_aligned_free called 2 returned 100% blocks executed 100%
        2:  170:void mercury_aligned_free(void* ptr) {
        2:  171:    if (!ptr) return;
branch  0 taken 100% (fallthrough)
branch  1 taken 0%
        -:  172:    
        -:  173:#ifdef MERCURY_LINUX
        2:  174:    free(ptr);
        -:  175:#elif defined(MERCURY_MACOS)
        -:  176:    free(ptr);
        -:  177:#elif defined(MERCURY_WINDOWS)
        -:  178:    _aligned_free(ptr);
        -:  179:#else
        -:  180:    // Fallback: retrieve original pointer and free
        -:  181:    void* raw_ptr = ((void**)ptr)[-1];
        -:  182:    free(raw_ptr);
        -:  183:#endif
        -:  184:}
------------------
mercury_aligned_free:
function mercury_aligned_free called 2 returned 100% blocks executed 100%
        2:  170:void mercury_aligned_free(void* ptr) {
        2:  171:    if (!ptr) return;
branch  0 taken 100% (fallthrough)
branch  1 taken 0%
        -:  172:    
        -:  173:#ifdef MERCURY_LINUX
        2:  174:    free(ptr);
        -:  175:#elif defined(MERCURY_MACOS)
        -:  176:    free(ptr);
        -:  177:#elif defined(MERCURY_WINDOWS)
        -:  178:    _aligned_free(ptr);
        -:  179:#else
        -:  180:    // Fallback: retrieve original pointer and free
        -:  181:    void* raw_ptr = ((void**)ptr)[-1];
        -:  182:    free(raw_ptr);
        -:  183:#endif
        -:  184:}
------------------
        -:  185:
        -:  186:// === RING BUFFER IMPLEMENTATION ===
        -:  187:
        -:  188:/**
        -:  189: * @brief Create a lock-free ring buffer for high-performance data exchange
        -:  190: * 
        -:  191: * @details Creates a cache-aligned ring buffer with atomic operations for
        -:  192: * thread-safe producer-consumer patterns. Optimized for high-throughput
        -:  193: * with minimal contention.
        -:  194: * 
        -:  195: * @param element_size Size of each element in bytes
        -:  196: * @param capacity Maximum number of elements the buffer can hold
        -:  197: * @return Pointer to ring buffer or NULL on failure
        -:  198: * 
        -:  199: * @pre element_size > 0 and capacity > 0
        -:  200: * @post Ring buffer is initialized and ready for use
        -:  201: * 
        -:  202: * @warning Caller must call mercury_ring_buffer_destroy() to free
        -:  203: * @note Limited to 1GB total size to prevent accidental huge allocations
        -:  204: */
      13*:  205:MercuryRingBuffer* mercury_ring_buffer_create(size_t element_size, size_t capacity) {
      13*:  206:    if (element_size == 0 || capacity == 0) {
       4*:  207:        MERCURY_SET_ERROR(MERCURY_ERROR_INVALID_ARGUMENT, "Invalid element size or capacity");
       4*:  208:        return NULL;
        -:  209:    }
        -:  210:    
        -:  211:    // Check for overflow in size calculation
        -:  212:    size_t total_size;
       9*:  213:    if (!mercury_safe_mul_size(element_size, capacity, &total_size)) {
    #####:  214:        MERCURY_SET_ERROR(MERCURY_ERROR_INVALID_ARGUMENT, 
        -:  215:                         "Buffer size would overflow");
    #####:  216:        return NULL;
        -:  217:    }
        -:  218:    
        -:  219:    // Sanity check: limit to 1GB to prevent accidental huge allocations
       9*:  220:    if (total_size > (1ULL << 30)) {
       1*:  221:        MERCURY_SET_ERROR(MERCURY_ERROR_INVALID_ARGUMENT, 
        -:  222:                         "Buffer size too large (max 1GB)");
       1*:  223:        return NULL;
        -:  224:    }
        -:  225:    
       8*:  226:    MercuryRingBuffer* buffer = mercury_aligned_alloc(sizeof(MercuryRingBuffer), 64);
       8*:  227:    if (!buffer) {
    #####:  228:        MERCURY_SET_ERROR(MERCURY_ERROR_OUT_OF_MEMORY, 
        -:  229:                         "Failed to allocate ring buffer structure");
    #####:  230:        return NULL;
        -:  231:    }
        -:  232:    
       8*:  233:    buffer->data = mercury_aligned_alloc(total_size, 64);
       8*:  234:    if (!buffer->data) {
    #####:  235:        mercury_aligned_free(buffer);
    #####:  236:        MERCURY_SET_ERROR(MERCURY_ERROR_OUT_OF_MEMORY, 
        -:  237:                         "Failed to allocate ring buffer data");
    #####:  238:        return NULL;
        -:  239:    }
        -:  240:    
       8*:  241:    buffer->element_size = element_size;
       8*:  242:    buffer->capacity = capacity;
       8*:  243:    atomic_store(&buffer->head, 0);
       8*:  244:    atomic_store(&buffer->tail, 0);
       8*:  245:    atomic_store(&buffer->count, 0);
        -:  246:    
       8*:  247:    return buffer;
        -:  248:}
------------------
mercury_ring_buffer_create:
function mercury_ring_buffer_create called 1 returned 100% blocks executed 65%
        1:  205:MercuryRingBuffer* mercury_ring_buffer_create(size_t element_size, size_t capacity) {
        1:  206:    if (element_size == 0 || capacity == 0) {
branch  0 taken 0% (fallthrough)
branch  1 taken 100%
    #####:  207:        MERCURY_SET_ERROR(MERCURY_ERROR_INVALID_ARGUMENT, "Invalid element size or capacity");
    #####:  208:        return NULL;
        -:  209:    }
        -:  210:    
        -:  211:    // Check for overflow in size calculation
        -:  212:    size_t total_size;
        1:  213:    if (!mercury_safe_mul_size(element_size, capacity, &total_size)) {
branch  0 taken 0% (fallthrough)
branch  1 taken 100%
    #####:  214:        MERCURY_SET_ERROR(MERCURY_ERROR_INVALID_ARGUMENT, 
        -:  215:                         "Buffer size would overflow");
    #####:  216:        return NULL;
        -:  217:    }
        -:  218:    
        -:  219:    // Sanity check: limit to 1GB to prevent accidental huge allocations
        1:  220:    if (total_size > (1ULL << 30)) {
branch  0 taken 0% (fallthrough)
branch  1 taken 100%
    #####:  221:        MERCURY_SET_ERROR(MERCURY_ERROR_INVALID_ARGUMENT, 
        -:  222:                         "Buffer size too large (max 1GB)");
    #####:  223:        return NULL;
        -:  224:    }
        -:  225:    
        1:  226:    MercuryRingBuffer* buffer = mercury_aligned_alloc(sizeof(MercuryRingBuffer), 64);
call    0 returned 100%
        1:  227:    if (!buffer) {
branch  0 taken 0% (fallthrough)
branch  1 taken 100%
    #####:  228:        MERCURY_SET_ERROR(MERCURY_ERROR_OUT_OF_MEMORY, 
        -:  229:                         "Failed to allocate ring buffer structure");
    #####:  230:        return NULL;
        -:  231:    }
        -:  232:    
        1:  233:    buffer->data = mercury_aligned_alloc(total_size, 64);
call    0 returned 100%
        1:  234:    if (!buffer->data) {
branch  0 taken 0% (fallthrough)
branch  1 taken 100%
    #####:  235:        mercury_aligned_free(buffer);
call    0 never executed
    #####:  236:        MERCURY_SET_ERROR(MERCURY_ERROR_OUT_OF_MEMORY, 
        -:  237:                         "Failed to allocate ring buffer data");
    #####:  238:        return NULL;
        -:  239:    }
        -:  240:    
        1:  241:    buffer->element_size = element_size;
        1:  242:    buffer->capacity = capacity;
        1:  243:    atomic_store(&buffer->head, 0);
        1:  244:    atomic_store(&buffer->tail, 0);
        1:  245:    atomic_store(&buffer->count, 0);
        -:  246:    
        1:  247:    return buffer;
        -:  248:}
------------------
mercury_ring_buffer_create:
function mercury_ring_buffer_create called 8 returned 100% blocks executed 76%
        8:  205:MercuryRingBuffer* mercury_ring_buffer_create(size_t element_size, size_t capacity) {
        8:  206:    if (element_size == 0 || capacity == 0) {
branch  0 taken 50% (fallthrough)
branch  1 taken 50%
        4:  207:        MERCURY_SET_ERROR(MERCURY_ERROR_INVALID_ARGUMENT, "Invalid element size or capacity");
        4:  208:        return NULL;
        -:  209:    }
        -:  210:    
        -:  211:    // Check for overflow in size calculation
        -:  212:    size_t total_size;
        4:  213:    if (!mercury_safe_mul_size(element_size, capacity, &total_size)) {
branch  0 taken 0% (fallthrough)
branch  1 taken 100%
    #####:  214:        MERCURY_SET_ERROR(MERCURY_ERROR_INVALID_ARGUMENT, 
        -:  215:                         "Buffer size would overflow");
    #####:  216:        return NULL;
        -:  217:    }
        -:  218:    
        -:  219:    // Sanity check: limit to 1GB to prevent accidental huge allocations
        4:  220:    if (total_size > (1ULL << 30)) {
branch  0 taken 25% (fallthrough)
branch  1 taken 75%
        1:  221:        MERCURY_SET_ERROR(MERCURY_ERROR_INVALID_ARGUMENT, 
        -:  222:                         "Buffer size too large (max 1GB)");
        1:  223:        return NULL;
        -:  224:    }
        -:  225:    
        3:  226:    MercuryRingBuffer* buffer = mercury_aligned_alloc(sizeof(MercuryRingBuffer), 64);
call    0 returned 100%
        3:  227:    if (!buffer) {
branch  0 taken 0% (fallthrough)
branch  1 taken 100%
    #####:  228:        MERCURY_SET_ERROR(MERCURY_ERROR_OUT_OF_MEMORY, 
        -:  229:                         "Failed to allocate ring buffer structure");
    #####:  230:        return NULL;
        -:  231:    }
        -:  232:    
        3:  233:    buffer->data = mercury_aligned_alloc(total_size, 64);
call    0 returned 100%
        3:  234:    if (!buffer->data) {
branch  0 taken 0% (fallthrough)
branch  1 taken 100%
    #####:  235:        mercury_aligned_free(buffer);
call    0 never executed
    #####:  236:        MERCURY_SET_ERROR(MERCURY_ERROR_OUT_OF_MEMORY, 
        -:  237:                         "Failed to allocate ring buffer data");
    #####:  238:        return NULL;
        -:  239:    }
        -:  240:    
        3:  241:    buffer->element_size = element_size;
        3:  242:    buffer->capacity = capacity;
        3:  243:    atomic_store(&buffer->head, 0);
        3:  244:    atomic_store(&buffer->tail, 0);
        3:  245:    atomic_store(&buffer->count, 0);
        -:  246:    
        3:  247:    return buffer;
        -:  248:}
------------------
mercury_ring_buffer_create:
function mercury_ring_buffer_create called 2 returned 100% blocks executed 65%
        2:  205:MercuryRingBuffer* mercury_ring_buffer_create(size_t element_size, size_t capacity) {
        2:  206:    if (element_size == 0 || capacity == 0) {
branch  0 taken 0% (fallthrough)
branch  1 taken 100%
    #####:  207:        MERCURY_SET_ERROR(MERCURY_ERROR_INVALID_ARGUMENT, "Invalid element size or capacity");
    #####:  208:        return NULL;
        -:  209:    }
        -:  210:    
        -:  211:    // Check for overflow in size calculation
        -:  212:    size_t total_size;
        2:  213:    if (!mercury_safe_mul_size(element_size, capacity, &total_size)) {
branch  0 taken 0% (fallthrough)
branch  1 taken 100%
    #####:  214:        MERCURY_SET_ERROR(MERCURY_ERROR_INVALID_ARGUMENT, 
        -:  215:                         "Buffer size would overflow");
    #####:  216:        return NULL;
        -:  217:    }
        -:  218:    
        -:  219:    // Sanity check: limit to 1GB to prevent accidental huge allocations
        2:  220:    if (total_size > (1ULL << 30)) {
branch  0 taken 0% (fallthrough)
branch  1 taken 100%
    #####:  221:        MERCURY_SET_ERROR(MERCURY_ERROR_INVALID_ARGUMENT, 
        -:  222:                         "Buffer size too large (max 1GB)");
    #####:  223:        return NULL;
        -:  224:    }
        -:  225:    
        2:  226:    MercuryRingBuffer* buffer = mercury_aligned_alloc(sizeof(MercuryRingBuffer), 64);
call    0 returned 100%
        2:  227:    if (!buffer) {
branch  0 taken 0% (fallthrough)
branch  1 taken 100%
    #####:  228:        MERCURY_SET_ERROR(MERCURY_ERROR_OUT_OF_MEMORY, 
        -:  229:                         "Failed to allocate ring buffer structure");
    #####:  230:        return NULL;
        -:  231:    }
        -:  232:    
        2:  233:    buffer->data = mercury_aligned_alloc(total_size, 64);
call    0 returned 100%
        2:  234:    if (!buffer->data) {
branch  0 taken 0% (fallthrough)
branch  1 taken 100%
    #####:  235:        mercury_aligned_free(buffer);
call    0 never executed
    #####:  236:        MERCURY_SET_ERROR(MERCURY_ERROR_OUT_OF_MEMORY, 
        -:  237:                         "Failed to allocate ring buffer data");
    #####:  238:        return NULL;
        -:  239:    }
        -:  240:    
        2:  241:    buffer->element_size = element_size;
        2:  242:    buffer->capacity = capacity;
        2:  243:    atomic_store(&buffer->head, 0);
        2:  244:    atomic_store(&buffer->tail, 0);
        2:  245:    atomic_store(&buffer->count, 0);
        -:  246:    
        2:  247:    return buffer;
        -:  248:}
------------------
mercury_ring_buffer_create:
function mercury_ring_buffer_create called 0 returned 0% blocks executed 0%
    #####:  205:MercuryRingBuffer* mercury_ring_buffer_create(size_t element_size, size_t capacity) {
    #####:  206:    if (element_size == 0 || capacity == 0) {
branch  0 never executed
branch  1 never executed
    #####:  207:        MERCURY_SET_ERROR(MERCURY_ERROR_INVALID_ARGUMENT, "Invalid element size or capacity");
    #####:  208:        return NULL;
        -:  209:    }
        -:  210:    
        -:  211:    // Check for overflow in size calculation
        -:  212:    size_t total_size;
    #####:  213:    if (!mercury_safe_mul_size(element_size, capacity, &total_size)) {
branch  0 never executed
branch  1 never executed
    #####:  214:        MERCURY_SET_ERROR(MERCURY_ERROR_INVALID_ARGUMENT, 
        -:  215:                         "Buffer size would overflow");
    #####:  216:        return NULL;
        -:  217:    }
        -:  218:    
        -:  219:    // Sanity check: limit to 1GB to prevent accidental huge allocations
    #####:  220:    if (total_size > (1ULL << 30)) {
branch  0 never executed
branch  1 never executed
    #####:  221:        MERCURY_SET_ERROR(MERCURY_ERROR_INVALID_ARGUMENT, 
        -:  222:                         "Buffer size too large (max 1GB)");
    #####:  223:        return NULL;
        -:  224:    }
        -:  225:    
    #####:  226:    MercuryRingBuffer* buffer = mercury_aligned_alloc(sizeof(MercuryRingBuffer), 64);
call    0 never executed
    #####:  227:    if (!buffer) {
branch  0 never executed
branch  1 never executed
    #####:  228:        MERCURY_SET_ERROR(MERCURY_ERROR_OUT_OF_MEMORY, 
        -:  229:                         "Failed to allocate ring buffer structure");
    #####:  230:        return NULL;
        -:  231:    }
        -:  232:    
    #####:  233:    buffer->data = mercury_aligned_alloc(total_size, 64);
call    0 never executed
    #####:  234:    if (!buffer->data) {
branch  0 never executed
branch  1 never executed
    #####:  235:        mercury_aligned_free(buffer);
call    0 never executed
    #####:  236:        MERCURY_SET_ERROR(MERCURY_ERROR_OUT_OF_MEMORY, 
[...]
        -: 1301:        // Use Windows-safe version
        -: 1302:        strncpy_s(mps->patterns[i], MERCURY_MAX_PATTERN_LENGTH, patterns[i], MERCURY_MAX_PATTERN_LENGTH - 1);
        -: 1303:        #else
        -: 1304:        // POSIX version
    #####: 1305:        strncpy(mps->patterns[i], patterns[i], MERCURY_MAX_PATTERN_LENGTH - 1);
    #####: 1306:        mps->patterns[i][MERCURY_MAX_PATTERN_LENGTH - 1] = '\0';  // Ensure null termination
        -: 1307:        #endif
        -: 1308:        #endif
    #####: 1309:        mps->pattern_lengths[i] = len;
    #####: 1310:        mps->first_chars[i] = (uint8_t)patterns[i][0];
        -: 1311:        
        -: 1312:        // Update first character lookup table
    #####: 1313:        uint8_t first_char = (uint8_t)patterns[i][0];
    #####: 1314:        mps->pattern_masks[first_char] |= (1U << i);
        -: 1315:    }
        -: 1316:    
        -: 1317:    return mps;
        -: 1318:}
------------------
mercury_multi_pattern_create:
function mercury_multi_pattern_create called 0 returned 0% blocks executed 0%
    #####: 1263:MercuryMultiPatternSearch* mercury_multi_pattern_create(const char* patterns[], size_t count) {
    #####: 1264:    if (!patterns || count == 0 || count > MERCURY_MAX_PATTERNS) {
branch  0 never executed
branch  1 never executed
branch  2 never executed
branch  3 never executed
    #####: 1265:        MERCURY_SET_ERROR(MERCURY_ERROR_INVALID_ARGUMENT, "Invalid patterns or count");
    #####: 1266:        return NULL;
        -: 1267:    }
        -: 1268:    
    #####: 1269:    MercuryMultiPatternSearch* mps = mercury_aligned_alloc(sizeof(MercuryMultiPatternSearch), 64);
call    0 never executed
    #####: 1270:    if (!mps) {
branch  0 never executed
branch  1 never executed
    #####: 1271:        MERCURY_SET_ERROR(MERCURY_ERROR_OUT_OF_MEMORY, "Failed to allocate multi-pattern search");
    #####: 1272:        return NULL;
        -: 1273:    }
        -: 1274:    
        -: 1275:    // Initialize structure
        -: 1276:    memset(mps, 0, sizeof(MercuryMultiPatternSearch));
    #####: 1277:    mps->pattern_count = count;
        -: 1278:    
        -: 1279:    // Copy patterns and build lookup tables
    #####: 1280:    for (size_t i = 0; i < count; i++) {
branch  0 never executed
branch  1 never executed
    #####: 1281:        if (!patterns[i]) {
branch  0 never executed
branch  1 never executed
    #####: 1282:            mercury_aligned_free(mps);
call    0 never executed
    #####: 1283:            MERCURY_SET_ERROR(MERCURY_ERROR_INVALID_ARGUMENT, "NULL pattern in array");
    #####: 1284:            return NULL;
        -: 1285:        }
        -: 1286:        
    #####: 1287:        size_t len = strlen(patterns[i]);
    #####: 1288:        if (len == 0 || len >= MERCURY_MAX_PATTERN_LENGTH) {
branch  0 never executed
branch  1 never executed
    #####: 1289:            mercury_aligned_free(mps);
call    0 never executed
    #####: 1290:            MERCURY_SET_ERROR(MERCURY_ERROR_INVALID_ARGUMENT, "Pattern length out of range");
    #####: 1291:            return NULL;
        -: 1292:        }
        -: 1293:        
        -: 1294:        // Copy pattern safely with bounds checking
        -: 1295:        #ifdef _MSC_VER
        -: 1296:        // Use Windows-safe version
        -: 1297:        strncpy_s(mps->patterns[i], MERCURY_MAX_PATTERN_LENGTH, patterns[i], MERCURY_MAX_PATTERN_LENGTH - 1);
        -: 1298:        #else
        -: 1299:        // POSIX version
        -: 1300:        #ifdef _MSC_VER
        -: 1301:        // Use Windows-safe version
        -: 1302:        strncpy_s(mps->patterns[i], MERCURY_MAX_PATTERN_LENGTH, patterns[i], MERCURY_MAX_PATTERN_LENGTH - 1);
        -: 1303:        #else
        -: 1304:        // POSIX version
    #####: 1305:        strncpy(mps->patterns[i], patterns[i], MERCURY_MAX_PATTERN_LENGTH - 1);
    #####: 1306:        mps->patterns[i][MERCURY_MAX_PATTERN_LENGTH - 1] = '\0';  // Ensure null termination
        -: 1307:        #endif
        -: 1308:        #endif
    #####: 1309:        mps->pattern_lengths[i] = len;
    #####: 1310:        mps->first_chars[i] = (uint8_t)patterns[i][0];
        -: 1311:        
        -: 1312:        // Update first character lookup table
    #####: 1313:        uint8_t first_char = (uint8_t)patterns[i][0];
    #####: 1314:        mps->pattern_masks[first_char] |= (1U << i);
        -: 1315:    }
        -: 1316:    
        -: 1317:    return mps;
        -: 1318:}
------------------
mercury_multi_pattern_create:
function mercury_multi_pattern_create called 0 returned 0% blocks executed 0%
    #####: 1263:MercuryMultiPatternSearch* mercury_multi_pattern_create(const char* patterns[], size_t count) {
    #####: 1264:    if (!patterns || count == 0 || count > MERCURY_MAX_PATTERNS) {
branch  0 never executed
branch  1 never executed
branch  2 never executed
branch  3 never executed
    #####: 1265:        MERCURY_SET_ERROR(MERCURY_ERROR_INVALID_ARGUMENT, "Invalid patterns or count");
    #####: 1266:        return NULL;
        -: 1267:    }
        -: 1268:    
    #####: 1269:    MercuryMultiPatternSearch* mps = mercury_aligned_alloc(sizeof(MercuryMultiPatternSearch), 64);
call    0 never executed
    #####: 1270:    if (!mps) {
branch  0 never executed
branch  1 never executed
    #####: 1271:        MERCURY_SET_ERROR(MERCURY_ERROR_OUT_OF_MEMORY, "Failed to allocate multi-pattern search");
    #####: 1272:        return NULL;
        -: 1273:    }
        -: 1274:    
        -: 1275:    // Initialize structure
        -: 1276:    memset(mps, 0, sizeof(MercuryMultiPatternSearch));
    #####: 1277:    mps->pattern_count = count;
        -: 1278:    
        -: 1279:    // Copy patterns and build lookup tables
    #####: 1280:    for (size_t i = 0; i < count; i++) {
branch  0 never executed
branch  1 never executed
    #####: 1281:        if (!patterns[i]) {
branch  0 never executed
branch  1 never executed
    #####: 1282:            mercury_aligned_free(mps);
call    0 never executed
    #####: 1283:            MERCURY_SET_ERROR(MERCURY_ERROR_INVALID_ARGUMENT, "NULL pattern in array");
    #####: 1284:            return NULL;
        -: 1285:        }
        -: 1286:        
    #####: 1287:        size_t len = strlen(patterns[i]);
    #####: 1288:        if (len == 0 || len >= MERCURY_MAX_PATTERN_LENGTH) {
branch  0 never executed
branch  1 never executed
    #####: 1289:            mercury_aligned_free(mps);
call    0 never executed
    #####: 1290:            MERCURY_SET_ERROR(MERCURY_ERROR_INVALID_ARGUMENT, "Pattern length out of range");
    #####: 1291:            return NULL;
        -: 1292:        }
        -: 1293:        
        -: 1294:        // Copy pattern safely with bounds checking
        -: 1295:        #ifdef _MSC_VER
        -: 1296:        // Use Windows-safe version
        -: 1297:        strncpy_s(mps->patterns[i], MERCURY_MAX_PATTERN_LENGTH, patterns[i], MERCURY_MAX_PATTERN_LENGTH - 1);
        -: 1298:        #else
        -: 1299:        // POSIX version
        -: 1300:        #ifdef _MSC_VER
        -: 1301:        // Use Windows-safe version
        -: 1302:        strncpy_s(mps->patterns[i], MERCURY_MAX_PATTERN_LENGTH, patterns[i], MERCURY_MAX_PATTERN_LENGTH - 1);
        -: 1303:        #else
        -: 1304:        // POSIX version
    #####: 1305:        strncpy(mps->patterns[i], patterns[i], MERCURY_MAX_PATTERN_LENGTH - 1);
    #####: 1306:        mps->patterns[i][MERCURY_MAX_PATTERN_LENGTH - 1] = '\0';  // Ensure null termination
        -: 1307:        #endif
        -: 1308:        #endif
    #####: 1309:        mps->pattern_lengths[i] = len;
    #####: 1310:        mps->first_chars[i] = (uint8_t)patterns[i][0];
        -: 1311:        
        -: 1312:        // Update first character lookup table
    #####: 1313:        uint8_t first_char = (uint8_t)patterns[i][0];
    #####: 1314:        mps->pattern_masks[first_char] |= (1U << i);
        -: 1315:    }
        -: 1316:    
        -: 1317:    return mps;
        -: 1318:}
------------------
        -: 1319:
       5*: 1320:void mercury_multi_pattern_destroy(MercuryMultiPatternSearch* mps) {
       5*: 1321:    if (mps) {
       5*: 1322:        mercury_aligned_free(mps);
        -: 1323:    }
       5*: 1324:}
------------------
mercury_multi_pattern_destroy:
function mercury_multi_pattern_destroy called 0 returned 0% blocks executed 0%
    #####: 1320:void mercury_multi_pattern_destroy(MercuryMultiPatternSearch* mps) {
    #####: 1321:    if (mps) {
branch  0 never executed
branch  1 never executed
    #####: 1322:        mercury_aligned_free(mps);
call    0 never executed
        -: 1323:    }
    #####: 1324:}
------------------
mercury_multi_pattern_destroy:
function mercury_multi_pattern_destroy called 3 returned 100% blocks executed 100%
        3: 1320:void mercury_multi_pattern_destroy(MercuryMultiPatternSearch* mps) {
        3: 1321:    if (mps) {
branch  0 taken 100% (fallthrough)
branch  1 taken 0%
        3: 1322:        mercury_aligned_free(mps);
call    0 returned 100%
        -: 1323:    }
        3: 1324:}
------------------
mercury_multi_pattern_destroy:
function mercury_multi_pattern_destroy called 0 returned 0% blocks executed 0%
    #####: 1320:void mercury_multi_pattern_destroy(MercuryMultiPatternSearch* mps) {
    #####: 1321:    if (mps) {
branch  0 never executed
branch  1 never executed
    #####: 1322:        mercury_aligned_free(mps);
call    0 never executed
        -: 1323:    }
    #####: 1324:}
------------------
mercury_multi_pattern_destroy:
function mercury_multi_pattern_destroy called 2 returned 100% blocks executed 100%
        2: 1320:void mercury_multi_pattern_destroy(MercuryMultiPatternSearch* mps) {
        2: 1321:    if (mps) {
branch  0 taken 100% (fallthrough)
branch  1 taken 0%
        2: 1322:        mercury_aligned_free(mps);
call    0 returned 100%
        -: 1323:    }
        2: 1324:}
------------------
mercury_multi_pattern_destroy:
function mercury_multi_pattern_destroy called 0 returned 0% blocks executed 0%
    #####: 1320:void mercury_multi_pattern_destroy(MercuryMultiPatternSearch* mps) {
    #####: 1321:    if (mps) {
branch  0 never executed
branch  1 never executed
    #####: 1322:        mercury_aligned_free(mps);
call    0 never executed
        -: 1323:    }
    #####: 1324:}
------------------
mercury_multi_pattern_destroy:
function mercury_multi_pattern_destroy called 0 returned 0% blocks executed 0%
    #####: 1320:void mercury_multi_pattern_destroy(MercuryMultiPatternSearch* mps) {
    #####: 1321:    if (mps) {
branch  0 never executed
branch  1 never executed
    #####: 1322:        mercury_aligned_free(mps);
call    0 never executed
        -: 1323:    }
    #####: 1324:}
------------------
mercury_multi_pattern_destroy:
function mercury_multi_pattern_destroy called 0 returned 0% blocks executed 0%
    #####: 1320:void mercury_multi_pattern_destroy(MercuryMultiPatternSearch* mps) {
    #####: 1321:    if (mps) {
branch  0 never executed
branch  1 never executed
    #####: 1322:        mercury_aligned_free(mps);
call    0 never executed
        -: 1323:    }
    #####: 1324:}
------------------
mercury_multi_pattern_destroy:
function mercury_multi_pattern_destroy called 0 returned 0% blocks executed 0%
    #####: 1320:void mercury_multi_pattern_destroy(MercuryMultiPatternSearch* mps) {
    #####: 1321:    if (mps) {
branch  0 never executed
branch  1 never executed
    #####: 1322:        mercury_aligned_free(mps);
call    0 never executed
        -: 1323:    }
    #####: 1324:}
------------------
mercury_multi_pattern_destroy:
function mercury_multi_pattern_destroy called 0 returned 0% blocks executed 0%
    #####: 1320:void mercury_multi_pattern_destroy(MercuryMultiPatternSearch* mps) {
    #####: 1321:    if (mps) {
branch  0 never executed
branch  1 never executed
    #####: 1322:        mercury_aligned_free(mps);
call    0 never executed
        -: 1323:    }
    #####: 1324:}
------------------
mercury_multi_pattern_destroy:
function mercury_multi_pattern_destroy called 0 returned 0% blocks executed 0%
    #####: 1320:void mercury_multi_pattern_destroy(MercuryMultiPatternSearch* mps) {
    #####: 1321:    if (mps) {
branch  0 never executed
branch  1 never executed
    #####: 1322:        mercury_aligned_free(mps);
call    0 never executed
        -: 1323:    }
    #####: 1324:}
------------------
mercury_multi_pattern_destroy:
function mercury_multi_pattern_destroy called 0 returned 0% blocks executed 0%
    #####: 1320:void mercury_multi_pattern_destroy(MercuryMultiPatternSearch* mps) {
    #####: 1321:    if (mps) {
branch  0 never executed
branch  1 never executed
    #####: 1322:        mercury_aligned_free(mps);
call    0 never executed
        -: 1323:    }
    #####: 1324:}
------------------
        -: 1325:
        -: 1326:/**
        -: 1327: * @brief Search for multiple patterns in text
        -: 1328: * 
        -: 1329: * @details Finds the leftmost occurrence of any pattern in the text.
        -: 1330: * 
        -: 1331: * @param mps Multi-pattern search structure
        -: 1332: * @param text Text to search in
        -: 1333: * @param text_len Length of text
        -: 1334: * @param[out] pattern_id Index of matched pattern (set on success)
        -: 1335: * @return Index of match in text or -1 if no patterns found
        -: 1336: * 
        -: 1337: * @note Thread-safe for concurrent searches with same mps
        -: 1338: */
       6*: 1339:int mercury_multi_pattern_search_simd(const MercuryMultiPatternSearch* mps, const char* text, 
        -: 1340:                                     size_t text_len, int* pattern_id) {
       6*: 1341:    if (!mps || !text || !pattern_id || text_len == 0) {
        -: 1342:        return -1;
        -: 1343:    }
        -: 1344:    
       6*: 1345:    *pattern_id = -1;
        -: 1346:    
        -: 1347:    // Smart multi-pattern search using optimized strstr
        -: 1348:    // Find the leftmost match across all patterns
        -: 1349:    int best_position = -1;
        -: 1350:    int best_pattern = -1;
        -: 1351:    
        -: 1352:    // Use highly optimized strstr for each pattern
      45*: 1353:    for (size_t p = 0; p < mps->pattern_count; p++) {
      39*: 1354:        const char* found = strstr(text, mps->patterns[p]);
        -: 1355:        
      39*: 1356:        if (found) {
      20*: 1357:            int pos = (int)(found - text);
      20*: 1358:            if (best_position == -1 || pos < best_position) {
        -: 1359:                best_position = pos;
       6*: 1360:                best_pattern = (int)p;
        -: 1361:            }
        -: 1362:        }
        -: 1363:    }
        -: 1364:    
       6*: 1365:    if (best_position >= 0) {
       5*: 1366:        *pattern_id = best_pattern;
       5*: 1367:        return best_position;
        -: 1368:    }
        -: 1369:    
        -: 1370:    return -1;  // No patterns found
        -: 1371:}
        -: 1372:
        -: 1373:#else
        -: 1374:// Fallback implementations when SIMD is not available
        -: 1375:void mercury_memcpy_simd(void* dest, const void* src, size_t size) {
        -: 1376:    memcpy(dest, src, size);
        -: 1377:}
        -: 1378:
        -: 1379:int mercury_string_search_simd(const char* text, size_t text_len, const char* pattern, size_t pattern_len) {
        -: 1380:    const char* found = strstr(text, pattern);
        -: 1381:    return found ? (int)(found - text) : -1;
        -: 1382:}
        -: 1383:
        -: 1384:// Multi-pattern search fallback implementation
        -: 1385:MercuryMultiPatternSearch* mercury_multi_pattern_create(const char* patterns[], size_t count) {
        -: 1386:    if (!patterns || count == 0 || count > MERCURY_MAX_PATTERNS) {
        -: 1387:        return NULL;
        -: 1388:    }
        -: 1389:    
        -: 1390:    MercuryMultiPatternSearch* mps = malloc(sizeof(MercuryMultiPatternSearch));
        -: 1391:    if (!mps) return NULL;
        -: 1392:    
        -: 1393:    memset(mps, 0, sizeof(MercuryMultiPatternSearch));
        -: 1394:    mps->pattern_count = count;
        -: 1395:    
        -: 1396:    for (size_t i = 0; i < count; i++) {
        -: 1397:        if (!patterns[i]) {
        -: 1398:            free(mps);
        -: 1399:            return NULL;
        -: 1400:        }
        -: 1401:        
        -: 1402:        size_t len = strlen(patterns[i]);
        -: 1403:        if (len == 0 || len >= MERCURY_MAX_PATTERN_LENGTH) {
        -: 1404:            free(mps);
        -: 1405:            return NULL;
        -: 1406:        }
        -: 1407:        
        -: 1408:        #ifdef _MSC_VER
        -: 1409:        // Use Windows-safe version
        -: 1410:        strncpy_s(mps->patterns[i], MERCURY_MAX_PATTERN_LENGTH, patterns[i], MERCURY_MAX_PATTERN_LENGTH - 1);
        -: 1411:        #else
        -: 1412:        // POSIX version
        -: 1413:        strncpy(mps->patterns[i], patterns[i], MERCURY_MAX_PATTERN_LENGTH - 1);
        -: 1414:        mps->patterns[i][MERCURY_MAX_PATTERN_LENGTH - 1] = '\0';  // Ensure null termination
        -: 1415:        #endif
        -: 1416:        mps->pattern_lengths[i] = len;
        -: 1417:        mps->first_chars[i] = (uint8_t)patterns[i][0];
        -: 1418:        
        -: 1419:        uint8_t first_char = (uint8_t)patterns[i][0];
        -: 1420:        mps->pattern_masks[first_char] |= (1U << i);
        -: 1421:    }
        -: 1422:    
        -: 1423:    return mps;
        -: 1424:}
        -: 1425:
        -: 1426:void mercury_multi_pattern_destroy(MercuryMultiPatternSearch* mps) {
        -: 1427:    if (mps) {
        -: 1428:        free(mps);
        -: 1429:    }
        -: 1430:}
        -: 1431:
        -: 1432:/**
        -: 1433: * @brief Search for multiple patterns in text
        -: 1434: * 
        -: 1435: * @details Finds the leftmost occurrence of any pattern in the text.
        -: 1436: * 
        -: 1437: * @param mps Multi-pattern search structure
        -: 1438: * @param text Text to search in
        -: 1439: * @param text_len Length of text
        -: 1440: * @param[out] pattern_id Index of matched pattern (set on success)
        -: 1441: * @return Index of match in text or -1 if no patterns found
        -: 1442: * 
        -: 1443: * @note Thread-safe for concurrent searches with same mps
        -: 1444: */
        -: 1445:int mercury_multi_pattern_search_simd(const MercuryMultiPatternSearch* mps, const char* text, 
        -: 1446:                                     size_t text_len, int* pattern_id) {
        -: 1447:    if (!mps || !text || !pattern_id || text_len == 0) {
        -: 1448:        return -1;
        -: 1449:    }
        -: 1450:    
        -: 1451:    *pattern_id = -1;
        -: 1452:    
        -: 1453:    // Fallback using optimized strstr
        -: 1454:    int best_position = -1;
        -: 1455:    int best_pattern = -1;
        -: 1456:    
        -: 1457:    for (size_t p = 0; p < mps->pattern_count; p++) {
        -: 1458:        const char* found = strstr(text, mps->patterns[p]);
        -: 1459:        
        -: 1460:        if (found) {
        -: 1461:            int pos = (int)(found - text);
        -: 1462:            if (best_position == -1 || pos < best_position) {
        -: 1463:                best_position = pos;
        -: 1464:                best_pattern = (int)p;
        -: 1465:            }
        -: 1466:        }
        -: 1467:    }
        -: 1468:    
        -: 1469:    if (best_position >= 0) {
        -: 1470:        *pattern_id = best_pattern;
        -: 1471:        return best_position;
        -: 1472:    }
        -: 1473:    
        -: 1474:    return -1;  // No patterns found
        -: 1475:}
        -: 1476:#endif
