        -:    0:Source:common.c
        -:    0:Source is newer than graph
        -:    1:/*
        -:    2: * common.c - Implementation of shared utilities for Mercury Performance Testing Framework
        -:    3: * 
        -:    4: * This file implements the common data structures and utility functions declared in common.h.
        -:    5: * It provides cross-platform compatibility and high-performance implementations for:
        -:    6: * - Memory management and ring buffers
        -:    7: * - String operations and Boyer-Moore pattern matching
        -:    8: * - Timing utilities and RDTSC calibration
        -:    9: * - SIMD-accelerated operations
        -:   10: * - Error handling and logging
        -:   11: *
        -:   12: * Author: EduLite Performance Team
        -:   13: * Version: 2.0.0
        -:   14: */
        -:   15:
        -:   16:/* Define feature test macros BEFORE any includes */
        -:   17:#ifndef _GNU_SOURCE
        -:   18:#define _GNU_SOURCE
        -:   19:#endif
        -:   20:#ifndef _POSIX_C_SOURCE
        -:   21:#define _POSIX_C_SOURCE 200809L
        -:   22:#endif
        -:   23:
        -:   24:#include "common.h"
        -:   25:#include <assert.h>
        -:   26:#include <stdarg.h>
        -:   27:
        -:   28:#ifdef MERCURY_LINUX
        -:   29:#include <time.h>
        -:   30:#endif
        -:   31:
        -:   32:// === GLOBAL VARIABLES ===
        -:   33:
        -:   34:// RDTSC frequency for timing calibration
        -:   35:#ifdef MERCURY_X86_64
        -:   36:uint64_t mercury_rdtsc_frequency = 0;
        -:   37:#endif
        -:   38:
        -:   39:// Thread-local error context
        -:   40:#ifdef __STDC_NO_THREADS__
        -:   41:    MercuryErrorContext mercury_last_error = {MERCURY_SUCCESS, {0}, NULL, NULL, 0};
        -:   42:#else
        -:   43:    _Thread_local MercuryErrorContext mercury_last_error = {MERCURY_SUCCESS, {0}, NULL, NULL, 0};
        -:   44:#endif
        -:   45:
        -:   46:// Default logger function pointer
        -:   47:void (*mercury_log_function)(MercuryLogLevel level, const char* format, ...) = mercury_default_logger;
        -:   48:
        -:   49:// === TIMING UTILITIES ===
        -:   50:
        -:   51:#ifdef MERCURY_X86_64
      29*:   52:void mercury_calibrate_rdtsc(void) {
      29*:   53:    if (mercury_rdtsc_frequency != 0) {
       4*:   54:        return;  // Already calibrated
        -:   55:    }
        -:   56:    
        -:   57:    // Calibrate RDTSC against system clock
        -:   58:    MercuryTimestamp start_sys = mercury_get_timestamp();
        -:   59:    uint64_t start_rdtsc = mercury_rdtsc();
        -:   60:    
        -:   61:    // Wait approximately 100ms
        -:   62:    #ifdef MERCURY_LINUX
      25*:   63:        struct timespec sleep_time = {0, 100000000};  // 100ms
      25*:   64:        nanosleep(&sleep_time, NULL);
        -:   65:    #elif defined(MERCURY_MACOS)
        -:   66:        usleep(100000);  // 100ms
        -:   67:    #elif defined(MERCURY_WINDOWS)
        -:   68:        Sleep(100);  // 100ms
        -:   69:    #endif
        -:   70:    
        -:   71:    MercuryTimestamp end_sys = mercury_get_timestamp();
        -:   72:    uint64_t end_rdtsc = mercury_rdtsc();
        -:   73:    
      25*:   74:    uint64_t sys_elapsed = end_sys.nanoseconds - start_sys.nanoseconds;
      25*:   75:    uint64_t rdtsc_elapsed = end_rdtsc - start_rdtsc;
        -:   76:    
      25*:   77:    if (sys_elapsed > 0 && rdtsc_elapsed > 0) {
      25*:   78:        mercury_rdtsc_frequency = (rdtsc_elapsed * 1000000000ULL) / sys_elapsed;
      25*:   79:        MERCURY_INFO("RDTSC calibrated: %llu Hz", mercury_rdtsc_frequency);
        -:   80:    } else {
    #####:   81:        MERCURY_WARN("RDTSC calibration failed, using fallback timing");
    #####:   82:        mercury_rdtsc_frequency = 1;  // Fallback to prevent division by zero
        -:   83:    }
        -:   84:}
------------------
mercury_calibrate_rdtsc:
function mercury_calibrate_rdtsc called 0 returned 0% blocks executed 0%
    #####:   52:void mercury_calibrate_rdtsc(void) {
    #####:   53:    if (mercury_rdtsc_frequency != 0) {
branch  0 never executed
branch  1 never executed
    #####:   54:        return;  // Already calibrated
        -:   55:    }
        -:   56:    
        -:   57:    // Calibrate RDTSC against system clock
        -:   58:    MercuryTimestamp start_sys = mercury_get_timestamp();
        -:   59:    uint64_t start_rdtsc = mercury_rdtsc();
        -:   60:    
        -:   61:    // Wait approximately 100ms
        -:   62:    #ifdef MERCURY_LINUX
    #####:   63:        struct timespec sleep_time = {0, 100000000};  // 100ms
    #####:   64:        nanosleep(&sleep_time, NULL);
call    0 never executed
        -:   65:    #elif defined(MERCURY_MACOS)
        -:   66:        usleep(100000);  // 100ms
        -:   67:    #elif defined(MERCURY_WINDOWS)
        -:   68:        Sleep(100);  // 100ms
        -:   69:    #endif
        -:   70:    
        -:   71:    MercuryTimestamp end_sys = mercury_get_timestamp();
        -:   72:    uint64_t end_rdtsc = mercury_rdtsc();
        -:   73:    
    #####:   74:    uint64_t sys_elapsed = end_sys.nanoseconds - start_sys.nanoseconds;
    #####:   75:    uint64_t rdtsc_elapsed = end_rdtsc - start_rdtsc;
        -:   76:    
    #####:   77:    if (sys_elapsed > 0 && rdtsc_elapsed > 0) {
branch  0 never executed
branch  1 never executed
    #####:   78:        mercury_rdtsc_frequency = (rdtsc_elapsed * 1000000000ULL) / sys_elapsed;
    #####:   79:        MERCURY_INFO("RDTSC calibrated: %llu Hz", mercury_rdtsc_frequency);
branch  0 never executed
branch  1 never executed
call    2 never executed
        -:   80:    } else {
    #####:   81:        MERCURY_WARN("RDTSC calibration failed, using fallback timing");
branch  0 never executed
branch  1 never executed
call    2 never executed
    #####:   82:        mercury_rdtsc_frequency = 1;  // Fallback to prevent division by zero
        -:   83:    }
        -:   84:}
------------------
mercury_calibrate_rdtsc:
function mercury_calibrate_rdtsc called 6 returned 100% blocks executed 84%
        6:   52:void mercury_calibrate_rdtsc(void) {
        6:   53:    if (mercury_rdtsc_frequency != 0) {
branch  0 taken 67% (fallthrough)
branch  1 taken 33%
        4:   54:        return;  // Already calibrated
        -:   55:    }
        -:   56:    
        -:   57:    // Calibrate RDTSC against system clock
        -:   58:    MercuryTimestamp start_sys = mercury_get_timestamp();
        -:   59:    uint64_t start_rdtsc = mercury_rdtsc();
        -:   60:    
        -:   61:    // Wait approximately 100ms
        -:   62:    #ifdef MERCURY_LINUX
        2:   63:        struct timespec sleep_time = {0, 100000000};  // 100ms
        2:   64:        nanosleep(&sleep_time, NULL);
call    0 returned 100%
        -:   65:    #elif defined(MERCURY_MACOS)
        -:   66:        usleep(100000);  // 100ms
        -:   67:    #elif defined(MERCURY_WINDOWS)
        -:   68:        Sleep(100);  // 100ms
        -:   69:    #endif
        -:   70:    
        -:   71:    MercuryTimestamp end_sys = mercury_get_timestamp();
        -:   72:    uint64_t end_rdtsc = mercury_rdtsc();
        -:   73:    
        2:   74:    uint64_t sys_elapsed = end_sys.nanoseconds - start_sys.nanoseconds;
        2:   75:    uint64_t rdtsc_elapsed = end_rdtsc - start_rdtsc;
        -:   76:    
        2:   77:    if (sys_elapsed > 0 && rdtsc_elapsed > 0) {
branch  0 taken 100% (fallthrough)
branch  1 taken 0%
        2:   78:        mercury_rdtsc_frequency = (rdtsc_elapsed * 1000000000ULL) / sys_elapsed;
        2:   79:        MERCURY_INFO("RDTSC calibrated: %llu Hz", mercury_rdtsc_frequency);
branch  0 taken 100% (fallthrough)
branch  1 taken 0%
call    2 returned 100%
        -:   80:    } else {
    #####:   81:        MERCURY_WARN("RDTSC calibration failed, using fallback timing");
branch  0 never executed
branch  1 never executed
call    2 never executed
    #####:   82:        mercury_rdtsc_frequency = 1;  // Fallback to prevent division by zero
        -:   83:    }
        -:   84:}
------------------
mercury_calibrate_rdtsc:
function mercury_calibrate_rdtsc called 22 returned 100% blocks executed 79%
       22:   52:void mercury_calibrate_rdtsc(void) {
       22:   53:    if (mercury_rdtsc_frequency != 0) {
branch  0 taken 0% (fallthrough)
branch  1 taken 100%
    #####:   54:        return;  // Already calibrated
        -:   55:    }
        -:   56:    
        -:   57:    // Calibrate RDTSC against system clock
        -:   58:    MercuryTimestamp start_sys = mercury_get_timestamp();
        -:   59:    uint64_t start_rdtsc = mercury_rdtsc();
        -:   60:    
        -:   61:    // Wait approximately 100ms
        -:   62:    #ifdef MERCURY_LINUX
       22:   63:        struct timespec sleep_time = {0, 100000000};  // 100ms
       22:   64:        nanosleep(&sleep_time, NULL);
call    0 returned 100%
        -:   65:    #elif defined(MERCURY_MACOS)
        -:   66:        usleep(100000);  // 100ms
        -:   67:    #elif defined(MERCURY_WINDOWS)
        -:   68:        Sleep(100);  // 100ms
        -:   69:    #endif
        -:   70:    
        -:   71:    MercuryTimestamp end_sys = mercury_get_timestamp();
        -:   72:    uint64_t end_rdtsc = mercury_rdtsc();
        -:   73:    
       22:   74:    uint64_t sys_elapsed = end_sys.nanoseconds - start_sys.nanoseconds;
       22:   75:    uint64_t rdtsc_elapsed = end_rdtsc - start_rdtsc;
        -:   76:    
       22:   77:    if (sys_elapsed > 0 && rdtsc_elapsed > 0) {
branch  0 taken 100% (fallthrough)
branch  1 taken 0%
       22:   78:        mercury_rdtsc_frequency = (rdtsc_elapsed * 1000000000ULL) / sys_elapsed;
       22:   79:        MERCURY_INFO("RDTSC calibrated: %llu Hz", mercury_rdtsc_frequency);
branch  0 taken 100% (fallthrough)
branch  1 taken 0%
call    2 returned 100%
        -:   80:    } else {
    #####:   81:        MERCURY_WARN("RDTSC calibration failed, using fallback timing");
branch  0 never executed
branch  1 never executed
call    2 never executed
    #####:   82:        mercury_rdtsc_frequency = 1;  // Fallback to prevent division by zero
        -:   83:    }
        -:   84:}
------------------
mercury_calibrate_rdtsc:
function mercury_calibrate_rdtsc called 0 returned 0% blocks executed 0%
    #####:   52:void mercury_calibrate_rdtsc(void) {
    #####:   53:    if (mercury_rdtsc_frequency != 0) {
branch  0 never executed
branch  1 never executed
    #####:   54:        return;  // Already calibrated
        -:   55:    }
        -:   56:    
        -:   57:    // Calibrate RDTSC against system clock
        -:   58:    MercuryTimestamp start_sys = mercury_get_timestamp();
        -:   59:    uint64_t start_rdtsc = mercury_rdtsc();
        -:   60:    
        -:   61:    // Wait approximately 100ms
        -:   62:    #ifdef MERCURY_LINUX
    #####:   63:        struct timespec sleep_time = {0, 100000000};  // 100ms
    #####:   64:        nanosleep(&sleep_time, NULL);
call    0 never executed
        -:   65:    #elif defined(MERCURY_MACOS)
        -:   66:        usleep(100000);  // 100ms
        -:   67:    #elif defined(MERCURY_WINDOWS)
        -:   68:        Sleep(100);  // 100ms
        -:   69:    #endif
        -:   70:    
        -:   71:    MercuryTimestamp end_sys = mercury_get_timestamp();
        -:   72:    uint64_t end_rdtsc = mercury_rdtsc();
        -:   73:    
    #####:   74:    uint64_t sys_elapsed = end_sys.nanoseconds - start_sys.nanoseconds;
    #####:   75:    uint64_t rdtsc_elapsed = end_rdtsc - start_rdtsc;
        -:   76:    
    #####:   77:    if (sys_elapsed > 0 && rdtsc_elapsed > 0) {
branch  0 never executed
branch  1 never executed
    #####:   78:        mercury_rdtsc_frequency = (rdtsc_elapsed * 1000000000ULL) / sys_elapsed;
    #####:   79:        MERCURY_INFO("RDTSC calibrated: %llu Hz", mercury_rdtsc_frequency);
branch  0 never executed
branch  1 never executed
call    2 never executed
        -:   80:    } else {
    #####:   81:        MERCURY_WARN("RDTSC calibration failed, using fallback timing");
branch  0 never executed
branch  1 never executed
call    2 never executed
    #####:   82:        mercury_rdtsc_frequency = 1;  // Fallback to prevent division by zero
        -:   83:    }
        -:   84:}
------------------
mercury_calibrate_rdtsc:
function mercury_calibrate_rdtsc called 0 returned 0% blocks executed 0%
    #####:   52:void mercury_calibrate_rdtsc(void) {
    #####:   53:    if (mercury_rdtsc_frequency != 0) {
branch  0 never executed
branch  1 never executed
    #####:   54:        return;  // Already calibrated
        -:   55:    }
        -:   56:    
        -:   57:    // Calibrate RDTSC against system clock
        -:   58:    MercuryTimestamp start_sys = mercury_get_timestamp();
        -:   59:    uint64_t start_rdtsc = mercury_rdtsc();
        -:   60:    
        -:   61:    // Wait approximately 100ms
        -:   62:    #ifdef MERCURY_LINUX
    #####:   63:        struct timespec sleep_time = {0, 100000000};  // 100ms
    #####:   64:        nanosleep(&sleep_time, NULL);
call    0 never executed
        -:   65:    #elif defined(MERCURY_MACOS)
        -:   66:        usleep(100000);  // 100ms
        -:   67:    #elif defined(MERCURY_WINDOWS)
        -:   68:        Sleep(100);  // 100ms
        -:   69:    #endif
        -:   70:    
        -:   71:    MercuryTimestamp end_sys = mercury_get_timestamp();
        -:   72:    uint64_t end_rdtsc = mercury_rdtsc();
        -:   73:    
    #####:   74:    uint64_t sys_elapsed = end_sys.nanoseconds - start_sys.nanoseconds;
    #####:   75:    uint64_t rdtsc_elapsed = end_rdtsc - start_rdtsc;
        -:   76:    
    #####:   77:    if (sys_elapsed > 0 && rdtsc_elapsed > 0) {
branch  0 never executed
branch  1 never executed
    #####:   78:        mercury_rdtsc_frequency = (rdtsc_elapsed * 1000000000ULL) / sys_elapsed;
    #####:   79:        MERCURY_INFO("RDTSC calibrated: %llu Hz", mercury_rdtsc_frequency);
branch  0 never executed
branch  1 never executed
call    2 never executed
        -:   80:    } else {
    #####:   81:        MERCURY_WARN("RDTSC calibration failed, using fallback timing");
branch  0 never executed
branch  1 never executed
call    2 never executed
    #####:   82:        mercury_rdtsc_frequency = 1;  // Fallback to prevent division by zero
        -:   83:    }
        -:   84:}
------------------
mercury_calibrate_rdtsc:
function mercury_calibrate_rdtsc called 1 returned 100% blocks executed 79%
        1:   52:void mercury_calibrate_rdtsc(void) {
        1:   53:    if (mercury_rdtsc_frequency != 0) {
branch  0 taken 0% (fallthrough)
branch  1 taken 100%
    #####:   54:        return;  // Already calibrated
        -:   55:    }
        -:   56:    
        -:   57:    // Calibrate RDTSC against system clock
        -:   58:    MercuryTimestamp start_sys = mercury_get_timestamp();
        -:   59:    uint64_t start_rdtsc = mercury_rdtsc();
        -:   60:    
        -:   61:    // Wait approximately 100ms
        -:   62:    #ifdef MERCURY_LINUX
        1:   63:        struct timespec sleep_time = {0, 100000000};  // 100ms
        1:   64:        nanosleep(&sleep_time, NULL);
call    0 returned 100%
        -:   65:    #elif defined(MERCURY_MACOS)
        -:   66:        usleep(100000);  // 100ms
        -:   67:    #elif defined(MERCURY_WINDOWS)
        -:   68:        Sleep(100);  // 100ms
        -:   69:    #endif
        -:   70:    
        -:   71:    MercuryTimestamp end_sys = mercury_get_timestamp();
        -:   72:    uint64_t end_rdtsc = mercury_rdtsc();
        -:   73:    
        1:   74:    uint64_t sys_elapsed = end_sys.nanoseconds - start_sys.nanoseconds;
        1:   75:    uint64_t rdtsc_elapsed = end_rdtsc - start_rdtsc;
        -:   76:    
        1:   77:    if (sys_elapsed > 0 && rdtsc_elapsed > 0) {
branch  0 taken 100% (fallthrough)
branch  1 taken 0%
        1:   78:        mercury_rdtsc_frequency = (rdtsc_elapsed * 1000000000ULL) / sys_elapsed;
        1:   79:        MERCURY_INFO("RDTSC calibrated: %llu Hz", mercury_rdtsc_frequency);
branch  0 taken 100% (fallthrough)
branch  1 taken 0%
call    2 returned 100%
        -:   80:    } else {
    #####:   81:        MERCURY_WARN("RDTSC calibration failed, using fallback timing");
branch  0 never executed
branch  1 never executed
call    2 never executed
    #####:   82:        mercury_rdtsc_frequency = 1;  // Fallback to prevent division by zero
        -:   83:    }
        -:   84:}
------------------
mercury_calibrate_rdtsc:
function mercury_calibrate_rdtsc called 0 returned 0% blocks executed 0%
    #####:   52:void mercury_calibrate_rdtsc(void) {
    #####:   53:    if (mercury_rdtsc_frequency != 0) {
branch  0 never executed
branch  1 never executed
    #####:   54:        return;  // Already calibrated
        -:   55:    }
        -:   56:    
        -:   57:    // Calibrate RDTSC against system clock
        -:   58:    MercuryTimestamp start_sys = mercury_get_timestamp();
        -:   59:    uint64_t start_rdtsc = mercury_rdtsc();
        -:   60:    
        -:   61:    // Wait approximately 100ms
        -:   62:    #ifdef MERCURY_LINUX
    #####:   63:        struct timespec sleep_time = {0, 100000000};  // 100ms
    #####:   64:        nanosleep(&sleep_time, NULL);
call    0 never executed
        -:   65:    #elif defined(MERCURY_MACOS)
        -:   66:        usleep(100000);  // 100ms
        -:   67:    #elif defined(MERCURY_WINDOWS)
        -:   68:        Sleep(100);  // 100ms
        -:   69:    #endif
        -:   70:    
        -:   71:    MercuryTimestamp end_sys = mercury_get_timestamp();
        -:   72:    uint64_t end_rdtsc = mercury_rdtsc();
        -:   73:    
    #####:   74:    uint64_t sys_elapsed = end_sys.nanoseconds - start_sys.nanoseconds;
    #####:   75:    uint64_t rdtsc_elapsed = end_rdtsc - start_rdtsc;
        -:   76:    
    #####:   77:    if (sys_elapsed > 0 && rdtsc_elapsed > 0) {
branch  0 never executed
branch  1 never executed
    #####:   78:        mercury_rdtsc_frequency = (rdtsc_elapsed * 1000000000ULL) / sys_elapsed;
    #####:   79:        MERCURY_INFO("RDTSC calibrated: %llu Hz", mercury_rdtsc_frequency);
branch  0 never executed
branch  1 never executed
call    2 never executed
        -:   80:    } else {
    #####:   81:        MERCURY_WARN("RDTSC calibration failed, using fallback timing");
branch  0 never executed
branch  1 never executed
call    2 never executed
    #####:   82:        mercury_rdtsc_frequency = 1;  // Fallback to prevent division by zero
        -:   83:    }
        -:   84:}
------------------
mercury_calibrate_rdtsc:
function mercury_calibrate_rdtsc called 0 returned 0% blocks executed 0%
    #####:   52:void mercury_calibrate_rdtsc(void) {
    #####:   53:    if (mercury_rdtsc_frequency != 0) {
branch  0 never executed
branch  1 never executed
    #####:   54:        return;  // Already calibrated
        -:   55:    }
        -:   56:    
        -:   57:    // Calibrate RDTSC against system clock
        -:   58:    MercuryTimestamp start_sys = mercury_get_timestamp();
        -:   59:    uint64_t start_rdtsc = mercury_rdtsc();
        -:   60:    
        -:   61:    // Wait approximately 100ms
        -:   62:    #ifdef MERCURY_LINUX
    #####:   63:        struct timespec sleep_time = {0, 100000000};  // 100ms
    #####:   64:        nanosleep(&sleep_time, NULL);
call    0 never executed
        -:   65:    #elif defined(MERCURY_MACOS)
        -:   66:        usleep(100000);  // 100ms
        -:   67:    #elif defined(MERCURY_WINDOWS)
        -:   68:        Sleep(100);  // 100ms
        -:   69:    #endif
        -:   70:    
        -:   71:    MercuryTimestamp end_sys = mercury_get_timestamp();
        -:   72:    uint64_t end_rdtsc = mercury_rdtsc();
        -:   73:    
    #####:   74:    uint64_t sys_elapsed = end_sys.nanoseconds - start_sys.nanoseconds;
    #####:   75:    uint64_t rdtsc_elapsed = end_rdtsc - start_rdtsc;
        -:   76:    
    #####:   77:    if (sys_elapsed > 0 && rdtsc_elapsed > 0) {
branch  0 never executed
branch  1 never executed
    #####:   78:        mercury_rdtsc_frequency = (rdtsc_elapsed * 1000000000ULL) / sys_elapsed;
    #####:   79:        MERCURY_INFO("RDTSC calibrated: %llu Hz", mercury_rdtsc_frequency);
branch  0 never executed
branch  1 never executed
call    2 never executed
        -:   80:    } else {
    #####:   81:        MERCURY_WARN("RDTSC calibration failed, using fallback timing");
branch  0 never executed
branch  1 never executed
call    2 never executed
    #####:   82:        mercury_rdtsc_frequency = 1;  // Fallback to prevent division by zero
        -:   83:    }
        -:   84:}
------------------
mercury_calibrate_rdtsc:
function mercury_calibrate_rdtsc called 0 returned 0% blocks executed 0%
    #####:   52:void mercury_calibrate_rdtsc(void) {
    #####:   53:    if (mercury_rdtsc_frequency != 0) {
branch  0 never executed
branch  1 never executed
    #####:   54:        return;  // Already calibrated
        -:   55:    }
        -:   56:    
        -:   57:    // Calibrate RDTSC against system clock
        -:   58:    MercuryTimestamp start_sys = mercury_get_timestamp();
        -:   59:    uint64_t start_rdtsc = mercury_rdtsc();
        -:   60:    
        -:   61:    // Wait approximately 100ms
        -:   62:    #ifdef MERCURY_LINUX
    #####:   63:        struct timespec sleep_time = {0, 100000000};  // 100ms
    #####:   64:        nanosleep(&sleep_time, NULL);
call    0 never executed
        -:   65:    #elif defined(MERCURY_MACOS)
        -:   66:        usleep(100000);  // 100ms
        -:   67:    #elif defined(MERCURY_WINDOWS)
        -:   68:        Sleep(100);  // 100ms
        -:   69:    #endif
        -:   70:    
        -:   71:    MercuryTimestamp end_sys = mercury_get_timestamp();
        -:   72:    uint64_t end_rdtsc = mercury_rdtsc();
        -:   73:    
    #####:   74:    uint64_t sys_elapsed = end_sys.nanoseconds - start_sys.nanoseconds;
    #####:   75:    uint64_t rdtsc_elapsed = end_rdtsc - start_rdtsc;
        -:   76:    
    #####:   77:    if (sys_elapsed > 0 && rdtsc_elapsed > 0) {
branch  0 never executed
branch  1 never executed
    #####:   78:        mercury_rdtsc_frequency = (rdtsc_elapsed * 1000000000ULL) / sys_elapsed;
    #####:   79:        MERCURY_INFO("RDTSC calibrated: %llu Hz", mercury_rdtsc_frequency);
branch  0 never executed
branch  1 never executed
call    2 never executed
        -:   80:    } else {
    #####:   81:        MERCURY_WARN("RDTSC calibration failed, using fallback timing");
branch  0 never executed
branch  1 never executed
call    2 never executed
    #####:   82:        mercury_rdtsc_frequency = 1;  // Fallback to prevent division by zero
        -:   83:    }
        -:   84:}
------------------
mercury_calibrate_rdtsc:
function mercury_calibrate_rdtsc called 0 returned 0% blocks executed 0%
    #####:   52:void mercury_calibrate_rdtsc(void) {
    #####:   53:    if (mercury_rdtsc_frequency != 0) {
branch  0 never executed
branch  1 never executed
    #####:   54:        return;  // Already calibrated
        -:   55:    }
        -:   56:    
        -:   57:    // Calibrate RDTSC against system clock
        -:   58:    MercuryTimestamp start_sys = mercury_get_timestamp();
        -:   59:    uint64_t start_rdtsc = mercury_rdtsc();
        -:   60:    
        -:   61:    // Wait approximately 100ms
        -:   62:    #ifdef MERCURY_LINUX
    #####:   63:        struct timespec sleep_time = {0, 100000000};  // 100ms
    #####:   64:        nanosleep(&sleep_time, NULL);
call    0 never executed
        -:   65:    #elif defined(MERCURY_MACOS)
        -:   66:        usleep(100000);  // 100ms
        -:   67:    #elif defined(MERCURY_WINDOWS)
        -:   68:        Sleep(100);  // 100ms
        -:   69:    #endif
        -:   70:    
        -:   71:    MercuryTimestamp end_sys = mercury_get_timestamp();
        -:   72:    uint64_t end_rdtsc = mercury_rdtsc();
        -:   73:    
    #####:   74:    uint64_t sys_elapsed = end_sys.nanoseconds - start_sys.nanoseconds;
    #####:   75:    uint64_t rdtsc_elapsed = end_rdtsc - start_rdtsc;
        -:   76:    
    #####:   77:    if (sys_elapsed > 0 && rdtsc_elapsed > 0) {
branch  0 never executed
branch  1 never executed
    #####:   78:        mercury_rdtsc_frequency = (rdtsc_elapsed * 1000000000ULL) / sys_elapsed;
    #####:   79:        MERCURY_INFO("RDTSC calibrated: %llu Hz", mercury_rdtsc_frequency);
branch  0 never executed
branch  1 never executed
call    2 never executed
        -:   80:    } else {
    #####:   81:        MERCURY_WARN("RDTSC calibration failed, using fallback timing");
branch  0 never executed
branch  1 never executed
call    2 never executed
    #####:   82:        mercury_rdtsc_frequency = 1;  // Fallback to prevent division by zero
        -:   83:    }
        -:   84:}
------------------
mercury_calibrate_rdtsc:
function mercury_calibrate_rdtsc called 0 returned 0% blocks executed 0%
    #####:   52:void mercury_calibrate_rdtsc(void) {
    #####:   53:    if (mercury_rdtsc_frequency != 0) {
branch  0 never executed
branch  1 never executed
    #####:   54:        return;  // Already calibrated
        -:   55:    }
        -:   56:    
        -:   57:    // Calibrate RDTSC against system clock
        -:   58:    MercuryTimestamp start_sys = mercury_get_timestamp();
        -:   59:    uint64_t start_rdtsc = mercury_rdtsc();
        -:   60:    
        -:   61:    // Wait approximately 100ms
        -:   62:    #ifdef MERCURY_LINUX
    #####:   63:        struct timespec sleep_time = {0, 100000000};  // 100ms
    #####:   64:        nanosleep(&sleep_time, NULL);
call    0 never executed
        -:   65:    #elif defined(MERCURY_MACOS)
        -:   66:        usleep(100000);  // 100ms
        -:   67:    #elif defined(MERCURY_WINDOWS)
        -:   68:        Sleep(100);  // 100ms
        -:   69:    #endif
        -:   70:    
        -:   71:    MercuryTimestamp end_sys = mercury_get_timestamp();
        -:   72:    uint64_t end_rdtsc = mercury_rdtsc();
        -:   73:    
    #####:   74:    uint64_t sys_elapsed = end_sys.nanoseconds - start_sys.nanoseconds;
    #####:   75:    uint64_t rdtsc_elapsed = end_rdtsc - start_rdtsc;
        -:   76:    
    #####:   77:    if (sys_elapsed > 0 && rdtsc_elapsed > 0) {
branch  0 never executed
branch  1 never executed
    #####:   78:        mercury_rdtsc_frequency = (rdtsc_elapsed * 1000000000ULL) / sys_elapsed;
    #####:   79:        MERCURY_INFO("RDTSC calibrated: %llu Hz", mercury_rdtsc_frequency);
branch  0 never executed
branch  1 never executed
call    2 never executed
        -:   80:    } else {
    #####:   81:        MERCURY_WARN("RDTSC calibration failed, using fallback timing");
branch  0 never executed
branch  1 never executed
call    2 never executed
    #####:   82:        mercury_rdtsc_frequency = 1;  // Fallback to prevent division by zero
        -:   83:    }
        -:   84:}
------------------
mercury_calibrate_rdtsc:
function mercury_calibrate_rdtsc called 0 returned 0% blocks executed 0%
    #####:   52:void mercury_calibrate_rdtsc(void) {
    #####:   53:    if (mercury_rdtsc_frequency != 0) {
branch  0 never executed
branch  1 never executed
    #####:   54:        return;  // Already calibrated
        -:   55:    }
        -:   56:    
        -:   57:    // Calibrate RDTSC against system clock
        -:   58:    MercuryTimestamp start_sys = mercury_get_timestamp();
        -:   59:    uint64_t start_rdtsc = mercury_rdtsc();
        -:   60:    
        -:   61:    // Wait approximately 100ms
        -:   62:    #ifdef MERCURY_LINUX
    #####:   63:        struct timespec sleep_time = {0, 100000000};  // 100ms
    #####:   64:        nanosleep(&sleep_time, NULL);
call    0 never executed
        -:   65:    #elif defined(MERCURY_MACOS)
        -:   66:        usleep(100000);  // 100ms
        -:   67:    #elif defined(MERCURY_WINDOWS)
        -:   68:        Sleep(100);  // 100ms
        -:   69:    #endif
        -:   70:    
        -:   71:    MercuryTimestamp end_sys = mercury_get_timestamp();
        -:   72:    uint64_t end_rdtsc = mercury_rdtsc();
        -:   73:    
    #####:   74:    uint64_t sys_elapsed = end_sys.nanoseconds - start_sys.nanoseconds;
    #####:   75:    uint64_t rdtsc_elapsed = end_rdtsc - start_rdtsc;
        -:   76:    
    #####:   77:    if (sys_elapsed > 0 && rdtsc_elapsed > 0) {
branch  0 never executed
branch  1 never executed
    #####:   78:        mercury_rdtsc_frequency = (rdtsc_elapsed * 1000000000ULL) / sys_elapsed;
    #####:   79:        MERCURY_INFO("RDTSC calibrated: %llu Hz", mercury_rdtsc_frequency);
branch  0 never executed
branch  1 never executed
call    2 never executed
        -:   80:    } else {
    #####:   81:        MERCURY_WARN("RDTSC calibration failed, using fallback timing");
branch  0 never executed
branch  1 never executed
call    2 never executed
    #####:   82:        mercury_rdtsc_frequency = 1;  // Fallback to prevent division by zero
        -:   83:    }
        -:   84:}
------------------
mercury_calibrate_rdtsc:
function mercury_calibrate_rdtsc called 0 returned 0% blocks executed 0%
    #####:   52:void mercury_calibrate_rdtsc(void) {
    #####:   53:    if (mercury_rdtsc_frequency != 0) {
branch  0 never executed
branch  1 never executed
    #####:   54:        return;  // Already calibrated
        -:   55:    }
        -:   56:    
        -:   57:    // Calibrate RDTSC against system clock
        -:   58:    MercuryTimestamp start_sys = mercury_get_timestamp();
        -:   59:    uint64_t start_rdtsc = mercury_rdtsc();
        -:   60:    
        -:   61:    // Wait approximately 100ms
        -:   62:    #ifdef MERCURY_LINUX
    #####:   63:        struct timespec sleep_time = {0, 100000000};  // 100ms
    #####:   64:        nanosleep(&sleep_time, NULL);
call    0 never executed
        -:   65:    #elif defined(MERCURY_MACOS)
        -:   66:        usleep(100000);  // 100ms
        -:   67:    #elif defined(MERCURY_WINDOWS)
        -:   68:        Sleep(100);  // 100ms
        -:   69:    #endif
        -:   70:    
        -:   71:    MercuryTimestamp end_sys = mercury_get_timestamp();
        -:   72:    uint64_t end_rdtsc = mercury_rdtsc();
        -:   73:    
    #####:   74:    uint64_t sys_elapsed = end_sys.nanoseconds - start_sys.nanoseconds;
    #####:   75:    uint64_t rdtsc_elapsed = end_rdtsc - start_rdtsc;
        -:   76:    
    #####:   77:    if (sys_elapsed > 0 && rdtsc_elapsed > 0) {
branch  0 never executed
branch  1 never executed
    #####:   78:        mercury_rdtsc_frequency = (rdtsc_elapsed * 1000000000ULL) / sys_elapsed;
    #####:   79:        MERCURY_INFO("RDTSC calibrated: %llu Hz", mercury_rdtsc_frequency);
branch  0 never executed
branch  1 never executed
call    2 never executed
        -:   80:    } else {
    #####:   81:        MERCURY_WARN("RDTSC calibration failed, using fallback timing");
branch  0 never executed
branch  1 never executed
call    2 never executed
    #####:   82:        mercury_rdtsc_frequency = 1;  // Fallback to prevent division by zero
        -:   83:    }
        -:   84:}
------------------
mercury_calibrate_rdtsc:
function mercury_calibrate_rdtsc called 0 returned 0% blocks executed 0%
    #####:   52:void mercury_calibrate_rdtsc(void) {
    #####:   53:    if (mercury_rdtsc_frequency != 0) {
branch  0 never executed
branch  1 never executed
    #####:   54:        return;  // Already calibrated
        -:   55:    }
        -:   56:    
        -:   57:    // Calibrate RDTSC against system clock
        -:   58:    MercuryTimestamp start_sys = mercury_get_timestamp();
        -:   59:    uint64_t start_rdtsc = mercury_rdtsc();
        -:   60:    
        -:   61:    // Wait approximately 100ms
        -:   62:    #ifdef MERCURY_LINUX
    #####:   63:        struct timespec sleep_time = {0, 100000000};  // 100ms
    #####:   64:        nanosleep(&sleep_time, NULL);
call    0 never executed
        -:   65:    #elif defined(MERCURY_MACOS)
        -:   66:        usleep(100000);  // 100ms
        -:   67:    #elif defined(MERCURY_WINDOWS)
        -:   68:        Sleep(100);  // 100ms
        -:   69:    #endif
        -:   70:    
        -:   71:    MercuryTimestamp end_sys = mercury_get_timestamp();
        -:   72:    uint64_t end_rdtsc = mercury_rdtsc();
        -:   73:    
    #####:   74:    uint64_t sys_elapsed = end_sys.nanoseconds - start_sys.nanoseconds;
    #####:   75:    uint64_t rdtsc_elapsed = end_rdtsc - start_rdtsc;
        -:   76:    
    #####:   77:    if (sys_elapsed > 0 && rdtsc_elapsed > 0) {
branch  0 never executed
branch  1 never executed
    #####:   78:        mercury_rdtsc_frequency = (rdtsc_elapsed * 1000000000ULL) / sys_elapsed;
    #####:   79:        MERCURY_INFO("RDTSC calibrated: %llu Hz", mercury_rdtsc_frequency);
branch  0 never executed
branch  1 never executed
call    2 never executed
        -:   80:    } else {
    #####:   81:        MERCURY_WARN("RDTSC calibration failed, using fallback timing");
branch  0 never executed
branch  1 never executed
call    2 never executed
    #####:   82:        mercury_rdtsc_frequency = 1;  // Fallback to prevent division by zero
        -:   83:    }
        -:   84:}
------------------
        -:   85:#endif
        -:   86:
        -:   87:// === MEMORY UTILITIES ===
        -:   88:
  105386*:   89:void* mercury_aligned_alloc(size_t size, size_t alignment) {
  105386*:   90:    if (size == 0 || alignment == 0 || (alignment & (alignment - 1)) != 0) {
      10*:   91:        MERCURY_SET_ERROR(MERCURY_ERROR_INVALID_ARGUMENT, "Invalid size or alignment");
      10*:   92:        return NULL;
        -:   93:    }
        -:   94:    
  105376*:   95:    void* ptr = NULL;
        -:   96:    
        -:   97:#ifdef MERCURY_LINUX
  105376*:   98:    if (posix_memalign(&ptr, alignment, size) != 0) {
       3*:   99:        MERCURY_SET_ERROR(MERCURY_ERROR_OUT_OF_MEMORY, "posix_memalign failed");
       3*:  100:        return NULL;
        -:  101:    }
        -:  102:#elif defined(MERCURY_MACOS)
        -:  103:    if (posix_memalign(&ptr, alignment, size) != 0) {
        -:  104:        MERCURY_SET_ERROR(MERCURY_ERROR_OUT_OF_MEMORY, "posix_memalign failed");
        -:  105:        return NULL;
        -:  106:    }
        -:  107:#elif defined(MERCURY_WINDOWS)
        -:  108:    ptr = _aligned_malloc(size, alignment);
        -:  109:    if (!ptr) {
        -:  110:        MERCURY_SET_ERROR(MERCURY_ERROR_OUT_OF_MEMORY, "_aligned_malloc failed");
        -:  111:        return NULL;
        -:  112:    }
        -:  113:#else
        -:  114:    // Fallback: allocate extra space and align manually
        -:  115:    void* raw_ptr = malloc(size + alignment - 1 + sizeof(void*));
        -:  116:    if (!raw_ptr) {
        -:  117:        MERCURY_SET_ERROR(MERCURY_ERROR_OUT_OF_MEMORY, "malloc failed");
        -:  118:        return NULL;
        -:  119:    }
        -:  120:    
        -:  121:    char* aligned_ptr = (char*)raw_ptr + sizeof(void*);
        -:  122:    aligned_ptr += alignment - ((uintptr_t)aligned_ptr % alignment);
        -:  123:    ((void**)aligned_ptr)[-1] = raw_ptr;  // Store original pointer
        -:  124:    ptr = aligned_ptr;
        -:  125:#endif
        -:  126:    
  105373*:  127:    return ptr;
        -:  128:}
------------------
mercury_aligned_alloc:
function mercury_aligned_alloc called 100002 returned 100% blocks executed 75%
   100002:   89:void* mercury_aligned_alloc(size_t size, size_t alignment) {
   100002:   90:    if (size == 0 || alignment == 0 || (alignment & (alignment - 1)) != 0) {
branch  0 taken 100% (fallthrough)
branch  1 taken 0%
branch  2 taken 0% (fallthrough)
branch  3 taken 100%
    #####:   91:        MERCURY_SET_ERROR(MERCURY_ERROR_INVALID_ARGUMENT, "Invalid size or alignment");
    #####:   92:        return NULL;
        -:   93:    }
        -:   94:    
   100002:   95:    void* ptr = NULL;
        -:   96:    
        -:   97:#ifdef MERCURY_LINUX
   100002:   98:    if (posix_memalign(&ptr, alignment, size) != 0) {
call    0 returned 100%
branch  1 taken 0% (fallthrough)
branch  2 taken 100%
    #####:   99:        MERCURY_SET_ERROR(MERCURY_ERROR_OUT_OF_MEMORY, "posix_memalign failed");
    #####:  100:        return NULL;
        -:  101:    }
        -:  102:#elif defined(MERCURY_MACOS)
        -:  103:    if (posix_memalign(&ptr, alignment, size) != 0) {
        -:  104:        MERCURY_SET_ERROR(MERCURY_ERROR_OUT_OF_MEMORY, "posix_memalign failed");
        -:  105:        return NULL;
        -:  106:    }
        -:  107:#elif defined(MERCURY_WINDOWS)
        -:  108:    ptr = _aligned_malloc(size, alignment);
        -:  109:    if (!ptr) {
        -:  110:        MERCURY_SET_ERROR(MERCURY_ERROR_OUT_OF_MEMORY, "_aligned_malloc failed");
        -:  111:        return NULL;
        -:  112:    }
        -:  113:#else
        -:  114:    // Fallback: allocate extra space and align manually
        -:  115:    void* raw_ptr = malloc(size + alignment - 1 + sizeof(void*));
        -:  116:    if (!raw_ptr) {
        -:  117:        MERCURY_SET_ERROR(MERCURY_ERROR_OUT_OF_MEMORY, "malloc failed");
        -:  118:        return NULL;
        -:  119:    }
        -:  120:    
        -:  121:    char* aligned_ptr = (char*)raw_ptr + sizeof(void*);
        -:  122:    aligned_ptr += alignment - ((uintptr_t)aligned_ptr % alignment);
        -:  123:    ((void**)aligned_ptr)[-1] = raw_ptr;  // Store original pointer
        -:  124:    ptr = aligned_ptr;
        -:  125:#endif
        -:  126:    
   100002:  127:    return ptr;
        -:  128:}
------------------
mercury_aligned_alloc:
function mercury_aligned_alloc called 139 returned 100% blocks executed 100%
      139:   89:void* mercury_aligned_alloc(size_t size, size_t alignment) {
      139:   90:    if (size == 0 || alignment == 0 || (alignment & (alignment - 1)) != 0) {
branch  0 taken 97% (fallthrough)
branch  1 taken 3%
branch  2 taken 2% (fallthrough)
branch  3 taken 98%
        7:   91:        MERCURY_SET_ERROR(MERCURY_ERROR_INVALID_ARGUMENT, "Invalid size or alignment");
        7:   92:        return NULL;
        -:   93:    }
        -:   94:    
      132:   95:    void* ptr = NULL;
        -:   96:    
        -:   97:#ifdef MERCURY_LINUX
      132:   98:    if (posix_memalign(&ptr, alignment, size) != 0) {
call    0 returned 100%
branch  1 taken 2% (fallthrough)
branch  2 taken 98%
        2:   99:        MERCURY_SET_ERROR(MERCURY_ERROR_OUT_OF_MEMORY, "posix_memalign failed");
        2:  100:        return NULL;
        -:  101:    }
        -:  102:#elif defined(MERCURY_MACOS)
        -:  103:    if (posix_memalign(&ptr, alignment, size) != 0) {
        -:  104:        MERCURY_SET_ERROR(MERCURY_ERROR_OUT_OF_MEMORY, "posix_memalign failed");
        -:  105:        return NULL;
        -:  106:    }
        -:  107:#elif defined(MERCURY_WINDOWS)
        -:  108:    ptr = _aligned_malloc(size, alignment);
        -:  109:    if (!ptr) {
        -:  110:        MERCURY_SET_ERROR(MERCURY_ERROR_OUT_OF_MEMORY, "_aligned_malloc failed");
        -:  111:        return NULL;
        -:  112:    }
        -:  113:#else
        -:  114:    // Fallback: allocate extra space and align manually
        -:  115:    void* raw_ptr = malloc(size + alignment - 1 + sizeof(void*));
        -:  116:    if (!raw_ptr) {
        -:  117:        MERCURY_SET_ERROR(MERCURY_ERROR_OUT_OF_MEMORY, "malloc failed");
        -:  118:        return NULL;
        -:  119:    }
        -:  120:    
        -:  121:    char* aligned_ptr = (char*)raw_ptr + sizeof(void*);
        -:  122:    aligned_ptr += alignment - ((uintptr_t)aligned_ptr % alignment);
        -:  123:    ((void**)aligned_ptr)[-1] = raw_ptr;  // Store original pointer
        -:  124:    ptr = aligned_ptr;
        -:  125:#endif
        -:  126:    
      130:  127:    return ptr;
        -:  128:}
------------------
mercury_aligned_alloc:
function mercury_aligned_alloc called 116 returned 100% blocks executed 100%
      116:   89:void* mercury_aligned_alloc(size_t size, size_t alignment) {
      116:   90:    if (size == 0 || alignment == 0 || (alignment & (alignment - 1)) != 0) {
branch  0 taken 98% (fallthrough)
branch  1 taken 2%
branch  2 taken 1% (fallthrough)
branch  3 taken 99%
        3:   91:        MERCURY_SET_ERROR(MERCURY_ERROR_INVALID_ARGUMENT, "Invalid size or alignment");
        3:   92:        return NULL;
        -:   93:    }
        -:   94:    
      113:   95:    void* ptr = NULL;
        -:   96:    
        -:   97:#ifdef MERCURY_LINUX
      113:   98:    if (posix_memalign(&ptr, alignment, size) != 0) {
call    0 returned 100%
branch  1 taken 1% (fallthrough)
branch  2 taken 99%
        1:   99:        MERCURY_SET_ERROR(MERCURY_ERROR_OUT_OF_MEMORY, "posix_memalign failed");
        1:  100:        return NULL;
        -:  101:    }
        -:  102:#elif defined(MERCURY_MACOS)
        -:  103:    if (posix_memalign(&ptr, alignment, size) != 0) {
        -:  104:        MERCURY_SET_ERROR(MERCURY_ERROR_OUT_OF_MEMORY, "posix_memalign failed");
        -:  105:        return NULL;
        -:  106:    }
        -:  107:#elif defined(MERCURY_WINDOWS)
        -:  108:    ptr = _aligned_malloc(size, alignment);
        -:  109:    if (!ptr) {
        -:  110:        MERCURY_SET_ERROR(MERCURY_ERROR_OUT_OF_MEMORY, "_aligned_malloc failed");
        -:  111:        return NULL;
        -:  112:    }
        -:  113:#else
        -:  114:    // Fallback: allocate extra space and align manually
        -:  115:    void* raw_ptr = malloc(size + alignment - 1 + sizeof(void*));
        -:  116:    if (!raw_ptr) {
        -:  117:        MERCURY_SET_ERROR(MERCURY_ERROR_OUT_OF_MEMORY, "malloc failed");
        -:  118:        return NULL;
        -:  119:    }
        -:  120:    
        -:  121:    char* aligned_ptr = (char*)raw_ptr + sizeof(void*);
        -:  122:    aligned_ptr += alignment - ((uintptr_t)aligned_ptr % alignment);
        -:  123:    ((void**)aligned_ptr)[-1] = raw_ptr;  // Store original pointer
        -:  124:    ptr = aligned_ptr;
        -:  125:#endif
        -:  126:    
      112:  127:    return ptr;
        -:  128:}
------------------
mercury_aligned_alloc:
function mercury_aligned_alloc called 19 returned 100% blocks executed 75%
       19:   89:void* mercury_aligned_alloc(size_t size, size_t alignment) {
       19:   90:    if (size == 0 || alignment == 0 || (alignment & (alignment - 1)) != 0) {
branch  0 taken 100% (fallthrough)
branch  1 taken 0%
branch  2 taken 0% (fallthrough)
branch  3 taken 100%
    #####:   91:        MERCURY_SET_ERROR(MERCURY_ERROR_INVALID_ARGUMENT, "Invalid size or alignment");
    #####:   92:        return NULL;
        -:   93:    }
        -:   94:    
       19:   95:    void* ptr = NULL;
        -:   96:    
        -:   97:#ifdef MERCURY_LINUX
       19:   98:    if (posix_memalign(&ptr, alignment, size) != 0) {
call    0 returned 100%
branch  1 taken 0% (fallthrough)
branch  2 taken 100%
    #####:   99:        MERCURY_SET_ERROR(MERCURY_ERROR_OUT_OF_MEMORY, "posix_memalign failed");
    #####:  100:        return NULL;
        -:  101:    }
        -:  102:#elif defined(MERCURY_MACOS)
        -:  103:    if (posix_memalign(&ptr, alignment, size) != 0) {
        -:  104:        MERCURY_SET_ERROR(MERCURY_ERROR_OUT_OF_MEMORY, "posix_memalign failed");
        -:  105:        return NULL;
        -:  106:    }
        -:  107:#elif defined(MERCURY_WINDOWS)
        -:  108:    ptr = _aligned_malloc(size, alignment);
        -:  109:    if (!ptr) {
        -:  110:        MERCURY_SET_ERROR(MERCURY_ERROR_OUT_OF_MEMORY, "_aligned_malloc failed");
        -:  111:        return NULL;
        -:  112:    }
        -:  113:#else
        -:  114:    // Fallback: allocate extra space and align manually
        -:  115:    void* raw_ptr = malloc(size + alignment - 1 + sizeof(void*));
        -:  116:    if (!raw_ptr) {
        -:  117:        MERCURY_SET_ERROR(MERCURY_ERROR_OUT_OF_MEMORY, "malloc failed");
        -:  118:        return NULL;
        -:  119:    }
        -:  120:    
        -:  121:    char* aligned_ptr = (char*)raw_ptr + sizeof(void*);
        -:  122:    aligned_ptr += alignment - ((uintptr_t)aligned_ptr % alignment);
        -:  123:    ((void**)aligned_ptr)[-1] = raw_ptr;  // Store original pointer
        -:  124:    ptr = aligned_ptr;
        -:  125:#endif
        -:  126:    
       19:  127:    return ptr;
        -:  128:}
------------------
mercury_aligned_alloc:
function mercury_aligned_alloc called 0 returned 0% blocks executed 0%
    #####:   89:void* mercury_aligned_alloc(size_t size, size_t alignment) {
    #####:   90:    if (size == 0 || alignment == 0 || (alignment & (alignment - 1)) != 0) {
branch  0 never executed
branch  1 never executed
branch  2 never executed
branch  3 never executed
    #####:   91:        MERCURY_SET_ERROR(MERCURY_ERROR_INVALID_ARGUMENT, "Invalid size or alignment");
    #####:   92:        return NULL;
        -:   93:    }
        -:   94:    
    #####:   95:    void* ptr = NULL;
        -:   96:    
        -:   97:#ifdef MERCURY_LINUX
    #####:   98:    if (posix_memalign(&ptr, alignment, size) != 0) {
call    0 never executed
branch  1 never executed
branch  2 never executed
    #####:   99:        MERCURY_SET_ERROR(MERCURY_ERROR_OUT_OF_MEMORY, "posix_memalign failed");
    #####:  100:        return NULL;
        -:  101:    }
        -:  102:#elif defined(MERCURY_MACOS)
        -:  103:    if (posix_memalign(&ptr, alignment, size) != 0) {
        -:  104:        MERCURY_SET_ERROR(MERCURY_ERROR_OUT_OF_MEMORY, "posix_memalign failed");
        -:  105:        return NULL;
        -:  106:    }
        -:  107:#elif defined(MERCURY_WINDOWS)
        -:  108:    ptr = _aligned_malloc(size, alignment);
        -:  109:    if (!ptr) {
        -:  110:        MERCURY_SET_ERROR(MERCURY_ERROR_OUT_OF_MEMORY, "_aligned_malloc failed");
        -:  111:        return NULL;
        -:  112:    }
        -:  113:#else
        -:  114:    // Fallback: allocate extra space and align manually
        -:  115:    void* raw_ptr = malloc(size + alignment - 1 + sizeof(void*));
        -:  116:    if (!raw_ptr) {
        -:  117:        MERCURY_SET_ERROR(MERCURY_ERROR_OUT_OF_MEMORY, "malloc failed");
        -:  118:        return NULL;
        -:  119:    }
        -:  120:    
        -:  121:    char* aligned_ptr = (char*)raw_ptr + sizeof(void*);
        -:  122:    aligned_ptr += alignment - ((uintptr_t)aligned_ptr % alignment);
        -:  123:    ((void**)aligned_ptr)[-1] = raw_ptr;  // Store original pointer
        -:  124:    ptr = aligned_ptr;
        -:  125:#endif
        -:  126:    
    #####:  127:    return ptr;
        -:  128:}
------------------
mercury_aligned_alloc:
function mercury_aligned_alloc called 96 returned 100% blocks executed 75%
       96:   89:void* mercury_aligned_alloc(size_t size, size_t alignment) {
       96:   90:    if (size == 0 || alignment == 0 || (alignment & (alignment - 1)) != 0) {
branch  0 taken 100% (fallthrough)
branch  1 taken 0%
branch  2 taken 0% (fallthrough)
branch  3 taken 100%
    #####:   91:        MERCURY_SET_ERROR(MERCURY_ERROR_INVALID_ARGUMENT, "Invalid size or alignment");
    #####:   92:        return NULL;
        -:   93:    }
        -:   94:    
       96:   95:    void* ptr = NULL;
        -:   96:    
        -:   97:#ifdef MERCURY_LINUX
       96:   98:    if (posix_memalign(&ptr, alignment, size) != 0) {
call    0 returned 100%
branch  1 taken 0% (fallthrough)
branch  2 taken 100%
    #####:   99:        MERCURY_SET_ERROR(MERCURY_ERROR_OUT_OF_MEMORY, "posix_memalign failed");
    #####:  100:        return NULL;
        -:  101:    }
        -:  102:#elif defined(MERCURY_MACOS)
        -:  103:    if (posix_memalign(&ptr, alignment, size) != 0) {
        -:  104:        MERCURY_SET_ERROR(MERCURY_ERROR_OUT_OF_MEMORY, "posix_memalign failed");
        -:  105:        return NULL;
        -:  106:    }
        -:  107:#elif defined(MERCURY_WINDOWS)
        -:  108:    ptr = _aligned_malloc(size, alignment);
        -:  109:    if (!ptr) {
        -:  110:        MERCURY_SET_ERROR(MERCURY_ERROR_OUT_OF_MEMORY, "_aligned_malloc failed");
        -:  111:        return NULL;
        -:  112:    }
        -:  113:#else
        -:  114:    // Fallback: allocate extra space and align manually
        -:  115:    void* raw_ptr = malloc(size + alignment - 1 + sizeof(void*));
        -:  116:    if (!raw_ptr) {
        -:  117:        MERCURY_SET_ERROR(MERCURY_ERROR_OUT_OF_MEMORY, "malloc failed");
        -:  118:        return NULL;
        -:  119:    }
        -:  120:    
        -:  121:    char* aligned_ptr = (char*)raw_ptr + sizeof(void*);
        -:  122:    aligned_ptr += alignment - ((uintptr_t)aligned_ptr % alignment);
        -:  123:    ((void**)aligned_ptr)[-1] = raw_ptr;  // Store original pointer
        -:  124:    ptr = aligned_ptr;
        -:  125:#endif
        -:  126:    
       96:  127:    return ptr;
        -:  128:}
------------------
mercury_aligned_alloc:
function mercury_aligned_alloc called 0 returned 0% blocks executed 0%
    #####:   89:void* mercury_aligned_alloc(size_t size, size_t alignment) {
    #####:   90:    if (size == 0 || alignment == 0 || (alignment & (alignment - 1)) != 0) {
branch  0 never executed
branch  1 never executed
branch  2 never executed
branch  3 never executed
    #####:   91:        MERCURY_SET_ERROR(MERCURY_ERROR_INVALID_ARGUMENT, "Invalid size or alignment");
    #####:   92:        return NULL;
        -:   93:    }
        -:   94:    
    #####:   95:    void* ptr = NULL;
        -:   96:    
        -:   97:#ifdef MERCURY_LINUX
    #####:   98:    if (posix_memalign(&ptr, alignment, size) != 0) {
call    0 never executed
branch  1 never executed
branch  2 never executed
    #####:   99:        MERCURY_SET_ERROR(MERCURY_ERROR_OUT_OF_MEMORY, "posix_memalign failed");
    #####:  100:        return NULL;
        -:  101:    }
        -:  102:#elif defined(MERCURY_MACOS)
        -:  103:    if (posix_memalign(&ptr, alignment, size) != 0) {
        -:  104:        MERCURY_SET_ERROR(MERCURY_ERROR_OUT_OF_MEMORY, "posix_memalign failed");
        -:  105:        return NULL;
        -:  106:    }
        -:  107:#elif defined(MERCURY_WINDOWS)
        -:  108:    ptr = _aligned_malloc(size, alignment);
        -:  109:    if (!ptr) {
        -:  110:        MERCURY_SET_ERROR(MERCURY_ERROR_OUT_OF_MEMORY, "_aligned_malloc failed");
        -:  111:        return NULL;
        -:  112:    }
        -:  113:#else
        -:  114:    // Fallback: allocate extra space and align manually
        -:  115:    void* raw_ptr = malloc(size + alignment - 1 + sizeof(void*));
        -:  116:    if (!raw_ptr) {
        -:  117:        MERCURY_SET_ERROR(MERCURY_ERROR_OUT_OF_MEMORY, "malloc failed");
        -:  118:        return NULL;
        -:  119:    }
        -:  120:    
        -:  121:    char* aligned_ptr = (char*)raw_ptr + sizeof(void*);
        -:  122:    aligned_ptr += alignment - ((uintptr_t)aligned_ptr % alignment);
        -:  123:    ((void**)aligned_ptr)[-1] = raw_ptr;  // Store original pointer
        -:  124:    ptr = aligned_ptr;
        -:  125:#endif
        -:  126:    
    #####:  127:    return ptr;
        -:  128:}
------------------
mercury_aligned_alloc:
function mercury_aligned_alloc called 0 returned 0% blocks executed 0%
    #####:   89:void* mercury_aligned_alloc(size_t size, size_t alignment) {
    #####:   90:    if (size == 0 || alignment == 0 || (alignment & (alignment - 1)) != 0) {
branch  0 never executed
branch  1 never executed
branch  2 never executed
branch  3 never executed
    #####:   91:        MERCURY_SET_ERROR(MERCURY_ERROR_INVALID_ARGUMENT, "Invalid size or alignment");
    #####:   92:        return NULL;
        -:   93:    }
        -:   94:    
    #####:   95:    void* ptr = NULL;
        -:   96:    
        -:   97:#ifdef MERCURY_LINUX
    #####:   98:    if (posix_memalign(&ptr, alignment, size) != 0) {
call    0 never executed
branch  1 never executed
branch  2 never executed
    #####:   99:        MERCURY_SET_ERROR(MERCURY_ERROR_OUT_OF_MEMORY, "posix_memalign failed");
    #####:  100:        return NULL;
        -:  101:    }
        -:  102:#elif defined(MERCURY_MACOS)
        -:  103:    if (posix_memalign(&ptr, alignment, size) != 0) {
        -:  104:        MERCURY_SET_ERROR(MERCURY_ERROR_OUT_OF_MEMORY, "posix_memalign failed");
        -:  105:        return NULL;
        -:  106:    }
        -:  107:#elif defined(MERCURY_WINDOWS)
        -:  108:    ptr = _aligned_malloc(size, alignment);
        -:  109:    if (!ptr) {
        -:  110:        MERCURY_SET_ERROR(MERCURY_ERROR_OUT_OF_MEMORY, "_aligned_malloc failed");
        -:  111:        return NULL;
        -:  112:    }
        -:  113:#else
        -:  114:    // Fallback: allocate extra space and align manually
        -:  115:    void* raw_ptr = malloc(size + alignment - 1 + sizeof(void*));
        -:  116:    if (!raw_ptr) {
        -:  117:        MERCURY_SET_ERROR(MERCURY_ERROR_OUT_OF_MEMORY, "malloc failed");
        -:  118:        return NULL;
        -:  119:    }
        -:  120:    
        -:  121:    char* aligned_ptr = (char*)raw_ptr + sizeof(void*);
        -:  122:    aligned_ptr += alignment - ((uintptr_t)aligned_ptr % alignment);
        -:  123:    ((void**)aligned_ptr)[-1] = raw_ptr;  // Store original pointer
        -:  124:    ptr = aligned_ptr;
        -:  125:#endif
        -:  126:    
    #####:  127:    return ptr;
        -:  128:}
------------------
mercury_aligned_alloc:
function mercury_aligned_alloc called 0 returned 0% blocks executed 0%
    #####:   89:void* mercury_aligned_alloc(size_t size, size_t alignment) {
    #####:   90:    if (size == 0 || alignment == 0 || (alignment & (alignment - 1)) != 0) {
branch  0 never executed
branch  1 never executed
branch  2 never executed
branch  3 never executed
    #####:   91:        MERCURY_SET_ERROR(MERCURY_ERROR_INVALID_ARGUMENT, "Invalid size or alignment");
    #####:   92:        return NULL;
        -:   93:    }
        -:   94:    
    #####:   95:    void* ptr = NULL;
        -:   96:    
        -:   97:#ifdef MERCURY_LINUX
    #####:   98:    if (posix_memalign(&ptr, alignment, size) != 0) {
call    0 never executed
branch  1 never executed
branch  2 never executed
    #####:   99:        MERCURY_SET_ERROR(MERCURY_ERROR_OUT_OF_MEMORY, "posix_memalign failed");
    #####:  100:        return NULL;
        -:  101:    }
        -:  102:#elif defined(MERCURY_MACOS)
        -:  103:    if (posix_memalign(&ptr, alignment, size) != 0) {
        -:  104:        MERCURY_SET_ERROR(MERCURY_ERROR_OUT_OF_MEMORY, "posix_memalign failed");
        -:  105:        return NULL;
        -:  106:    }
        -:  107:#elif defined(MERCURY_WINDOWS)
        -:  108:    ptr = _aligned_malloc(size, alignment);
        -:  109:    if (!ptr) {
        -:  110:        MERCURY_SET_ERROR(MERCURY_ERROR_OUT_OF_MEMORY, "_aligned_malloc failed");
        -:  111:        return NULL;
        -:  112:    }
        -:  113:#else
        -:  114:    // Fallback: allocate extra space and align manually
        -:  115:    void* raw_ptr = malloc(size + alignment - 1 + sizeof(void*));
        -:  116:    if (!raw_ptr) {
        -:  117:        MERCURY_SET_ERROR(MERCURY_ERROR_OUT_OF_MEMORY, "malloc failed");
        -:  118:        return NULL;
        -:  119:    }
        -:  120:    
        -:  121:    char* aligned_ptr = (char*)raw_ptr + sizeof(void*);
        -:  122:    aligned_ptr += alignment - ((uintptr_t)aligned_ptr % alignment);
        -:  123:    ((void**)aligned_ptr)[-1] = raw_ptr;  // Store original pointer
        -:  124:    ptr = aligned_ptr;
        -:  125:#endif
        -:  126:    
    #####:  127:    return ptr;
        -:  128:}
------------------
mercury_aligned_alloc:
function mercury_aligned_alloc called 2504 returned 100% blocks executed 75%
     2504:   89:void* mercury_aligned_alloc(size_t size, size_t alignment) {
     2504:   90:    if (size == 0 || alignment == 0 || (alignment & (alignment - 1)) != 0) {
branch  0 taken 100% (fallthrough)
branch  1 taken 0%
branch  2 taken 0% (fallthrough)
branch  3 taken 100%
    #####:   91:        MERCURY_SET_ERROR(MERCURY_ERROR_INVALID_ARGUMENT, "Invalid size or alignment");
    #####:   92:        return NULL;
        -:   93:    }
        -:   94:    
     2504:   95:    void* ptr = NULL;
        -:   96:    
        -:   97:#ifdef MERCURY_LINUX
     2504:   98:    if (posix_memalign(&ptr, alignment, size) != 0) {
call    0 returned 100%
branch  1 taken 0% (fallthrough)
branch  2 taken 100%
    #####:   99:        MERCURY_SET_ERROR(MERCURY_ERROR_OUT_OF_MEMORY, "posix_memalign failed");
    #####:  100:        return NULL;
        -:  101:    }
        -:  102:#elif defined(MERCURY_MACOS)
        -:  103:    if (posix_memalign(&ptr, alignment, size) != 0) {
        -:  104:        MERCURY_SET_ERROR(MERCURY_ERROR_OUT_OF_MEMORY, "posix_memalign failed");
        -:  105:        return NULL;
        -:  106:    }
        -:  107:#elif defined(MERCURY_WINDOWS)
        -:  108:    ptr = _aligned_malloc(size, alignment);
        -:  109:    if (!ptr) {
        -:  110:        MERCURY_SET_ERROR(MERCURY_ERROR_OUT_OF_MEMORY, "_aligned_malloc failed");
        -:  111:        return NULL;
        -:  112:    }
        -:  113:#else
        -:  114:    // Fallback: allocate extra space and align manually
        -:  115:    void* raw_ptr = malloc(size + alignment - 1 + sizeof(void*));
        -:  116:    if (!raw_ptr) {
        -:  117:        MERCURY_SET_ERROR(MERCURY_ERROR_OUT_OF_MEMORY, "malloc failed");
        -:  118:        return NULL;
        -:  119:    }
        -:  120:    
        -:  121:    char* aligned_ptr = (char*)raw_ptr + sizeof(void*);
        -:  122:    aligned_ptr += alignment - ((uintptr_t)aligned_ptr % alignment);
        -:  123:    ((void**)aligned_ptr)[-1] = raw_ptr;  // Store original pointer
        -:  124:    ptr = aligned_ptr;
        -:  125:#endif
        -:  126:    
     2504:  127:    return ptr;
        -:  128:}
------------------
mercury_aligned_alloc:
function mercury_aligned_alloc called 2504 returned 100% blocks executed 75%
     2504:   89:void* mercury_aligned_alloc(size_t size, size_t alignment) {
     2504:   90:    if (size == 0 || alignment == 0 || (alignment & (alignment - 1)) != 0) {
branch  0 taken 100% (fallthrough)
branch  1 taken 0%
branch  2 taken 0% (fallthrough)
branch  3 taken 100%
    #####:   91:        MERCURY_SET_ERROR(MERCURY_ERROR_INVALID_ARGUMENT, "Invalid size or alignment");
    #####:   92:        return NULL;
        -:   93:    }
        -:   94:    
     2504:   95:    void* ptr = NULL;
        -:   96:    
        -:   97:#ifdef MERCURY_LINUX
     2504:   98:    if (posix_memalign(&ptr, alignment, size) != 0) {
call    0 returned 100%
branch  1 taken 0% (fallthrough)
branch  2 taken 100%
    #####:   99:        MERCURY_SET_ERROR(MERCURY_ERROR_OUT_OF_MEMORY, "posix_memalign failed");
    #####:  100:        return NULL;
        -:  101:    }
        -:  102:#elif defined(MERCURY_MACOS)
        -:  103:    if (posix_memalign(&ptr, alignment, size) != 0) {
        -:  104:        MERCURY_SET_ERROR(MERCURY_ERROR_OUT_OF_MEMORY, "posix_memalign failed");
        -:  105:        return NULL;
        -:  106:    }
        -:  107:#elif defined(MERCURY_WINDOWS)
        -:  108:    ptr = _aligned_malloc(size, alignment);
        -:  109:    if (!ptr) {
        -:  110:        MERCURY_SET_ERROR(MERCURY_ERROR_OUT_OF_MEMORY, "_aligned_malloc failed");
        -:  111:        return NULL;
        -:  112:    }
        -:  113:#else
        -:  114:    // Fallback: allocate extra space and align manually
        -:  115:    void* raw_ptr = malloc(size + alignment - 1 + sizeof(void*));
        -:  116:    if (!raw_ptr) {
        -:  117:        MERCURY_SET_ERROR(MERCURY_ERROR_OUT_OF_MEMORY, "malloc failed");
        -:  118:        return NULL;
        -:  119:    }
        -:  120:    
        -:  121:    char* aligned_ptr = (char*)raw_ptr + sizeof(void*);
        -:  122:    aligned_ptr += alignment - ((uintptr_t)aligned_ptr % alignment);
        -:  123:    ((void**)aligned_ptr)[-1] = raw_ptr;  // Store original pointer
        -:  124:    ptr = aligned_ptr;
        -:  125:#endif
        -:  126:    
     2504:  127:    return ptr;
        -:  128:}
------------------
mercury_aligned_alloc:
function mercury_aligned_alloc called 2 returned 100% blocks executed 75%
        2:   89:void* mercury_aligned_alloc(size_t size, size_t alignment) {
        2:   90:    if (size == 0 || alignment == 0 || (alignment & (alignment - 1)) != 0) {
branch  0 taken 100% (fallthrough)
branch  1 taken 0%
branch  2 taken 0% (fallthrough)
branch  3 taken 100%
    #####:   91:        MERCURY_SET_ERROR(MERCURY_ERROR_INVALID_ARGUMENT, "Invalid size or alignment");
    #####:   92:        return NULL;
        -:   93:    }
        -:   94:    
        2:   95:    void* ptr = NULL;
        -:   96:    
        -:   97:#ifdef MERCURY_LINUX
        2:   98:    if (posix_memalign(&ptr, alignment, size) != 0) {
call    0 returned 100%
branch  1 taken 0% (fallthrough)
branch  2 taken 100%
    #####:   99:        MERCURY_SET_ERROR(MERCURY_ERROR_OUT_OF_MEMORY, "posix_memalign failed");
    #####:  100:        return NULL;
        -:  101:    }
        -:  102:#elif defined(MERCURY_MACOS)
        -:  103:    if (posix_memalign(&ptr, alignment, size) != 0) {
        -:  104:        MERCURY_SET_ERROR(MERCURY_ERROR_OUT_OF_MEMORY, "posix_memalign failed");
        -:  105:        return NULL;
        -:  106:    }
        -:  107:#elif defined(MERCURY_WINDOWS)
        -:  108:    ptr = _aligned_malloc(size, alignment);
        -:  109:    if (!ptr) {
        -:  110:        MERCURY_SET_ERROR(MERCURY_ERROR_OUT_OF_MEMORY, "_aligned_malloc failed");
        -:  111:        return NULL;
        -:  112:    }
        -:  113:#else
        -:  114:    // Fallback: allocate extra space and align manually
        -:  115:    void* raw_ptr = malloc(size + alignment - 1 + sizeof(void*));
        -:  116:    if (!raw_ptr) {
        -:  117:        MERCURY_SET_ERROR(MERCURY_ERROR_OUT_OF_MEMORY, "malloc failed");
        -:  118:        return NULL;
        -:  119:    }
        -:  120:    
        -:  121:    char* aligned_ptr = (char*)raw_ptr + sizeof(void*);
        -:  122:    aligned_ptr += alignment - ((uintptr_t)aligned_ptr % alignment);
        -:  123:    ((void**)aligned_ptr)[-1] = raw_ptr;  // Store original pointer
        -:  124:    ptr = aligned_ptr;
        -:  125:#endif
        -:  126:    
        2:  127:    return ptr;
        -:  128:}
------------------
mercury_aligned_alloc:
function mercury_aligned_alloc called 2 returned 100% blocks executed 75%
        2:   89:void* mercury_aligned_alloc(size_t size, size_t alignment) {
        2:   90:    if (size == 0 || alignment == 0 || (alignment & (alignment - 1)) != 0) {
branch  0 taken 100% (fallthrough)
branch  1 taken 0%
branch  2 taken 0% (fallthrough)
branch  3 taken 100%
    #####:   91:        MERCURY_SET_ERROR(MERCURY_ERROR_INVALID_ARGUMENT, "Invalid size or alignment");
    #####:   92:        return NULL;
        -:   93:    }
        -:   94:    
        2:   95:    void* ptr = NULL;
        -:   96:    
        -:   97:#ifdef MERCURY_LINUX
        2:   98:    if (posix_memalign(&ptr, alignment, size) != 0) {
call    0 returned 100%
branch  1 taken 0% (fallthrough)
branch  2 taken 100%
    #####:   99:        MERCURY_SET_ERROR(MERCURY_ERROR_OUT_OF_MEMORY, "posix_memalign failed");
    #####:  100:        return NULL;
        -:  101:    }
        -:  102:#elif defined(MERCURY_MACOS)
        -:  103:    if (posix_memalign(&ptr, alignment, size) != 0) {
        -:  104:        MERCURY_SET_ERROR(MERCURY_ERROR_OUT_OF_MEMORY, "posix_memalign failed");
        -:  105:        return NULL;
        -:  106:    }
        -:  107:#elif defined(MERCURY_WINDOWS)
        -:  108:    ptr = _aligned_malloc(size, alignment);
        -:  109:    if (!ptr) {
        -:  110:        MERCURY_SET_ERROR(MERCURY_ERROR_OUT_OF_MEMORY, "_aligned_malloc failed");
        -:  111:        return NULL;
        -:  112:    }
        -:  113:#else
        -:  114:    // Fallback: allocate extra space and align manually
        -:  115:    void* raw_ptr = malloc(size + alignment - 1 + sizeof(void*));
        -:  116:    if (!raw_ptr) {
        -:  117:        MERCURY_SET_ERROR(MERCURY_ERROR_OUT_OF_MEMORY, "malloc failed");
        -:  118:        return NULL;
        -:  119:    }
        -:  120:    
        -:  121:    char* aligned_ptr = (char*)raw_ptr + sizeof(void*);
        -:  122:    aligned_ptr += alignment - ((uintptr_t)aligned_ptr % alignment);
        -:  123:    ((void**)aligned_ptr)[-1] = raw_ptr;  // Store original pointer
        -:  124:    ptr = aligned_ptr;
        -:  125:#endif
        -:  126:    
        2:  127:    return ptr;
        -:  128:}
------------------
mercury_aligned_alloc:
function mercury_aligned_alloc called 2 returned 100% blocks executed 75%
        2:   89:void* mercury_aligned_alloc(size_t size, size_t alignment) {
        2:   90:    if (size == 0 || alignment == 0 || (alignment & (alignment - 1)) != 0) {
branch  0 taken 100% (fallthrough)
branch  1 taken 0%
branch  2 taken 0% (fallthrough)
branch  3 taken 100%
    #####:   91:        MERCURY_SET_ERROR(MERCURY_ERROR_INVALID_ARGUMENT, "Invalid size or alignment");
    #####:   92:        return NULL;
        -:   93:    }
        -:   94:    
        2:   95:    void* ptr = NULL;
        -:   96:    
        -:   97:#ifdef MERCURY_LINUX
        2:   98:    if (posix_memalign(&ptr, alignment, size) != 0) {
call    0 returned 100%
branch  1 taken 0% (fallthrough)
branch  2 taken 100%
    #####:   99:        MERCURY_SET_ERROR(MERCURY_ERROR_OUT_OF_MEMORY, "posix_memalign failed");
    #####:  100:        return NULL;
        -:  101:    }
        -:  102:#elif defined(MERCURY_MACOS)
        -:  103:    if (posix_memalign(&ptr, alignment, size) != 0) {
        -:  104:        MERCURY_SET_ERROR(MERCURY_ERROR_OUT_OF_MEMORY, "posix_memalign failed");
        -:  105:        return NULL;
        -:  106:    }
        -:  107:#elif defined(MERCURY_WINDOWS)
        -:  108:    ptr = _aligned_malloc(size, alignment);
        -:  109:    if (!ptr) {
        -:  110:        MERCURY_SET_ERROR(MERCURY_ERROR_OUT_OF_MEMORY, "_aligned_malloc failed");
        -:  111:        return NULL;
        -:  112:    }
        -:  113:#else
        -:  114:    // Fallback: allocate extra space and align manually
        -:  115:    void* raw_ptr = malloc(size + alignment - 1 + sizeof(void*));
        -:  116:    if (!raw_ptr) {
        -:  117:        MERCURY_SET_ERROR(MERCURY_ERROR_OUT_OF_MEMORY, "malloc failed");
        -:  118:        return NULL;
        -:  119:    }
        -:  120:    
        -:  121:    char* aligned_ptr = (char*)raw_ptr + sizeof(void*);
        -:  122:    aligned_ptr += alignment - ((uintptr_t)aligned_ptr % alignment);
        -:  123:    ((void**)aligned_ptr)[-1] = raw_ptr;  // Store original pointer
        -:  124:    ptr = aligned_ptr;
        -:  125:#endif
        -:  126:    
        2:  127:    return ptr;
        -:  128:}
------------------
        -:  129:
  105374*:  130:void mercury_aligned_free(void* ptr) {
  105374*:  131:    if (!ptr) return;
        -:  132:    
        -:  133:#ifdef MERCURY_LINUX
  105373*:  134:    free(ptr);
        -:  135:#elif defined(MERCURY_MACOS)
        -:  136:    free(ptr);
        -:  137:#elif defined(MERCURY_WINDOWS)
        -:  138:    _aligned_free(ptr);
        -:  139:#else
        -:  140:    // Fallback: retrieve original pointer and free
        -:  141:    void* raw_ptr = ((void**)ptr)[-1];
        -:  142:    free(raw_ptr);
        -:  143:#endif
        -:  144:}
------------------
mercury_aligned_free:
function mercury_aligned_free called 100002 returned 100% blocks executed 100%
   100002:  130:void mercury_aligned_free(void* ptr) {
   100002:  131:    if (!ptr) return;
branch  0 taken 100% (fallthrough)
branch  1 taken 0%
        -:  132:    
        -:  133:#ifdef MERCURY_LINUX
   100002:  134:    free(ptr);
        -:  135:#elif defined(MERCURY_MACOS)
        -:  136:    free(ptr);
        -:  137:#elif defined(MERCURY_WINDOWS)
        -:  138:    _aligned_free(ptr);
        -:  139:#else
        -:  140:    // Fallback: retrieve original pointer and free
        -:  141:    void* raw_ptr = ((void**)ptr)[-1];
        -:  142:    free(raw_ptr);
        -:  143:#endif
        -:  144:}
------------------
mercury_aligned_free:
function mercury_aligned_free called 131 returned 100% blocks executed 100%
      131:  130:void mercury_aligned_free(void* ptr) {
      131:  131:    if (!ptr) return;
branch  0 taken 99% (fallthrough)
branch  1 taken 1%
        -:  132:    
        -:  133:#ifdef MERCURY_LINUX
      130:  134:    free(ptr);
        -:  135:#elif defined(MERCURY_MACOS)
        -:  136:    free(ptr);
        -:  137:#elif defined(MERCURY_WINDOWS)
        -:  138:    _aligned_free(ptr);
        -:  139:#else
        -:  140:    // Fallback: retrieve original pointer and free
        -:  141:    void* raw_ptr = ((void**)ptr)[-1];
        -:  142:    free(raw_ptr);
        -:  143:#endif
        -:  144:}
------------------
mercury_aligned_free:
function mercury_aligned_free called 112 returned 100% blocks executed 100%
      112:  130:void mercury_aligned_free(void* ptr) {
      112:  131:    if (!ptr) return;
branch  0 taken 100% (fallthrough)
branch  1 taken 0%
        -:  132:    
        -:  133:#ifdef MERCURY_LINUX
      112:  134:    free(ptr);
        -:  135:#elif defined(MERCURY_MACOS)
        -:  136:    free(ptr);
        -:  137:#elif defined(MERCURY_WINDOWS)
        -:  138:    _aligned_free(ptr);
        -:  139:#else
        -:  140:    // Fallback: retrieve original pointer and free
        -:  141:    void* raw_ptr = ((void**)ptr)[-1];
        -:  142:    free(raw_ptr);
        -:  143:#endif
        -:  144:}
------------------
mercury_aligned_free:
function mercury_aligned_free called 19 returned 100% blocks executed 100%
       19:  130:void mercury_aligned_free(void* ptr) {
       19:  131:    if (!ptr) return;
branch  0 taken 100% (fallthrough)
branch  1 taken 0%
        -:  132:    
        -:  133:#ifdef MERCURY_LINUX
       19:  134:    free(ptr);
        -:  135:#elif defined(MERCURY_MACOS)
        -:  136:    free(ptr);
        -:  137:#elif defined(MERCURY_WINDOWS)
        -:  138:    _aligned_free(ptr);
        -:  139:#else
        -:  140:    // Fallback: retrieve original pointer and free
        -:  141:    void* raw_ptr = ((void**)ptr)[-1];
        -:  142:    free(raw_ptr);
        -:  143:#endif
        -:  144:}
------------------
mercury_aligned_free:
function mercury_aligned_free called 0 returned 0% blocks executed 0%
    #####:  130:void mercury_aligned_free(void* ptr) {
    #####:  131:    if (!ptr) return;
branch  0 never executed
branch  1 never executed
        -:  132:    
        -:  133:#ifdef MERCURY_LINUX
    #####:  134:    free(ptr);
        -:  135:#elif defined(MERCURY_MACOS)
        -:  136:    free(ptr);
        -:  137:#elif defined(MERCURY_WINDOWS)
        -:  138:    _aligned_free(ptr);
        -:  139:#else
        -:  140:    // Fallback: retrieve original pointer and free
        -:  141:    void* raw_ptr = ((void**)ptr)[-1];
        -:  142:    free(raw_ptr);
        -:  143:#endif
        -:  144:}
------------------
mercury_aligned_free:
function mercury_aligned_free called 96 returned 100% blocks executed 100%
       96:  130:void mercury_aligned_free(void* ptr) {
       96:  131:    if (!ptr) return;
branch  0 taken 100% (fallthrough)
branch  1 taken 0%
        -:  132:    
        -:  133:#ifdef MERCURY_LINUX
       96:  134:    free(ptr);
        -:  135:#elif defined(MERCURY_MACOS)
        -:  136:    free(ptr);
        -:  137:#elif defined(MERCURY_WINDOWS)
        -:  138:    _aligned_free(ptr);
        -:  139:#else
        -:  140:    // Fallback: retrieve original pointer and free
        -:  141:    void* raw_ptr = ((void**)ptr)[-1];
        -:  142:    free(raw_ptr);
        -:  143:#endif
        -:  144:}
------------------
mercury_aligned_free:
function mercury_aligned_free called 0 returned 0% blocks executed 0%
    #####:  130:void mercury_aligned_free(void* ptr) {
    #####:  131:    if (!ptr) return;
branch  0 never executed
branch  1 never executed
        -:  132:    
        -:  133:#ifdef MERCURY_LINUX
    #####:  134:    free(ptr);
        -:  135:#elif defined(MERCURY_MACOS)
        -:  136:    free(ptr);
        -:  137:#elif defined(MERCURY_WINDOWS)
        -:  138:    _aligned_free(ptr);
        -:  139:#else
        -:  140:    // Fallback: retrieve original pointer and free
        -:  141:    void* raw_ptr = ((void**)ptr)[-1];
        -:  142:    free(raw_ptr);
        -:  143:#endif
        -:  144:}
------------------
mercury_aligned_free:
function mercury_aligned_free called 0 returned 0% blocks executed 0%
    #####:  130:void mercury_aligned_free(void* ptr) {
    #####:  131:    if (!ptr) return;
branch  0 never executed
branch  1 never executed
        -:  132:    
        -:  133:#ifdef MERCURY_LINUX
    #####:  134:    free(ptr);
        -:  135:#elif defined(MERCURY_MACOS)
        -:  136:    free(ptr);
        -:  137:#elif defined(MERCURY_WINDOWS)
        -:  138:    _aligned_free(ptr);
        -:  139:#else
        -:  140:    // Fallback: retrieve original pointer and free
        -:  141:    void* raw_ptr = ((void**)ptr)[-1];
        -:  142:    free(raw_ptr);
        -:  143:#endif
        -:  144:}
------------------
mercury_aligned_free:
function mercury_aligned_free called 0 returned 0% blocks executed 0%
    #####:  130:void mercury_aligned_free(void* ptr) {
    #####:  131:    if (!ptr) return;
branch  0 never executed
branch  1 never executed
        -:  132:    
        -:  133:#ifdef MERCURY_LINUX
    #####:  134:    free(ptr);
        -:  135:#elif defined(MERCURY_MACOS)
        -:  136:    free(ptr);
        -:  137:#elif defined(MERCURY_WINDOWS)
        -:  138:    _aligned_free(ptr);
        -:  139:#else
        -:  140:    // Fallback: retrieve original pointer and free
        -:  141:    void* raw_ptr = ((void**)ptr)[-1];
        -:  142:    free(raw_ptr);
        -:  143:#endif
        -:  144:}
------------------
mercury_aligned_free:
function mercury_aligned_free called 2504 returned 100% blocks executed 100%
     2504:  130:void mercury_aligned_free(void* ptr) {
     2504:  131:    if (!ptr) return;
branch  0 taken 100% (fallthrough)
branch  1 taken 0%
        -:  132:    
        -:  133:#ifdef MERCURY_LINUX
     2504:  134:    free(ptr);
        -:  135:#elif defined(MERCURY_MACOS)
        -:  136:    free(ptr);
        -:  137:#elif defined(MERCURY_WINDOWS)
        -:  138:    _aligned_free(ptr);
        -:  139:#else
        -:  140:    // Fallback: retrieve original pointer and free
        -:  141:    void* raw_ptr = ((void**)ptr)[-1];
        -:  142:    free(raw_ptr);
        -:  143:#endif
        -:  144:}
------------------
mercury_aligned_free:
function mercury_aligned_free called 2504 returned 100% blocks executed 100%
     2504:  130:void mercury_aligned_free(void* ptr) {
     2504:  131:    if (!ptr) return;
branch  0 taken 100% (fallthrough)
branch  1 taken 0%
        -:  132:    
        -:  133:#ifdef MERCURY_LINUX
     2504:  134:    free(ptr);
        -:  135:#elif defined(MERCURY_MACOS)
        -:  136:    free(ptr);
        -:  137:#elif defined(MERCURY_WINDOWS)
        -:  138:    _aligned_free(ptr);
        -:  139:#else
        -:  140:    // Fallback: retrieve original pointer and free
        -:  141:    void* raw_ptr = ((void**)ptr)[-1];
        -:  142:    free(raw_ptr);
        -:  143:#endif
        -:  144:}
------------------
mercury_aligned_free:
function mercury_aligned_free called 2 returned 100% blocks executed 100%
        2:  130:void mercury_aligned_free(void* ptr) {
        2:  131:    if (!ptr) return;
branch  0 taken 100% (fallthrough)
branch  1 taken 0%
        -:  132:    
        -:  133:#ifdef MERCURY_LINUX
        2:  134:    free(ptr);
        -:  135:#elif defined(MERCURY_MACOS)
        -:  136:    free(ptr);
        -:  137:#elif defined(MERCURY_WINDOWS)
        -:  138:    _aligned_free(ptr);
        -:  139:#else
        -:  140:    // Fallback: retrieve original pointer and free
        -:  141:    void* raw_ptr = ((void**)ptr)[-1];
        -:  142:    free(raw_ptr);
        -:  143:#endif
        -:  144:}
------------------
mercury_aligned_free:
function mercury_aligned_free called 2 returned 100% blocks executed 100%
        2:  130:void mercury_aligned_free(void* ptr) {
        2:  131:    if (!ptr) return;
branch  0 taken 100% (fallthrough)
branch  1 taken 0%
        -:  132:    
        -:  133:#ifdef MERCURY_LINUX
        2:  134:    free(ptr);
        -:  135:#elif defined(MERCURY_MACOS)
        -:  136:    free(ptr);
        -:  137:#elif defined(MERCURY_WINDOWS)
        -:  138:    _aligned_free(ptr);
        -:  139:#else
        -:  140:    // Fallback: retrieve original pointer and free
        -:  141:    void* raw_ptr = ((void**)ptr)[-1];
        -:  142:    free(raw_ptr);
        -:  143:#endif
        -:  144:}
------------------
mercury_aligned_free:
function mercury_aligned_free called 2 returned 100% blocks executed 100%
        2:  130:void mercury_aligned_free(void* ptr) {
        2:  131:    if (!ptr) return;
branch  0 taken 100% (fallthrough)
branch  1 taken 0%
        -:  132:    
        -:  133:#ifdef MERCURY_LINUX
        2:  134:    free(ptr);
        -:  135:#elif defined(MERCURY_MACOS)
        -:  136:    free(ptr);
        -:  137:#elif defined(MERCURY_WINDOWS)
        -:  138:    _aligned_free(ptr);
        -:  139:#else
        -:  140:    // Fallback: retrieve original pointer and free
        -:  141:    void* raw_ptr = ((void**)ptr)[-1];
        -:  142:    free(raw_ptr);
        -:  143:#endif
        -:  144:}
------------------
        -:  145:
        -:  146:// === RING BUFFER IMPLEMENTATION ===
        -:  147:
      13*:  148:MercuryRingBuffer* mercury_ring_buffer_create(size_t element_size, size_t capacity) {
      13*:  149:    if (element_size == 0 || capacity == 0) {
       4*:  150:        MERCURY_SET_ERROR(MERCURY_ERROR_INVALID_ARGUMENT, "Invalid element size or capacity");
       4*:  151:        return NULL;
        -:  152:    }
        -:  153:    
        -:  154:    // Check for overflow in size calculation
        -:  155:    size_t total_size;
       9*:  156:    if (!mercury_safe_mul_size(element_size, capacity, &total_size)) {
    #####:  157:        MERCURY_SET_ERROR(MERCURY_ERROR_INVALID_ARGUMENT, 
        -:  158:                         "Buffer size would overflow");
    #####:  159:        return NULL;
        -:  160:    }
        -:  161:    
        -:  162:    // Sanity check: limit to 1GB to prevent accidental huge allocations
       9*:  163:    if (total_size > (1ULL << 30)) {
       1*:  164:        MERCURY_SET_ERROR(MERCURY_ERROR_INVALID_ARGUMENT, 
[...]
        -: 1100:        
        -: 1101:        // Update first character lookup table
    #####: 1102:        uint8_t first_char = (uint8_t)patterns[i][0];
    #####: 1103:        mps->pattern_masks[first_char] |= (1U << i);
        -: 1104:    }
        -: 1105:    
        -: 1106:    return mps;
        -: 1107:}
------------------
mercury_multi_pattern_create:
function mercury_multi_pattern_create called 0 returned 0% blocks executed 0%
    #####: 1065:MercuryMultiPatternSearch* mercury_multi_pattern_create(const char* patterns[], size_t count) {
    #####: 1066:    if (!patterns || count == 0 || count > MERCURY_MAX_PATTERNS) {
branch  0 never executed
branch  1 never executed
branch  2 never executed
branch  3 never executed
    #####: 1067:        MERCURY_SET_ERROR(MERCURY_ERROR_INVALID_ARGUMENT, "Invalid patterns or count");
    #####: 1068:        return NULL;
        -: 1069:    }
        -: 1070:    
    #####: 1071:    MercuryMultiPatternSearch* mps = mercury_aligned_alloc(sizeof(MercuryMultiPatternSearch), 64);
call    0 never executed
    #####: 1072:    if (!mps) {
branch  0 never executed
branch  1 never executed
    #####: 1073:        MERCURY_SET_ERROR(MERCURY_ERROR_OUT_OF_MEMORY, "Failed to allocate multi-pattern search");
    #####: 1074:        return NULL;
        -: 1075:    }
        -: 1076:    
        -: 1077:    // Initialize structure
        -: 1078:    memset(mps, 0, sizeof(MercuryMultiPatternSearch));
    #####: 1079:    mps->pattern_count = count;
        -: 1080:    
        -: 1081:    // Copy patterns and build lookup tables
    #####: 1082:    for (size_t i = 0; i < count; i++) {
branch  0 never executed
branch  1 never executed
    #####: 1083:        if (!patterns[i]) {
branch  0 never executed
branch  1 never executed
    #####: 1084:            mercury_aligned_free(mps);
call    0 never executed
    #####: 1085:            MERCURY_SET_ERROR(MERCURY_ERROR_INVALID_ARGUMENT, "NULL pattern in array");
    #####: 1086:            return NULL;
        -: 1087:        }
        -: 1088:        
    #####: 1089:        size_t len = strlen(patterns[i]);
    #####: 1090:        if (len == 0 || len >= MERCURY_MAX_PATTERN_LENGTH) {
branch  0 never executed
branch  1 never executed
    #####: 1091:            mercury_aligned_free(mps);
call    0 never executed
    #####: 1092:            MERCURY_SET_ERROR(MERCURY_ERROR_INVALID_ARGUMENT, "Pattern length out of range");
    #####: 1093:            return NULL;
        -: 1094:        }
        -: 1095:        
        -: 1096:        // Copy pattern
    #####: 1097:        strcpy(mps->patterns[i], patterns[i]);
    #####: 1098:        mps->pattern_lengths[i] = len;
    #####: 1099:        mps->first_chars[i] = (uint8_t)patterns[i][0];
        -: 1100:        
        -: 1101:        // Update first character lookup table
    #####: 1102:        uint8_t first_char = (uint8_t)patterns[i][0];
    #####: 1103:        mps->pattern_masks[first_char] |= (1U << i);
        -: 1104:    }
        -: 1105:    
        -: 1106:    return mps;
        -: 1107:}
------------------
mercury_multi_pattern_create:
function mercury_multi_pattern_create called 0 returned 0% blocks executed 0%
    #####: 1065:MercuryMultiPatternSearch* mercury_multi_pattern_create(const char* patterns[], size_t count) {
    #####: 1066:    if (!patterns || count == 0 || count > MERCURY_MAX_PATTERNS) {
branch  0 never executed
branch  1 never executed
branch  2 never executed
branch  3 never executed
    #####: 1067:        MERCURY_SET_ERROR(MERCURY_ERROR_INVALID_ARGUMENT, "Invalid patterns or count");
    #####: 1068:        return NULL;
        -: 1069:    }
        -: 1070:    
    #####: 1071:    MercuryMultiPatternSearch* mps = mercury_aligned_alloc(sizeof(MercuryMultiPatternSearch), 64);
call    0 never executed
    #####: 1072:    if (!mps) {
branch  0 never executed
branch  1 never executed
    #####: 1073:        MERCURY_SET_ERROR(MERCURY_ERROR_OUT_OF_MEMORY, "Failed to allocate multi-pattern search");
    #####: 1074:        return NULL;
        -: 1075:    }
        -: 1076:    
        -: 1077:    // Initialize structure
        -: 1078:    memset(mps, 0, sizeof(MercuryMultiPatternSearch));
    #####: 1079:    mps->pattern_count = count;
        -: 1080:    
        -: 1081:    // Copy patterns and build lookup tables
    #####: 1082:    for (size_t i = 0; i < count; i++) {
branch  0 never executed
branch  1 never executed
    #####: 1083:        if (!patterns[i]) {
branch  0 never executed
branch  1 never executed
    #####: 1084:            mercury_aligned_free(mps);
call    0 never executed
    #####: 1085:            MERCURY_SET_ERROR(MERCURY_ERROR_INVALID_ARGUMENT, "NULL pattern in array");
    #####: 1086:            return NULL;
        -: 1087:        }
        -: 1088:        
    #####: 1089:        size_t len = strlen(patterns[i]);
    #####: 1090:        if (len == 0 || len >= MERCURY_MAX_PATTERN_LENGTH) {
branch  0 never executed
branch  1 never executed
    #####: 1091:            mercury_aligned_free(mps);
call    0 never executed
    #####: 1092:            MERCURY_SET_ERROR(MERCURY_ERROR_INVALID_ARGUMENT, "Pattern length out of range");
    #####: 1093:            return NULL;
        -: 1094:        }
        -: 1095:        
        -: 1096:        // Copy pattern
    #####: 1097:        strcpy(mps->patterns[i], patterns[i]);
    #####: 1098:        mps->pattern_lengths[i] = len;
    #####: 1099:        mps->first_chars[i] = (uint8_t)patterns[i][0];
        -: 1100:        
        -: 1101:        // Update first character lookup table
    #####: 1102:        uint8_t first_char = (uint8_t)patterns[i][0];
    #####: 1103:        mps->pattern_masks[first_char] |= (1U << i);
        -: 1104:    }
        -: 1105:    
        -: 1106:    return mps;
        -: 1107:}
------------------
mercury_multi_pattern_create:
function mercury_multi_pattern_create called 0 returned 0% blocks executed 0%
    #####: 1065:MercuryMultiPatternSearch* mercury_multi_pattern_create(const char* patterns[], size_t count) {
    #####: 1066:    if (!patterns || count == 0 || count > MERCURY_MAX_PATTERNS) {
branch  0 never executed
branch  1 never executed
branch  2 never executed
branch  3 never executed
    #####: 1067:        MERCURY_SET_ERROR(MERCURY_ERROR_INVALID_ARGUMENT, "Invalid patterns or count");
    #####: 1068:        return NULL;
        -: 1069:    }
        -: 1070:    
    #####: 1071:    MercuryMultiPatternSearch* mps = mercury_aligned_alloc(sizeof(MercuryMultiPatternSearch), 64);
call    0 never executed
    #####: 1072:    if (!mps) {
branch  0 never executed
branch  1 never executed
    #####: 1073:        MERCURY_SET_ERROR(MERCURY_ERROR_OUT_OF_MEMORY, "Failed to allocate multi-pattern search");
    #####: 1074:        return NULL;
        -: 1075:    }
        -: 1076:    
        -: 1077:    // Initialize structure
        -: 1078:    memset(mps, 0, sizeof(MercuryMultiPatternSearch));
    #####: 1079:    mps->pattern_count = count;
        -: 1080:    
        -: 1081:    // Copy patterns and build lookup tables
    #####: 1082:    for (size_t i = 0; i < count; i++) {
branch  0 never executed
branch  1 never executed
    #####: 1083:        if (!patterns[i]) {
branch  0 never executed
branch  1 never executed
    #####: 1084:            mercury_aligned_free(mps);
call    0 never executed
    #####: 1085:            MERCURY_SET_ERROR(MERCURY_ERROR_INVALID_ARGUMENT, "NULL pattern in array");
    #####: 1086:            return NULL;
        -: 1087:        }
        -: 1088:        
    #####: 1089:        size_t len = strlen(patterns[i]);
    #####: 1090:        if (len == 0 || len >= MERCURY_MAX_PATTERN_LENGTH) {
branch  0 never executed
branch  1 never executed
    #####: 1091:            mercury_aligned_free(mps);
call    0 never executed
    #####: 1092:            MERCURY_SET_ERROR(MERCURY_ERROR_INVALID_ARGUMENT, "Pattern length out of range");
    #####: 1093:            return NULL;
        -: 1094:        }
        -: 1095:        
        -: 1096:        // Copy pattern
    #####: 1097:        strcpy(mps->patterns[i], patterns[i]);
    #####: 1098:        mps->pattern_lengths[i] = len;
    #####: 1099:        mps->first_chars[i] = (uint8_t)patterns[i][0];
        -: 1100:        
        -: 1101:        // Update first character lookup table
    #####: 1102:        uint8_t first_char = (uint8_t)patterns[i][0];
    #####: 1103:        mps->pattern_masks[first_char] |= (1U << i);
        -: 1104:    }
        -: 1105:    
        -: 1106:    return mps;
        -: 1107:}
------------------
        -: 1108:
       5*: 1109:void mercury_multi_pattern_destroy(MercuryMultiPatternSearch* mps) {
       5*: 1110:    if (mps) {
       5*: 1111:        mercury_aligned_free(mps);
        -: 1112:    }
       5*: 1113:}
------------------
mercury_multi_pattern_destroy:
function mercury_multi_pattern_destroy called 0 returned 0% blocks executed 0%
    #####: 1109:void mercury_multi_pattern_destroy(MercuryMultiPatternSearch* mps) {
    #####: 1110:    if (mps) {
branch  0 never executed
branch  1 never executed
    #####: 1111:        mercury_aligned_free(mps);
call    0 never executed
        -: 1112:    }
    #####: 1113:}
------------------
mercury_multi_pattern_destroy:
function mercury_multi_pattern_destroy called 3 returned 100% blocks executed 100%
        3: 1109:void mercury_multi_pattern_destroy(MercuryMultiPatternSearch* mps) {
        3: 1110:    if (mps) {
branch  0 taken 100% (fallthrough)
branch  1 taken 0%
        3: 1111:        mercury_aligned_free(mps);
call    0 returned 100%
        -: 1112:    }
        3: 1113:}
------------------
mercury_multi_pattern_destroy:
function mercury_multi_pattern_destroy called 0 returned 0% blocks executed 0%
    #####: 1109:void mercury_multi_pattern_destroy(MercuryMultiPatternSearch* mps) {
    #####: 1110:    if (mps) {
branch  0 never executed
branch  1 never executed
    #####: 1111:        mercury_aligned_free(mps);
call    0 never executed
        -: 1112:    }
    #####: 1113:}
------------------
mercury_multi_pattern_destroy:
function mercury_multi_pattern_destroy called 2 returned 100% blocks executed 100%
        2: 1109:void mercury_multi_pattern_destroy(MercuryMultiPatternSearch* mps) {
        2: 1110:    if (mps) {
branch  0 taken 100% (fallthrough)
branch  1 taken 0%
        2: 1111:        mercury_aligned_free(mps);
call    0 returned 100%
        -: 1112:    }
        2: 1113:}
------------------
mercury_multi_pattern_destroy:
function mercury_multi_pattern_destroy called 0 returned 0% blocks executed 0%
    #####: 1109:void mercury_multi_pattern_destroy(MercuryMultiPatternSearch* mps) {
    #####: 1110:    if (mps) {
branch  0 never executed
branch  1 never executed
    #####: 1111:        mercury_aligned_free(mps);
call    0 never executed
        -: 1112:    }
    #####: 1113:}
------------------
mercury_multi_pattern_destroy:
function mercury_multi_pattern_destroy called 0 returned 0% blocks executed 0%
    #####: 1109:void mercury_multi_pattern_destroy(MercuryMultiPatternSearch* mps) {
    #####: 1110:    if (mps) {
branch  0 never executed
branch  1 never executed
    #####: 1111:        mercury_aligned_free(mps);
call    0 never executed
        -: 1112:    }
    #####: 1113:}
------------------
mercury_multi_pattern_destroy:
function mercury_multi_pattern_destroy called 0 returned 0% blocks executed 0%
    #####: 1109:void mercury_multi_pattern_destroy(MercuryMultiPatternSearch* mps) {
    #####: 1110:    if (mps) {
branch  0 never executed
branch  1 never executed
    #####: 1111:        mercury_aligned_free(mps);
call    0 never executed
        -: 1112:    }
    #####: 1113:}
------------------
mercury_multi_pattern_destroy:
function mercury_multi_pattern_destroy called 0 returned 0% blocks executed 0%
    #####: 1109:void mercury_multi_pattern_destroy(MercuryMultiPatternSearch* mps) {
    #####: 1110:    if (mps) {
branch  0 never executed
branch  1 never executed
    #####: 1111:        mercury_aligned_free(mps);
call    0 never executed
        -: 1112:    }
    #####: 1113:}
------------------
mercury_multi_pattern_destroy:
function mercury_multi_pattern_destroy called 0 returned 0% blocks executed 0%
    #####: 1109:void mercury_multi_pattern_destroy(MercuryMultiPatternSearch* mps) {
    #####: 1110:    if (mps) {
branch  0 never executed
branch  1 never executed
    #####: 1111:        mercury_aligned_free(mps);
call    0 never executed
        -: 1112:    }
    #####: 1113:}
------------------
mercury_multi_pattern_destroy:
function mercury_multi_pattern_destroy called 0 returned 0% blocks executed 0%
    #####: 1109:void mercury_multi_pattern_destroy(MercuryMultiPatternSearch* mps) {
    #####: 1110:    if (mps) {
branch  0 never executed
branch  1 never executed
    #####: 1111:        mercury_aligned_free(mps);
call    0 never executed
        -: 1112:    }
    #####: 1113:}
------------------
mercury_multi_pattern_destroy:
function mercury_multi_pattern_destroy called 0 returned 0% blocks executed 0%
    #####: 1109:void mercury_multi_pattern_destroy(MercuryMultiPatternSearch* mps) {
    #####: 1110:    if (mps) {
branch  0 never executed
branch  1 never executed
    #####: 1111:        mercury_aligned_free(mps);
call    0 never executed
        -: 1112:    }
    #####: 1113:}
------------------
mercury_multi_pattern_destroy:
function mercury_multi_pattern_destroy called 0 returned 0% blocks executed 0%
    #####: 1109:void mercury_multi_pattern_destroy(MercuryMultiPatternSearch* mps) {
    #####: 1110:    if (mps) {
branch  0 never executed
branch  1 never executed
    #####: 1111:        mercury_aligned_free(mps);
call    0 never executed
        -: 1112:    }
    #####: 1113:}
------------------
mercury_multi_pattern_destroy:
function mercury_multi_pattern_destroy called 0 returned 0% blocks executed 0%
    #####: 1109:void mercury_multi_pattern_destroy(MercuryMultiPatternSearch* mps) {
    #####: 1110:    if (mps) {
branch  0 never executed
branch  1 never executed
    #####: 1111:        mercury_aligned_free(mps);
call    0 never executed
        -: 1112:    }
    #####: 1113:}
------------------
mercury_multi_pattern_destroy:
function mercury_multi_pattern_destroy called 0 returned 0% blocks executed 0%
    #####: 1109:void mercury_multi_pattern_destroy(MercuryMultiPatternSearch* mps) {
    #####: 1110:    if (mps) {
branch  0 never executed
branch  1 never executed
    #####: 1111:        mercury_aligned_free(mps);
call    0 never executed
        -: 1112:    }
    #####: 1113:}
------------------
        -: 1114:
       6*: 1115:int mercury_multi_pattern_search_simd(const MercuryMultiPatternSearch* mps, const char* text, 
        -: 1116:                                     size_t text_len, int* pattern_id) {
       6*: 1117:    if (!mps || !text || !pattern_id || text_len == 0) {
        -: 1118:        return -1;
        -: 1119:    }
        -: 1120:    
       6*: 1121:    *pattern_id = -1;
        -: 1122:    
        -: 1123:    // Smart multi-pattern search using optimized strstr
        -: 1124:    // Find the leftmost match across all patterns
        -: 1125:    int best_position = -1;
        -: 1126:    int best_pattern = -1;
        -: 1127:    
        -: 1128:    // Use highly optimized strstr for each pattern
      45*: 1129:    for (size_t p = 0; p < mps->pattern_count; p++) {
      39*: 1130:        const char* found = strstr(text, mps->patterns[p]);
        -: 1131:        
      39*: 1132:        if (found) {
      20*: 1133:            int pos = (int)(found - text);
      20*: 1134:            if (best_position == -1 || pos < best_position) {
        -: 1135:                best_position = pos;
       6*: 1136:                best_pattern = (int)p;
        -: 1137:            }
        -: 1138:        }
        -: 1139:    }
        -: 1140:    
       6*: 1141:    if (best_position >= 0) {
       5*: 1142:        *pattern_id = best_pattern;
       5*: 1143:        return best_position;
        -: 1144:    }
        -: 1145:    
        -: 1146:    return -1;  // No patterns found
        -: 1147:}
        -: 1148:
        -: 1149:#else
        -: 1150:// Fallback implementations when SIMD is not available
        -: 1151:void mercury_memcpy_simd(void* dest, const void* src, size_t size) {
        -: 1152:    memcpy(dest, src, size);
        -: 1153:}
        -: 1154:
        -: 1155:int mercury_string_search_simd(const char* text, size_t text_len, const char* pattern, size_t pattern_len) {
        -: 1156:    const char* found = strstr(text, pattern);
        -: 1157:    return found ? (int)(found - text) : -1;
        -: 1158:}
        -: 1159:
        -: 1160:// Multi-pattern search fallback implementation
        -: 1161:MercuryMultiPatternSearch* mercury_multi_pattern_create(const char* patterns[], size_t count) {
        -: 1162:    if (!patterns || count == 0 || count > MERCURY_MAX_PATTERNS) {
        -: 1163:        return NULL;
        -: 1164:    }
        -: 1165:    
        -: 1166:    MercuryMultiPatternSearch* mps = malloc(sizeof(MercuryMultiPatternSearch));
        -: 1167:    if (!mps) return NULL;
        -: 1168:    
        -: 1169:    memset(mps, 0, sizeof(MercuryMultiPatternSearch));
        -: 1170:    mps->pattern_count = count;
        -: 1171:    
        -: 1172:    for (size_t i = 0; i < count; i++) {
        -: 1173:        if (!patterns[i]) {
        -: 1174:            free(mps);
        -: 1175:            return NULL;
        -: 1176:        }
        -: 1177:        
        -: 1178:        size_t len = strlen(patterns[i]);
        -: 1179:        if (len == 0 || len >= MERCURY_MAX_PATTERN_LENGTH) {
        -: 1180:            free(mps);
        -: 1181:            return NULL;
        -: 1182:        }
        -: 1183:        
        -: 1184:        strcpy(mps->patterns[i], patterns[i]);
        -: 1185:        mps->pattern_lengths[i] = len;
        -: 1186:        mps->first_chars[i] = (uint8_t)patterns[i][0];
        -: 1187:        
        -: 1188:        uint8_t first_char = (uint8_t)patterns[i][0];
        -: 1189:        mps->pattern_masks[first_char] |= (1U << i);
        -: 1190:    }
        -: 1191:    
        -: 1192:    return mps;
        -: 1193:}
        -: 1194:
        -: 1195:void mercury_multi_pattern_destroy(MercuryMultiPatternSearch* mps) {
        -: 1196:    if (mps) {
        -: 1197:        free(mps);
        -: 1198:    }
        -: 1199:}
        -: 1200:
        -: 1201:int mercury_multi_pattern_search_simd(const MercuryMultiPatternSearch* mps, const char* text, 
        -: 1202:                                     size_t text_len, int* pattern_id) {
        -: 1203:    if (!mps || !text || !pattern_id || text_len == 0) {
        -: 1204:        return -1;
        -: 1205:    }
        -: 1206:    
        -: 1207:    *pattern_id = -1;
        -: 1208:    
        -: 1209:    // Fallback using optimized strstr
        -: 1210:    int best_position = -1;
        -: 1211:    int best_pattern = -1;
        -: 1212:    
        -: 1213:    for (size_t p = 0; p < mps->pattern_count; p++) {
        -: 1214:        const char* found = strstr(text, mps->patterns[p]);
        -: 1215:        
        -: 1216:        if (found) {
        -: 1217:            int pos = (int)(found - text);
        -: 1218:            if (best_position == -1 || pos < best_position) {
        -: 1219:                best_position = pos;
        -: 1220:                best_pattern = (int)p;
        -: 1221:            }
        -: 1222:        }
        -: 1223:    }
        -: 1224:    
        -: 1225:    if (best_position >= 0) {
        -: 1226:        *pattern_id = best_pattern;
        -: 1227:        return best_position;
        -: 1228:    }
        -: 1229:    
        -: 1230:    return -1;  // No patterns found
        -: 1231:}
        -: 1232:#endif
