        -:    0:Source:test_orchestrator.c
        -:    0:Source is newer than graph
        -:    1:/**
        -:    2: * @file test_orchestrator.c
        -:    3: * @brief High-Performance Test Orchestration Engine
        -:    4: * 
        -:    5: * This library implements a high-performance test orchestration engine for the
        -:    6: * Mercury Performance Testing Framework. It replaces the Python-based test
        -:    7: * orchestration in django_integration_mercury.py with optimized C implementations.
        -:    8: *
        -:    9: * Key Features:
        -:   10: * - Binary configuration format replacing JSON parsing
        -:   11: * - Memory-mapped history tracking replacing SQLite operations
        -:   12: * - Lock-free data structures with atomic operations
        -:   13: * - Pre-allocated object pools for context management
        -:   14: * - Efficient test result aggregation and reporting
        -:   15: *
        -:   16: * Performance Target: 75% reduction in test orchestration overhead
        -:   17: * Memory Usage: Memory-mapped files for zero-copy history access
        -:   18: *
        -:   19: * @author EduLite Performance Team
        -:   20: * @version 2.0.0
        -:   21: * @date 2024
        -:   22: */
        -:   23:
        -:   24:/* Suppress deprecation warnings on Windows */
        -:   25:#ifdef _MSC_VER
        -:   26:    #define _CRT_SECURE_NO_WARNINGS
        -:   27:#endif
        -:   28:
        -:   29:#include "common.h"
        -:   30:#include "test_orchestrator.h"
        -:   31:#include <stdlib.h>  /* For malloc, free */
        -:   32:#include <string.h>  /* For strcpy, strncpy, memcpy, memmove */
        -:   33:#include <inttypes.h>
        -:   34:#include <errno.h>
        -:   35:
        -:   36:#ifdef _WIN32
        -:   37:    #include <sys/types.h>
        -:   38:    #include <sys/stat.h>
        -:   39:#else
        -:   40:    #include <sys/stat.h>
        -:   41:#endif
        -:   42:
        -:   43:#ifdef MERCURY_LINUX
        -:   44:#include <sys/mman.h>
        -:   45:#include <fcntl.h>
        -:   46:#include <unistd.h>
        -:   47:#endif
        -:   48:
        -:   49:/* Windows compatibility for POSIX functions */
        -:   50:#ifdef _WIN32
        -:   51:    #include <windows.h>
        -:   52:    #include <io.h>
        -:   53:    
        -:   54:    /* File access constants */
        -:   55:    #ifndef F_OK
        -:   56:        #define F_OK 0
        -:   57:    #endif
        -:   58:    #define access _access
        -:   59:    
        -:   60:    /* Memory mapping constants */
        -:   61:    #ifndef MAP_FAILED
        -:   62:        #define MAP_FAILED ((void*)-1)
        -:   63:    #endif
        -:   64:    #ifndef MS_SYNC
        -:   65:        #define MS_SYNC 0
        -:   66:        #define MS_ASYNC 0
        -:   67:    #endif
        -:   68:    
        -:   69:    /* Stub functions for Windows - memory mapping not supported */
        -:   70:    static inline int msync(void* addr, size_t len, int flags) {
        -:   71:        (void)addr; (void)len; (void)flags;
        -:   72:        return 0; /* No-op on Windows */
        -:   73:    }
        -:   74:    
        -:   75:    static inline int munmap(void* addr, size_t len) {
        -:   76:        (void)addr; (void)len;
        -:   77:        return 0; /* No-op on Windows */
        -:   78:    }
        -:   79:    
        -:   80:    /* mmap stub - not implemented on Windows */
        -:   81:    static inline void* mmap(void* addr, size_t length, int prot, int flags, int fd, off_t offset) {
        -:   82:        (void)addr; (void)length; (void)prot; (void)flags; (void)fd; (void)offset;
        -:   83:        return MAP_FAILED; /* Always fail on Windows */
        -:   84:    }
        -:   85:    
        -:   86:    /* Protection flags (unused on Windows) */
        -:   87:    #define PROT_READ 0
        -:   88:    #define PROT_WRITE 0
        -:   89:    #define MAP_SHARED 0
        -:   90:#endif
        -:   91:
        -:   92:// === CONSTANTS ===
        -:   93:
        -:   94:#define MAX_TEST_CONTEXTS 256
        -:   95:#define MAX_HISTORY_ENTRIES 10000
        -:   96:#define CONFIG_MAGIC 0x4D455243  // 'MERC'
        -:   97:#define CONFIG_VERSION 1
        -:   98:#define HISTORY_MAGIC 0x48495354 // 'HIST'
        -:   99:
        -:  100:// Violation flags (bit field) - copied from metrics_engine.c
        -:  101:#define VIOLATION_RESPONSE_TIME  (1ULL << 0)
        -:  102:#define VIOLATION_MEMORY_USAGE   (1ULL << 1)
        -:  103:#define VIOLATION_QUERY_COUNT    (1ULL << 2)
        -:  104:#define VIOLATION_CACHE_RATIO    (1ULL << 3)
        -:  105:#define VIOLATION_N_PLUS_ONE     (1ULL << 4)
        -:  106:
        -:  107:// === DATA STRUCTURES ===
        -:  108:
        -:  109:/**
        -:  110: * @struct ConfigHeader
        -:  111: * @brief Binary configuration file header
        -:  112: */
        -:  113:typedef struct MERCURY_PACKED {
        -:  114:    uint32_t magic;
        -:  115:    uint16_t version;
        -:  116:    uint16_t flags;
        -:  117:    uint32_t config_size;
        -:  118:    uint32_t checksum;
        -:  119:} ConfigHeader;
        -:  120:
        -:  121:// TestConfig - using anonymous struct from TestContext in header
        -:  122:
        -:  123:// History entry for memory-mapped storage
        -:  124:typedef struct MERCURY_PACKED {
        -:  125:    uint64_t timestamp_ns;
        -:  126:    char test_class[128];
        -:  127:    char test_method[128];
        -:  128:    char operation_name[128];
        -:  129:    double response_time_ms;
        -:  130:    double memory_usage_mb;
        -:  131:    uint32_t query_count;
        -:  132:    double performance_score;
        -:  133:    char grade[4];
        -:  134:    uint8_t has_n_plus_one;
        -:  135:    uint8_t severity_level;
        -:  136:    uint32_t context_data_size;
        -:  137:    // Variable length context data follows
        -:  138:} HistoryEntry;
        -:  139:
        -:  140:// Memory-mapped history file structure
        -:  141:typedef struct MERCURY_PACKED {
        -:  142:    uint32_t magic;
        -:  143:    uint32_t version;
        -:  144:    uint64_t entry_count;
        -:  145:    uint64_t max_entries;
        -:  146:    uint64_t next_offset;
        -:  147:    // HistoryEntry entries follow
        -:  148:} HistoryHeader;
        -:  149:
        -:  150:// TestContext is defined in test_orchestrator.h
        -:  151:// We use the public API version for consistency
        -:  152:
        -:  153:// Main orchestrator structure
        -:  154:typedef struct {
        -:  155:    // Context pool
        -:  156:    TestContext* contexts;
        -:  157:    size_t context_count;
        -:  158:    size_t max_contexts;
        -:  159:    
        -:  160:    // Configuration management
        -:  161:    void* default_configs;  // Reserved for future use
        -:  162:    size_t config_count;
        -:  163:    
        -:  164:    // Memory-mapped history
        -:  165:    int history_fd;
        -:  166:    void* history_mapping;
        -:  167:    size_t history_file_size;
        -:  168:    HistoryHeader* history_header;
        -:  169:    
        -:  170:    // Statistics
        -:  171:    MERCURY_ATOMIC(uint64_t) total_tests_executed;
        -:  172:    MERCURY_ATOMIC(uint64_t) total_violations;
        -:  173:    MERCURY_ATOMIC(uint64_t) total_n_plus_one_detected;
        -:  174:    
        -:  175:    // Lock-free context management
        -:  176:    MERCURY_ATOMIC(int64_t) next_context_id;
        -:  177:    
        -:  178:} TestOrchestrator;
        -:  179:
        -:  180:// Global orchestrator instance
        -:  181:static TestOrchestrator* g_orchestrator = NULL;
        -:  182:
        -:  183:// === UTILITY FUNCTIONS ===
        -:  184:
        -:  185:// Calculate simple checksum for configuration validation
        -:  186:#ifdef ENABLE_UNUSED_FUNCTIONS
        -:  187:static uint32_t calculate_checksum(const void* data, size_t size) {
        -:  188:    const uint8_t* bytes = (const uint8_t*)data;
        -:  189:    uint32_t checksum = 0;
        -:  190:    
        -:  191:    for (size_t i = 0; i < size; i++) {
        -:  192:        checksum = ((checksum << 1) | (checksum >> 31)) ^ bytes[i];
        -:  193:    }
        -:  194:    
        -:  195:    return checksum;
        -:  196:}
        -:  197:#endif
        -:  198:
        -:  199:// Initialize memory-mapped history file
        3:  200:static MercuryError init_history_file(const char* history_path) {
        3:  201:    if (!history_path) {
    #####:  202:        MERCURY_SET_ERROR(MERCURY_ERROR_INVALID_ARGUMENT, "History path cannot be NULL");
    #####:  203:        return MERCURY_ERROR_INVALID_ARGUMENT;
        -:  204:    }
        -:  205:    
        -:  206:#ifdef _WIN32
        -:  207:    // Memory mapping not implemented on Windows
        -:  208:    MERCURY_WARN("Memory-mapped history not available on Windows - using in-memory only");
        -:  209:    g_orchestrator->history_mapping = NULL;
        -:  210:    g_orchestrator->history_header = NULL;
        -:  211:    g_orchestrator->history_fd = -1;
        -:  212:    g_orchestrator->history_file_size = 0;
        -:  213:    return MERCURY_SUCCESS;
        -:  214:#else
        -:  215:    
        -:  216:    // Calculate required file size
        -:  217:    size_t header_size = sizeof(HistoryHeader);
        -:  218:    size_t entries_size = MAX_HISTORY_ENTRIES * sizeof(HistoryEntry);
        -:  219:    size_t total_size = header_size + entries_size + (64 * 1024); // Extra space for context data
        -:  220:    
        3:  221:    g_orchestrator->history_file_size = total_size;
        -:  222:    
        -:  223:    // Open or create history file
        3:  224:    g_orchestrator->history_fd = open(history_path, O_RDWR | O_CREAT, 0644);
        3:  225:    if (g_orchestrator->history_fd == -1) {
    #####:  226:        MERCURY_SET_ERROR(MERCURY_ERROR_IO_ERROR, "Failed to open history file");
    #####:  227:        return MERCURY_ERROR_IO_ERROR;
        -:  228:    }
        -:  229:    
        -:  230:    // Check if file exists and has correct size
        -:  231:    struct stat st;
        3:  232:    if (fstat(g_orchestrator->history_fd, &st) != 0) {
    #####:  233:        close(g_orchestrator->history_fd);
    #####:  234:        MERCURY_SET_ERROR(MERCURY_ERROR_IO_ERROR, "Failed to stat history file");
    #####:  235:        return MERCURY_ERROR_IO_ERROR;
        -:  236:    }
        -:  237:    
        -:  238:    // Extend file if necessary
        3:  239:    if (st.st_size < (off_t)total_size) {
    #####:  240:        if (ftruncate(g_orchestrator->history_fd, total_size) != 0) {
    #####:  241:            close(g_orchestrator->history_fd);
    #####:  242:            MERCURY_SET_ERROR(MERCURY_ERROR_IO_ERROR, "Failed to extend history file");
    #####:  243:            return MERCURY_ERROR_IO_ERROR;
        -:  244:        }
        -:  245:    }
        -:  246:    
        -:  247:    // Memory map the file
        6:  248:    g_orchestrator->history_mapping = mmap(NULL, total_size, PROT_READ | PROT_WRITE, 
        3:  249:                                          MAP_SHARED, g_orchestrator->history_fd, 0);
        3:  250:    if (g_orchestrator->history_mapping == MAP_FAILED) {
        -:  251:        char error_msg[256];
    #####:  252:        snprintf(error_msg, sizeof(error_msg), "Failed to map history file: %s", strerror(errno));
    #####:  253:        MERCURY_SET_ERROR(MERCURY_ERROR_IO_ERROR, error_msg);
    #####:  254:        close(g_orchestrator->history_fd);
    #####:  255:        g_orchestrator->history_fd = -1;
    #####:  256:        g_orchestrator->history_mapping = NULL;
        -:  257:        return MERCURY_ERROR_IO_ERROR;
        -:  258:    }
        -:  259:    
        3:  260:    g_orchestrator->history_header = (HistoryHeader*)g_orchestrator->history_mapping;
        -:  261:    
        -:  262:    // Initialize header if new file
        3:  263:    if (st.st_size < (off_t)sizeof(HistoryHeader) || 
        3:  264:        g_orchestrator->history_header->magic != HISTORY_MAGIC) {
        -:  265:        
    #####:  266:        g_orchestrator->history_header->magic = HISTORY_MAGIC;
    #####:  267:        g_orchestrator->history_header->version = 1;
    #####:  268:        g_orchestrator->history_header->entry_count = 0;
    #####:  269:        g_orchestrator->history_header->max_entries = MAX_HISTORY_ENTRIES;
    #####:  270:        g_orchestrator->history_header->next_offset = sizeof(HistoryHeader);
        -:  271:        
        -:  272:        // Sync to disk
    #####:  273:        if (msync(g_orchestrator->history_mapping, sizeof(HistoryHeader), MS_SYNC) != 0) {
    #####:  274:            MERCURY_WARN("Failed to sync history header");
        -:  275:        }
        -:  276:    }
        -:  277:    
        3:  278:    MERCURY_INFO("History file initialized: %s (%zu bytes, %llu entries)", 
        -:  279:                 history_path, total_size, g_orchestrator->history_header->entry_count);
        -:  280:    
        -:  281:    return MERCURY_SUCCESS;
        -:  282:#endif  // !_WIN32
        -:  283:}
------------------
init_history_file:
function init_history_file called 1 returned 100% blocks executed 46%
        1:  200:static MercuryError init_history_file(const char* history_path) {
        1:  201:    if (!history_path) {
branch  0 taken 0% (fallthrough)
branch  1 taken 100%
    #####:  202:        MERCURY_SET_ERROR(MERCURY_ERROR_INVALID_ARGUMENT, "History path cannot be NULL");
    #####:  203:        return MERCURY_ERROR_INVALID_ARGUMENT;
        -:  204:    }
        -:  205:    
        -:  206:#ifdef _WIN32
        -:  207:    // Memory mapping not implemented on Windows
        -:  208:    MERCURY_WARN("Memory-mapped history not available on Windows - using in-memory only");
        -:  209:    g_orchestrator->history_mapping = NULL;
        -:  210:    g_orchestrator->history_header = NULL;
        -:  211:    g_orchestrator->history_fd = -1;
        -:  212:    g_orchestrator->history_file_size = 0;
        -:  213:    return MERCURY_SUCCESS;
        -:  214:#else
        -:  215:    
        -:  216:    // Calculate required file size
        -:  217:    size_t header_size = sizeof(HistoryHeader);
        -:  218:    size_t entries_size = MAX_HISTORY_ENTRIES * sizeof(HistoryEntry);
        -:  219:    size_t total_size = header_size + entries_size + (64 * 1024); // Extra space for context data
        -:  220:    
        1:  221:    g_orchestrator->history_file_size = total_size;
call    0 returned 100%
        -:  222:    
        -:  223:    // Open or create history file
        1:  224:    g_orchestrator->history_fd = open(history_path, O_RDWR | O_CREAT, 0644);
        1:  225:    if (g_orchestrator->history_fd == -1) {
branch  0 taken 0% (fallthrough)
branch  1 taken 100%
    #####:  226:        MERCURY_SET_ERROR(MERCURY_ERROR_IO_ERROR, "Failed to open history file");
    #####:  227:        return MERCURY_ERROR_IO_ERROR;
        -:  228:    }
        -:  229:    
        -:  230:    // Check if file exists and has correct size
        -:  231:    struct stat st;
        1:  232:    if (fstat(g_orchestrator->history_fd, &st) != 0) {
call    0 returned 100%
branch  1 taken 0% (fallthrough)
branch  2 taken 100%
    #####:  233:        close(g_orchestrator->history_fd);
call    0 never executed
    #####:  234:        MERCURY_SET_ERROR(MERCURY_ERROR_IO_ERROR, "Failed to stat history file");
    #####:  235:        return MERCURY_ERROR_IO_ERROR;
        -:  236:    }
        -:  237:    
        -:  238:    // Extend file if necessary
        1:  239:    if (st.st_size < (off_t)total_size) {
branch  0 taken 0% (fallthrough)
branch  1 taken 100%
    #####:  240:        if (ftruncate(g_orchestrator->history_fd, total_size) != 0) {
call    0 never executed
branch  1 never executed
branch  2 never executed
    #####:  241:            close(g_orchestrator->history_fd);
call    0 never executed
    #####:  242:            MERCURY_SET_ERROR(MERCURY_ERROR_IO_ERROR, "Failed to extend history file");
    #####:  243:            return MERCURY_ERROR_IO_ERROR;
        -:  244:        }
        -:  245:    }
        -:  246:    
        -:  247:    // Memory map the file
        2:  248:    g_orchestrator->history_mapping = mmap(NULL, total_size, PROT_READ | PROT_WRITE, 
        1:  249:                                          MAP_SHARED, g_orchestrator->history_fd, 0);
call    0 returned 100%
        1:  250:    if (g_orchestrator->history_mapping == MAP_FAILED) {
branch  0 taken 0% (fallthrough)
branch  1 taken 100%
        -:  251:        char error_msg[256];
    #####:  252:        snprintf(error_msg, sizeof(error_msg), "Failed to map history file: %s", strerror(errno));
call    0 never executed
    #####:  253:        MERCURY_SET_ERROR(MERCURY_ERROR_IO_ERROR, error_msg);
    #####:  254:        close(g_orchestrator->history_fd);
call    0 never executed
    #####:  255:        g_orchestrator->history_fd = -1;
    #####:  256:        g_orchestrator->history_mapping = NULL;
        -:  257:        return MERCURY_ERROR_IO_ERROR;
        -:  258:    }
        -:  259:    
        1:  260:    g_orchestrator->history_header = (HistoryHeader*)g_orchestrator->history_mapping;
        -:  261:    
        -:  262:    // Initialize header if new file
        1:  263:    if (st.st_size < (off_t)sizeof(HistoryHeader) || 
branch  0 taken 100% (fallthrough)
branch  1 taken 0%
        1:  264:        g_orchestrator->history_header->magic != HISTORY_MAGIC) {
branch  0 taken 0% (fallthrough)
branch  1 taken 100%
        -:  265:        
    #####:  266:        g_orchestrator->history_header->magic = HISTORY_MAGIC;
    #####:  267:        g_orchestrator->history_header->version = 1;
    #####:  268:        g_orchestrator->history_header->entry_count = 0;
    #####:  269:        g_orchestrator->history_header->max_entries = MAX_HISTORY_ENTRIES;
    #####:  270:        g_orchestrator->history_header->next_offset = sizeof(HistoryHeader);
        -:  271:        
        -:  272:        // Sync to disk
    #####:  273:        if (msync(g_orchestrator->history_mapping, sizeof(HistoryHeader), MS_SYNC) != 0) {
call    0 never executed
branch  1 never executed
branch  2 never executed
    #####:  274:            MERCURY_WARN("Failed to sync history header");
branch  0 never executed
branch  1 never executed
call    2 never executed
        -:  275:        }
        -:  276:    }
        -:  277:    
        1:  278:    MERCURY_INFO("History file initialized: %s (%zu bytes, %llu entries)", 
branch  0 taken 100% (fallthrough)
branch  1 taken 0%
call    2 returned 100%
        -:  279:                 history_path, total_size, g_orchestrator->history_header->entry_count);
        -:  280:    
        -:  281:    return MERCURY_SUCCESS;
        -:  282:#endif  // !_WIN32
        -:  283:}
------------------
init_history_file:
function init_history_file called 1 returned 100% blocks executed 46%
        1:  200:static MercuryError init_history_file(const char* history_path) {
        1:  201:    if (!history_path) {
branch  0 taken 0% (fallthrough)
branch  1 taken 100%
    #####:  202:        MERCURY_SET_ERROR(MERCURY_ERROR_INVALID_ARGUMENT, "History path cannot be NULL");
    #####:  203:        return MERCURY_ERROR_INVALID_ARGUMENT;
        -:  204:    }
        -:  205:    
        -:  206:#ifdef _WIN32
        -:  207:    // Memory mapping not implemented on Windows
        -:  208:    MERCURY_WARN("Memory-mapped history not available on Windows - using in-memory only");
        -:  209:    g_orchestrator->history_mapping = NULL;
        -:  210:    g_orchestrator->history_header = NULL;
        -:  211:    g_orchestrator->history_fd = -1;
        -:  212:    g_orchestrator->history_file_size = 0;
        -:  213:    return MERCURY_SUCCESS;
        -:  214:#else
        -:  215:    
        -:  216:    // Calculate required file size
        -:  217:    size_t header_size = sizeof(HistoryHeader);
        -:  218:    size_t entries_size = MAX_HISTORY_ENTRIES * sizeof(HistoryEntry);
        -:  219:    size_t total_size = header_size + entries_size + (64 * 1024); // Extra space for context data
        -:  220:    
        1:  221:    g_orchestrator->history_file_size = total_size;
call    0 returned 100%
        -:  222:    
        -:  223:    // Open or create history file
        1:  224:    g_orchestrator->history_fd = open(history_path, O_RDWR | O_CREAT, 0644);
        1:  225:    if (g_orchestrator->history_fd == -1) {
branch  0 taken 0% (fallthrough)
branch  1 taken 100%
    #####:  226:        MERCURY_SET_ERROR(MERCURY_ERROR_IO_ERROR, "Failed to open history file");
    #####:  227:        return MERCURY_ERROR_IO_ERROR;
        -:  228:    }
        -:  229:    
        -:  230:    // Check if file exists and has correct size
        -:  231:    struct stat st;
        1:  232:    if (fstat(g_orchestrator->history_fd, &st) != 0) {
call    0 returned 100%
branch  1 taken 0% (fallthrough)
branch  2 taken 100%
    #####:  233:        close(g_orchestrator->history_fd);
call    0 never executed
    #####:  234:        MERCURY_SET_ERROR(MERCURY_ERROR_IO_ERROR, "Failed to stat history file");
    #####:  235:        return MERCURY_ERROR_IO_ERROR;
        -:  236:    }
        -:  237:    
        -:  238:    // Extend file if necessary
        1:  239:    if (st.st_size < (off_t)total_size) {
branch  0 taken 0% (fallthrough)
branch  1 taken 100%
    #####:  240:        if (ftruncate(g_orchestrator->history_fd, total_size) != 0) {
call    0 never executed
branch  1 never executed
branch  2 never executed
    #####:  241:            close(g_orchestrator->history_fd);
call    0 never executed
    #####:  242:            MERCURY_SET_ERROR(MERCURY_ERROR_IO_ERROR, "Failed to extend history file");
    #####:  243:            return MERCURY_ERROR_IO_ERROR;
        -:  244:        }
        -:  245:    }
        -:  246:    
        -:  247:    // Memory map the file
        2:  248:    g_orchestrator->history_mapping = mmap(NULL, total_size, PROT_READ | PROT_WRITE, 
        1:  249:                                          MAP_SHARED, g_orchestrator->history_fd, 0);
call    0 returned 100%
        1:  250:    if (g_orchestrator->history_mapping == MAP_FAILED) {
branch  0 taken 0% (fallthrough)
branch  1 taken 100%
        -:  251:        char error_msg[256];
    #####:  252:        snprintf(error_msg, sizeof(error_msg), "Failed to map history file: %s", strerror(errno));
call    0 never executed
    #####:  253:        MERCURY_SET_ERROR(MERCURY_ERROR_IO_ERROR, error_msg);
    #####:  254:        close(g_orchestrator->history_fd);
call    0 never executed
    #####:  255:        g_orchestrator->history_fd = -1;
    #####:  256:        g_orchestrator->history_mapping = NULL;
        -:  257:        return MERCURY_ERROR_IO_ERROR;
        -:  258:    }
        -:  259:    
        1:  260:    g_orchestrator->history_header = (HistoryHeader*)g_orchestrator->history_mapping;
        -:  261:    
        -:  262:    // Initialize header if new file
        1:  263:    if (st.st_size < (off_t)sizeof(HistoryHeader) || 
branch  0 taken 100% (fallthrough)
branch  1 taken 0%
        1:  264:        g_orchestrator->history_header->magic != HISTORY_MAGIC) {
branch  0 taken 0% (fallthrough)
branch  1 taken 100%
        -:  265:        
    #####:  266:        g_orchestrator->history_header->magic = HISTORY_MAGIC;
    #####:  267:        g_orchestrator->history_header->version = 1;
    #####:  268:        g_orchestrator->history_header->entry_count = 0;
    #####:  269:        g_orchestrator->history_header->max_entries = MAX_HISTORY_ENTRIES;
    #####:  270:        g_orchestrator->history_header->next_offset = sizeof(HistoryHeader);
        -:  271:        
        -:  272:        // Sync to disk
    #####:  273:        if (msync(g_orchestrator->history_mapping, sizeof(HistoryHeader), MS_SYNC) != 0) {
call    0 never executed
branch  1 never executed
branch  2 never executed
    #####:  274:            MERCURY_WARN("Failed to sync history header");
branch  0 never executed
branch  1 never executed
call    2 never executed
        -:  275:        }
        -:  276:    }
        -:  277:    
        1:  278:    MERCURY_INFO("History file initialized: %s (%zu bytes, %llu entries)", 
branch  0 taken 100% (fallthrough)
branch  1 taken 0%
call    2 returned 100%
        -:  279:                 history_path, total_size, g_orchestrator->history_header->entry_count);
        -:  280:    
        -:  281:    return MERCURY_SUCCESS;
        -:  282:#endif  // !_WIN32
        -:  283:}
------------------
init_history_file:
function init_history_file called 1 returned 100% blocks executed 46%
        1:  200:static MercuryError init_history_file(const char* history_path) {
        1:  201:    if (!history_path) {
branch  0 taken 0% (fallthrough)
branch  1 taken 100%
    #####:  202:        MERCURY_SET_ERROR(MERCURY_ERROR_INVALID_ARGUMENT, "History path cannot be NULL");
    #####:  203:        return MERCURY_ERROR_INVALID_ARGUMENT;
        -:  204:    }
        -:  205:    
        -:  206:#ifdef _WIN32
        -:  207:    // Memory mapping not implemented on Windows
        -:  208:    MERCURY_WARN("Memory-mapped history not available on Windows - using in-memory only");
        -:  209:    g_orchestrator->history_mapping = NULL;
        -:  210:    g_orchestrator->history_header = NULL;
        -:  211:    g_orchestrator->history_fd = -1;
        -:  212:    g_orchestrator->history_file_size = 0;
        -:  213:    return MERCURY_SUCCESS;
        -:  214:#else
        -:  215:    
        -:  216:    // Calculate required file size
        -:  217:    size_t header_size = sizeof(HistoryHeader);
        -:  218:    size_t entries_size = MAX_HISTORY_ENTRIES * sizeof(HistoryEntry);
        -:  219:    size_t total_size = header_size + entries_size + (64 * 1024); // Extra space for context data
        -:  220:    
        1:  221:    g_orchestrator->history_file_size = total_size;
call    0 returned 100%
        -:  222:    
        -:  223:    // Open or create history file
        1:  224:    g_orchestrator->history_fd = open(history_path, O_RDWR | O_CREAT, 0644);
        1:  225:    if (g_orchestrator->history_fd == -1) {
branch  0 taken 0% (fallthrough)
branch  1 taken 100%
    #####:  226:        MERCURY_SET_ERROR(MERCURY_ERROR_IO_ERROR, "Failed to open history file");
    #####:  227:        return MERCURY_ERROR_IO_ERROR;
        -:  228:    }
        -:  229:    
        -:  230:    // Check if file exists and has correct size
        -:  231:    struct stat st;
        1:  232:    if (fstat(g_orchestrator->history_fd, &st) != 0) {
call    0 returned 100%
branch  1 taken 0% (fallthrough)
branch  2 taken 100%
    #####:  233:        close(g_orchestrator->history_fd);
call    0 never executed
    #####:  234:        MERCURY_SET_ERROR(MERCURY_ERROR_IO_ERROR, "Failed to stat history file");
    #####:  235:        return MERCURY_ERROR_IO_ERROR;
        -:  236:    }
        -:  237:    
        -:  238:    // Extend file if necessary
        1:  239:    if (st.st_size < (off_t)total_size) {
branch  0 taken 0% (fallthrough)
branch  1 taken 100%
    #####:  240:        if (ftruncate(g_orchestrator->history_fd, total_size) != 0) {
call    0 never executed
branch  1 never executed
branch  2 never executed
    #####:  241:            close(g_orchestrator->history_fd);
call    0 never executed
    #####:  242:            MERCURY_SET_ERROR(MERCURY_ERROR_IO_ERROR, "Failed to extend history file");
    #####:  243:            return MERCURY_ERROR_IO_ERROR;
        -:  244:        }
        -:  245:    }
        -:  246:    
        -:  247:    // Memory map the file
        2:  248:    g_orchestrator->history_mapping = mmap(NULL, total_size, PROT_READ | PROT_WRITE, 
        1:  249:                                          MAP_SHARED, g_orchestrator->history_fd, 0);
call    0 returned 100%
        1:  250:    if (g_orchestrator->history_mapping == MAP_FAILED) {
branch  0 taken 0% (fallthrough)
branch  1 taken 100%
        -:  251:        char error_msg[256];
    #####:  252:        snprintf(error_msg, sizeof(error_msg), "Failed to map history file: %s", strerror(errno));
call    0 never executed
    #####:  253:        MERCURY_SET_ERROR(MERCURY_ERROR_IO_ERROR, error_msg);
    #####:  254:        close(g_orchestrator->history_fd);
call    0 never executed
    #####:  255:        g_orchestrator->history_fd = -1;
    #####:  256:        g_orchestrator->history_mapping = NULL;
        -:  257:        return MERCURY_ERROR_IO_ERROR;
        -:  258:    }
        -:  259:    
        1:  260:    g_orchestrator->history_header = (HistoryHeader*)g_orchestrator->history_mapping;
        -:  261:    
        -:  262:    // Initialize header if new file
        1:  263:    if (st.st_size < (off_t)sizeof(HistoryHeader) || 
branch  0 taken 100% (fallthrough)
branch  1 taken 0%
        1:  264:        g_orchestrator->history_header->magic != HISTORY_MAGIC) {
branch  0 taken 0% (fallthrough)
branch  1 taken 100%
        -:  265:        
    #####:  266:        g_orchestrator->history_header->magic = HISTORY_MAGIC;
    #####:  267:        g_orchestrator->history_header->version = 1;
    #####:  268:        g_orchestrator->history_header->entry_count = 0;
    #####:  269:        g_orchestrator->history_header->max_entries = MAX_HISTORY_ENTRIES;
    #####:  270:        g_orchestrator->history_header->next_offset = sizeof(HistoryHeader);
        -:  271:        
        -:  272:        // Sync to disk
    #####:  273:        if (msync(g_orchestrator->history_mapping, sizeof(HistoryHeader), MS_SYNC) != 0) {
call    0 never executed
branch  1 never executed
branch  2 never executed
    #####:  274:            MERCURY_WARN("Failed to sync history header");
branch  0 never executed
branch  1 never executed
call    2 never executed
        -:  275:        }
        -:  276:    }
        -:  277:    
        1:  278:    MERCURY_INFO("History file initialized: %s (%zu bytes, %llu entries)", 
branch  0 taken 100% (fallthrough)
branch  1 taken 0%
call    2 returned 100%
        -:  279:                 history_path, total_size, g_orchestrator->history_header->entry_count);
        -:  280:    
        -:  281:    return MERCURY_SUCCESS;
        -:  282:#endif  // !_WIN32
        -:  283:}
------------------
        -:  284:
        -:  285:// Cleanup memory-mapped history
        3:  286:static void cleanup_history_file(void) {
        -:  287:#ifdef _WIN32
        -:  288:    // No-op on Windows - memory mapping not implemented
        -:  289:    return;
        -:  290:#else
        3:  291:    if (g_orchestrator->history_mapping && g_orchestrator->history_mapping != MAP_FAILED) {
        3:  292:        msync(g_orchestrator->history_mapping, g_orchestrator->history_file_size, MS_SYNC);
        3:  293:        munmap(g_orchestrator->history_mapping, g_orchestrator->history_file_size);
        3:  294:        g_orchestrator->history_mapping = NULL;
        -:  295:    }
        -:  296:    
        3:  297:    if (g_orchestrator->history_fd >= 0) {
        3:  298:        close(g_orchestrator->history_fd);
        3:  299:        g_orchestrator->history_fd = -1;
        -:  300:    }
        -:  301:#endif
        3:  302:}
------------------
cleanup_history_file:
function cleanup_history_file called 1 returned 100% blocks executed 100%
        1:  286:static void cleanup_history_file(void) {
        -:  287:#ifdef _WIN32
        -:  288:    // No-op on Windows - memory mapping not implemented
        -:  289:    return;
        -:  290:#else
        1:  291:    if (g_orchestrator->history_mapping && g_orchestrator->history_mapping != MAP_FAILED) {
branch  0 taken 100% (fallthrough)
branch  1 taken 0%
        1:  292:        msync(g_orchestrator->history_mapping, g_orchestrator->history_file_size, MS_SYNC);
call    0 returned 100%
        1:  293:        munmap(g_orchestrator->history_mapping, g_orchestrator->history_file_size);
call    0 returned 100%
        1:  294:        g_orchestrator->history_mapping = NULL;
        -:  295:    }
        -:  296:    
        1:  297:    if (g_orchestrator->history_fd >= 0) {
branch  0 taken 100% (fallthrough)
branch  1 taken 0%
        1:  298:        close(g_orchestrator->history_fd);
call    0 returned 100%
        1:  299:        g_orchestrator->history_fd = -1;
        -:  300:    }
        -:  301:#endif
        1:  302:}
------------------
cleanup_history_file:
function cleanup_history_file called 1 returned 100% blocks executed 100%
        1:  286:static void cleanup_history_file(void) {
        -:  287:#ifdef _WIN32
        -:  288:    // No-op on Windows - memory mapping not implemented
        -:  289:    return;
        -:  290:#else
        1:  291:    if (g_orchestrator->history_mapping && g_orchestrator->history_mapping != MAP_FAILED) {
branch  0 taken 100% (fallthrough)
branch  1 taken 0%
        1:  292:        msync(g_orchestrator->history_mapping, g_orchestrator->history_file_size, MS_SYNC);
call    0 returned 100%
        1:  293:        munmap(g_orchestrator->history_mapping, g_orchestrator->history_file_size);
call    0 returned 100%
        1:  294:        g_orchestrator->history_mapping = NULL;
        -:  295:    }
        -:  296:    
        1:  297:    if (g_orchestrator->history_fd >= 0) {
branch  0 taken 100% (fallthrough)
branch  1 taken 0%
        1:  298:        close(g_orchestrator->history_fd);
call    0 returned 100%
        1:  299:        g_orchestrator->history_fd = -1;
        -:  300:    }
        -:  301:#endif
        1:  302:}
------------------
cleanup_history_file:
function cleanup_history_file called 1 returned 100% blocks executed 100%
        1:  286:static void cleanup_history_file(void) {
        -:  287:#ifdef _WIN32
        -:  288:    // No-op on Windows - memory mapping not implemented
        -:  289:    return;
        -:  290:#else
        1:  291:    if (g_orchestrator->history_mapping && g_orchestrator->history_mapping != MAP_FAILED) {
branch  0 taken 100% (fallthrough)
branch  1 taken 0%
        1:  292:        msync(g_orchestrator->history_mapping, g_orchestrator->history_file_size, MS_SYNC);
call    0 returned 100%
        1:  293:        munmap(g_orchestrator->history_mapping, g_orchestrator->history_file_size);
call    0 returned 100%
        1:  294:        g_orchestrator->history_mapping = NULL;
        -:  295:    }
        -:  296:    
        1:  297:    if (g_orchestrator->history_fd >= 0) {
branch  0 taken 100% (fallthrough)
branch  1 taken 0%
        1:  298:        close(g_orchestrator->history_fd);
call    0 returned 100%
        1:  299:        g_orchestrator->history_fd = -1;
        -:  300:    }
        -:  301:#endif
        1:  302:}
------------------
        -:  303:
        -:  304:// Store test result in memory-mapped history
      823:  305:static MercuryError store_test_result(const TestContext* context) {
      823:  306:    if (!context) {
        -:  307:        return MERCURY_ERROR_INVALID_ARGUMENT;
        -:  308:    }
        -:  309:    
        -:  310:#ifdef _WIN32
        -:  311:    // History storage not implemented on Windows
        -:  312:    return MERCURY_SUCCESS;
        -:  313:#else
      823:  314:    if (!g_orchestrator->history_header) {
        -:  315:        return MERCURY_ERROR_INVALID_ARGUMENT;
        -:  316:    }
        -:  317:    
        -:  318:    // Check if we have space
      823:  319:    if (g_orchestrator->history_header->entry_count >= g_orchestrator->history_header->max_entries) {
        -:  320:        // Could implement circular buffer logic here
        -:  321:        static int warn_count = 0;
      823:  322:        if (warn_count < 5) {
       15:  323:            MERCURY_WARN("History buffer full, cannot store new entry");
       15:  324:            warn_count++;
       15:  325:            if (warn_count == 5) {
        3:  326:                MERCURY_WARN("Suppressing further history buffer full warnings...");
        -:  327:            }
        -:  328:        }
      823:  329:        return MERCURY_ERROR_BUFFER_OVERFLOW;
        -:  330:    }
        -:  331:    
        -:  332:    // Calculate entry position
    #####:  333:    uint64_t entry_offset = g_orchestrator->history_header->next_offset;
    #####:  334:    HistoryEntry* entry = (HistoryEntry*)((char*)g_orchestrator->history_mapping + entry_offset);
        -:  335:    
        -:  336:    // Fill entry
    #####:  337:    entry->timestamp_ns = mercury_get_timestamp().nanoseconds;
    #####:  338:    strncpy(entry->test_class, context->test_class, sizeof(entry->test_class) - 1);
    #####:  339:    entry->test_class[sizeof(entry->test_class) - 1] = '\0';
    #####:  340:    strncpy(entry->test_method, context->test_method, sizeof(entry->test_method) - 1);
    #####:  341:    entry->test_method[sizeof(entry->test_method) - 1] = '\0';
        -:  342:    
        -:  343:    // Create operation name from class and method
    #####:  344:    snprintf(entry->operation_name, sizeof(entry->operation_name), "%s::%s", 
        -:  345:             context->test_class, context->test_method);
        -:  346:    
    #####:  347:    entry->response_time_ms = context->response_time_ms;
    #####:  348:    entry->memory_usage_mb = context->memory_usage_mb;
    #####:  349:    entry->query_count = context->query_count;
    #####:  350:    entry->performance_score = context->performance_score;
    #####:  351:    strncpy(entry->grade, context->grade, sizeof(entry->grade) - 1);
    #####:  352:    entry->grade[sizeof(entry->grade) - 1] = '\0';
    #####:  353:    entry->has_n_plus_one = context->has_n_plus_one ? 1 : 0;
    #####:  354:    entry->severity_level = context->severity_level;
    #####:  355:    entry->context_data_size = 0;  // No additional context data for now
        -:  356:    
        -:  357:    // Update header
    #####:  358:    g_orchestrator->history_header->entry_count++;
    #####:  359:    g_orchestrator->history_header->next_offset += sizeof(HistoryEntry) + entry->context_data_size;
        -:  360:    
        -:  361:    // Periodic sync (every 10 entries)
    #####:  362:    if (g_orchestrator->history_header->entry_count % 10 == 0) {
    #####:  363:        msync(g_orchestrator->history_mapping, g_orchestrator->history_file_size, MS_ASYNC);
        -:  364:    }
        -:  365:    
        -:  366:    return MERCURY_SUCCESS;
        -:  367:#endif  // !_WIN32
        -:  368:}
------------------
store_test_result:
function store_test_result called 7 returned 100% blocks executed 79%
        7:  305:static MercuryError store_test_result(const TestContext* context) {
        7:  306:    if (!context) {
branch  0 taken 100% (fallthrough)
branch  1 taken 0%
        -:  307:        return MERCURY_ERROR_INVALID_ARGUMENT;
        -:  308:    }
        -:  309:    
        -:  310:#ifdef _WIN32
        -:  311:    // History storage not implemented on Windows
        -:  312:    return MERCURY_SUCCESS;
        -:  313:#else
        7:  314:    if (!g_orchestrator->history_header) {
branch  0 taken 100% (fallthrough)
branch  1 taken 0%
        -:  315:        return MERCURY_ERROR_INVALID_ARGUMENT;
        -:  316:    }
        -:  317:    
        -:  318:    // Check if we have space
        7:  319:    if (g_orchestrator->history_header->entry_count >= g_orchestrator->history_header->max_entries) {
branch  0 taken 100% (fallthrough)
branch  1 taken 0%
        -:  320:        // Could implement circular buffer logic here
        -:  321:        static int warn_count = 0;
        7:  322:        if (warn_count < 5) {
branch  0 taken 71% (fallthrough)
branch  1 taken 29%
        5:  323:            MERCURY_WARN("History buffer full, cannot store new entry");
branch  0 taken 100% (fallthrough)
branch  1 taken 0%
call    2 returned 100%
        5:  324:            warn_count++;
        5:  325:            if (warn_count == 5) {
branch  0 taken 20% (fallthrough)
branch  1 taken 80%
        1:  326:                MERCURY_WARN("Suppressing further history buffer full warnings...");
branch  0 taken 100% (fallthrough)
branch  1 taken 0%
call    2 returned 100%
        -:  327:            }
        -:  328:        }
        7:  329:        return MERCURY_ERROR_BUFFER_OVERFLOW;
        -:  330:    }
        -:  331:    
        -:  332:    // Calculate entry position
    #####:  333:    uint64_t entry_offset = g_orchestrator->history_header->next_offset;
    #####:  334:    HistoryEntry* entry = (HistoryEntry*)((char*)g_orchestrator->history_mapping + entry_offset);
        -:  335:    
        -:  336:    // Fill entry
    #####:  337:    entry->timestamp_ns = mercury_get_timestamp().nanoseconds;
call    0 never executed
    #####:  338:    strncpy(entry->test_class, context->test_class, sizeof(entry->test_class) - 1);
branch  0 never executed
branch  1 never executed
    #####:  339:    entry->test_class[sizeof(entry->test_class) - 1] = '\0';
    #####:  340:    strncpy(entry->test_method, context->test_method, sizeof(entry->test_method) - 1);
    #####:  341:    entry->test_method[sizeof(entry->test_method) - 1] = '\0';
        -:  342:    
        -:  343:    // Create operation name from class and method
    #####:  344:    snprintf(entry->operation_name, sizeof(entry->operation_name), "%s::%s", 
branch  0 never executed
branch  1 never executed
        -:  345:             context->test_class, context->test_method);
        -:  346:    
    #####:  347:    entry->response_time_ms = context->response_time_ms;
    #####:  348:    entry->memory_usage_mb = context->memory_usage_mb;
    #####:  349:    entry->query_count = context->query_count;
    #####:  350:    entry->performance_score = context->performance_score;
    #####:  351:    strncpy(entry->grade, context->grade, sizeof(entry->grade) - 1);
    #####:  352:    entry->grade[sizeof(entry->grade) - 1] = '\0';
    #####:  353:    entry->has_n_plus_one = context->has_n_plus_one ? 1 : 0;
    #####:  354:    entry->severity_level = context->severity_level;
    #####:  355:    entry->context_data_size = 0;  // No additional context data for now
        -:  356:    
        -:  357:    // Update header
    #####:  358:    g_orchestrator->history_header->entry_count++;
    #####:  359:    g_orchestrator->history_header->next_offset += sizeof(HistoryEntry) + entry->context_data_size;
        -:  360:    
        -:  361:    // Periodic sync (every 10 entries)
    #####:  362:    if (g_orchestrator->history_header->entry_count % 10 == 0) {
branch  0 never executed
branch  1 never executed
    #####:  363:        msync(g_orchestrator->history_mapping, g_orchestrator->history_file_size, MS_ASYNC);
call    0 never executed
        -:  364:    }
        -:  365:    
        -:  366:    return MERCURY_SUCCESS;
        -:  367:#endif  // !_WIN32
        -:  368:}
------------------
store_test_result:
function store_test_result called 340 returned 100% blocks executed 79%
      340:  305:static MercuryError store_test_result(const TestContext* context) {
      340:  306:    if (!context) {
branch  0 taken 100% (fallthrough)
branch  1 taken 0%
        -:  307:        return MERCURY_ERROR_INVALID_ARGUMENT;
        -:  308:    }
        -:  309:    
        -:  310:#ifdef _WIN32
        -:  311:    // History storage not implemented on Windows
        -:  312:    return MERCURY_SUCCESS;
        -:  313:#else
      340:  314:    if (!g_orchestrator->history_header) {
branch  0 taken 100% (fallthrough)
branch  1 taken 0%
        -:  315:        return MERCURY_ERROR_INVALID_ARGUMENT;
        -:  316:    }
        -:  317:    
        -:  318:    // Check if we have space
      340:  319:    if (g_orchestrator->history_header->entry_count >= g_orchestrator->history_header->max_entries) {
branch  0 taken 100% (fallthrough)
branch  1 taken 0%
        -:  320:        // Could implement circular buffer logic here
        -:  321:        static int warn_count = 0;
      340:  322:        if (warn_count < 5) {
branch  0 taken 1% (fallthrough)
branch  1 taken 99%
        5:  323:            MERCURY_WARN("History buffer full, cannot store new entry");
branch  0 taken 100% (fallthrough)
branch  1 taken 0%
call    2 returned 100%
        5:  324:            warn_count++;
        5:  325:            if (warn_count == 5) {
branch  0 taken 20% (fallthrough)
branch  1 taken 80%
        1:  326:                MERCURY_WARN("Suppressing further history buffer full warnings...");
branch  0 taken 100% (fallthrough)
branch  1 taken 0%
call    2 returned 100%
        -:  327:            }
        -:  328:        }
      340:  329:        return MERCURY_ERROR_BUFFER_OVERFLOW;
        -:  330:    }
        -:  331:    
        -:  332:    // Calculate entry position
    #####:  333:    uint64_t entry_offset = g_orchestrator->history_header->next_offset;
    #####:  334:    HistoryEntry* entry = (HistoryEntry*)((char*)g_orchestrator->history_mapping + entry_offset);
        -:  335:    
        -:  336:    // Fill entry
    #####:  337:    entry->timestamp_ns = mercury_get_timestamp().nanoseconds;
call    0 never executed
    #####:  338:    strncpy(entry->test_class, context->test_class, sizeof(entry->test_class) - 1);
branch  0 never executed
branch  1 never executed
    #####:  339:    entry->test_class[sizeof(entry->test_class) - 1] = '\0';
    #####:  340:    strncpy(entry->test_method, context->test_method, sizeof(entry->test_method) - 1);
    #####:  341:    entry->test_method[sizeof(entry->test_method) - 1] = '\0';
        -:  342:    
        -:  343:    // Create operation name from class and method
    #####:  344:    snprintf(entry->operation_name, sizeof(entry->operation_name), "%s::%s", 
branch  0 never executed
branch  1 never executed
        -:  345:             context->test_class, context->test_method);
        -:  346:    
    #####:  347:    entry->response_time_ms = context->response_time_ms;
    #####:  348:    entry->memory_usage_mb = context->memory_usage_mb;
    #####:  349:    entry->query_count = context->query_count;
    #####:  350:    entry->performance_score = context->performance_score;
    #####:  351:    strncpy(entry->grade, context->grade, sizeof(entry->grade) - 1);
    #####:  352:    entry->grade[sizeof(entry->grade) - 1] = '\0';
    #####:  353:    entry->has_n_plus_one = context->has_n_plus_one ? 1 : 0;
    #####:  354:    entry->severity_level = context->severity_level;
    #####:  355:    entry->context_data_size = 0;  // No additional context data for now
        -:  356:    
        -:  357:    // Update header
    #####:  358:    g_orchestrator->history_header->entry_count++;
    #####:  359:    g_orchestrator->history_header->next_offset += sizeof(HistoryEntry) + entry->context_data_size;
        -:  360:    
        -:  361:    // Periodic sync (every 10 entries)
    #####:  362:    if (g_orchestrator->history_header->entry_count % 10 == 0) {
branch  0 never executed
branch  1 never executed
    #####:  363:        msync(g_orchestrator->history_mapping, g_orchestrator->history_file_size, MS_ASYNC);
call    0 never executed
        -:  364:    }
        -:  365:    
        -:  366:    return MERCURY_SUCCESS;
        -:  367:#endif  // !_WIN32
        -:  368:}
------------------
store_test_result:
function store_test_result called 476 returned 100% blocks executed 79%
      476:  305:static MercuryError store_test_result(const TestContext* context) {
      476:  306:    if (!context) {
branch  0 taken 100% (fallthrough)
branch  1 taken 0%
        -:  307:        return MERCURY_ERROR_INVALID_ARGUMENT;
        -:  308:    }
        -:  309:    
        -:  310:#ifdef _WIN32
        -:  311:    // History storage not implemented on Windows
        -:  312:    return MERCURY_SUCCESS;
        -:  313:#else
      476:  314:    if (!g_orchestrator->history_header) {
branch  0 taken 100% (fallthrough)
branch  1 taken 0%
        -:  315:        return MERCURY_ERROR_INVALID_ARGUMENT;
        -:  316:    }
        -:  317:    
        -:  318:    // Check if we have space
      476:  319:    if (g_orchestrator->history_header->entry_count >= g_orchestrator->history_header->max_entries) {
branch  0 taken 100% (fallthrough)
branch  1 taken 0%
        -:  320:        // Could implement circular buffer logic here
        -:  321:        static int warn_count = 0;
      476:  322:        if (warn_count < 5) {
branch  0 taken 1% (fallthrough)
branch  1 taken 99%
        5:  323:            MERCURY_WARN("History buffer full, cannot store new entry");
branch  0 taken 100% (fallthrough)
branch  1 taken 0%
call    2 returned 100%
        5:  324:            warn_count++;
        5:  325:            if (warn_count == 5) {
branch  0 taken 20% (fallthrough)
branch  1 taken 80%
        1:  326:                MERCURY_WARN("Suppressing further history buffer full warnings...");
branch  0 taken 100% (fallthrough)
branch  1 taken 0%
call    2 returned 100%
        -:  327:            }
        -:  328:        }
      476:  329:        return MERCURY_ERROR_BUFFER_OVERFLOW;
        -:  330:    }
        -:  331:    
        -:  332:    // Calculate entry position
    #####:  333:    uint64_t entry_offset = g_orchestrator->history_header->next_offset;
    #####:  334:    HistoryEntry* entry = (HistoryEntry*)((char*)g_orchestrator->history_mapping + entry_offset);
        -:  335:    
        -:  336:    // Fill entry
    #####:  337:    entry->timestamp_ns = mercury_get_timestamp().nanoseconds;
call    0 never executed
    #####:  338:    strncpy(entry->test_class, context->test_class, sizeof(entry->test_class) - 1);
branch  0 never executed
branch  1 never executed
    #####:  339:    entry->test_class[sizeof(entry->test_class) - 1] = '\0';
    #####:  340:    strncpy(entry->test_method, context->test_method, sizeof(entry->test_method) - 1);
    #####:  341:    entry->test_method[sizeof(entry->test_method) - 1] = '\0';
        -:  342:    
        -:  343:    // Create operation name from class and method
    #####:  344:    snprintf(entry->operation_name, sizeof(entry->operation_name), "%s::%s", 
branch  0 never executed
branch  1 never executed
        -:  345:             context->test_class, context->test_method);
        -:  346:    
    #####:  347:    entry->response_time_ms = context->response_time_ms;
    #####:  348:    entry->memory_usage_mb = context->memory_usage_mb;
    #####:  349:    entry->query_count = context->query_count;
    #####:  350:    entry->performance_score = context->performance_score;
    #####:  351:    strncpy(entry->grade, context->grade, sizeof(entry->grade) - 1);
    #####:  352:    entry->grade[sizeof(entry->grade) - 1] = '\0';
    #####:  353:    entry->has_n_plus_one = context->has_n_plus_one ? 1 : 0;
    #####:  354:    entry->severity_level = context->severity_level;
    #####:  355:    entry->context_data_size = 0;  // No additional context data for now
        -:  356:    
        -:  357:    // Update header
    #####:  358:    g_orchestrator->history_header->entry_count++;
    #####:  359:    g_orchestrator->history_header->next_offset += sizeof(HistoryEntry) + entry->context_data_size;
        -:  360:    
        -:  361:    // Periodic sync (every 10 entries)
    #####:  362:    if (g_orchestrator->history_header->entry_count % 10 == 0) {
branch  0 never executed
branch  1 never executed
    #####:  363:        msync(g_orchestrator->history_mapping, g_orchestrator->history_file_size, MS_ASYNC);
call    0 never executed
        -:  364:    }
        -:  365:    
        -:  366:    return MERCURY_SUCCESS;
        -:  367:#endif  // !_WIN32
        -:  368:}
------------------
        -:  369:
        -:  370:// === ORCHESTRATOR INITIALIZATION ===
        -:  371:
        3:  372:static MercuryError init_test_orchestrator(const char* history_path) {
        3:  373:    if (g_orchestrator) {
        -:  374:        return MERCURY_SUCCESS;  // Already initialized
        -:  375:    }
        -:  376:    
        3:  377:    g_orchestrator = mercury_aligned_alloc(sizeof(TestOrchestrator), 64);
        3:  378:    if (!g_orchestrator) {
    #####:  379:        MERCURY_SET_ERROR(MERCURY_ERROR_OUT_OF_MEMORY, "Failed to allocate test orchestrator");
    #####:  380:        return MERCURY_ERROR_OUT_OF_MEMORY;
        -:  381:    }
        -:  382:    
        -:  383:    // Initialize context pool
        3:  384:    g_orchestrator->max_contexts = MAX_TEST_CONTEXTS;
        3:  385:    g_orchestrator->contexts = mercury_aligned_alloc(g_orchestrator->max_contexts * sizeof(TestContext), 64);
        3:  386:    if (!g_orchestrator->contexts) {
    #####:  387:        mercury_aligned_free(g_orchestrator);
    #####:  388:        g_orchestrator = NULL;
    #####:  389:        MERCURY_SET_ERROR(MERCURY_ERROR_OUT_OF_MEMORY, "Failed to allocate context pool");
    #####:  390:        return MERCURY_ERROR_OUT_OF_MEMORY;
        -:  391:    }
        -:  392:    
        3:  393:    g_orchestrator->context_count = 0;
        -:  394:    
        -:  395:    // Initialize all contexts as inactive
      771:  396:    for (size_t i = 0; i < g_orchestrator->max_contexts; i++) {
      768:  397:        g_orchestrator->contexts[i].is_active = false;
      768:  398:        g_orchestrator->contexts[i].context_id = -1;
        -:  399:    }
        -:  400:    
        -:  401:    // Initialize statistics
        3:  402:    atomic_store(&g_orchestrator->total_tests_executed, 0);
        3:  403:    atomic_store(&g_orchestrator->total_violations, 0);
        3:  404:    atomic_store(&g_orchestrator->total_n_plus_one_detected, 0);
        3:  405:    atomic_store(&g_orchestrator->next_context_id, 0);
        -:  406:    
        -:  407:    // Initialize history file
        -:  408:    const char* default_history = "/tmp/mercury_history.dat";
        3:  409:    if (!history_path) {
        -:  410:        history_path = default_history;
        -:  411:    }
        -:  412:    
        3:  413:    g_orchestrator->history_fd = -1;  // Mark as uninitialized
        3:  414:    if (init_history_file(history_path) != MERCURY_SUCCESS) {
    #####:  415:        mercury_aligned_free(g_orchestrator->contexts);
    #####:  416:        mercury_aligned_free(g_orchestrator);
    #####:  417:        g_orchestrator = NULL;
    #####:  418:        return MERCURY_ERROR_IO_ERROR;
        -:  419:    }
        -:  420:    
        3:  421:    MERCURY_INFO("Test orchestrator initialized with %zu context slots", g_orchestrator->max_contexts);
        -:  422:    return MERCURY_SUCCESS;
        -:  423:}
------------------
init_test_orchestrator:
function init_test_orchestrator called 1 returned 100% blocks executed 71%
        1:  372:static MercuryError init_test_orchestrator(const char* history_path) {
        1:  373:    if (g_orchestrator) {
branch  0 taken 100% (fallthrough)
branch  1 taken 0%
        -:  374:        return MERCURY_SUCCESS;  // Already initialized
        -:  375:    }
        -:  376:    
        1:  377:    g_orchestrator = mercury_aligned_alloc(sizeof(TestOrchestrator), 64);
call    0 returned 100%
        1:  378:    if (!g_orchestrator) {
branch  0 taken 0% (fallthrough)
branch  1 taken 100%
    #####:  379:        MERCURY_SET_ERROR(MERCURY_ERROR_OUT_OF_MEMORY, "Failed to allocate test orchestrator");
    #####:  380:        return MERCURY_ERROR_OUT_OF_MEMORY;
        -:  381:    }
        -:  382:    
        -:  383:    // Initialize context pool
        1:  384:    g_orchestrator->max_contexts = MAX_TEST_CONTEXTS;
        1:  385:    g_orchestrator->contexts = mercury_aligned_alloc(g_orchestrator->max_contexts * sizeof(TestContext), 64);
call    0 returned 100%
        1:  386:    if (!g_orchestrator->contexts) {
branch  0 taken 0% (fallthrough)
branch  1 taken 100%
    #####:  387:        mercury_aligned_free(g_orchestrator);
call    0 never executed
    #####:  388:        g_orchestrator = NULL;
    #####:  389:        MERCURY_SET_ERROR(MERCURY_ERROR_OUT_OF_MEMORY, "Failed to allocate context pool");
    #####:  390:        return MERCURY_ERROR_OUT_OF_MEMORY;
        -:  391:    }
        -:  392:    
        1:  393:    g_orchestrator->context_count = 0;
        -:  394:    
        -:  395:    // Initialize all contexts as inactive
      257:  396:    for (size_t i = 0; i < g_orchestrator->max_contexts; i++) {
branch  0 taken 100%
branch  1 taken 1% (fallthrough)
      256:  397:        g_orchestrator->contexts[i].is_active = false;
      256:  398:        g_orchestrator->contexts[i].context_id = -1;
        -:  399:    }
        -:  400:    
        -:  401:    // Initialize statistics
        1:  402:    atomic_store(&g_orchestrator->total_tests_executed, 0);
        1:  403:    atomic_store(&g_orchestrator->total_violations, 0);
        1:  404:    atomic_store(&g_orchestrator->total_n_plus_one_detected, 0);
        1:  405:    atomic_store(&g_orchestrator->next_context_id, 0);
        -:  406:    
        -:  407:    // Initialize history file
        -:  408:    const char* default_history = "/tmp/mercury_history.dat";
        1:  409:    if (!history_path) {
branch  0 taken 100% (fallthrough)
branch  1 taken 0%
        -:  410:        history_path = default_history;
        -:  411:    }
        -:  412:    
        1:  413:    g_orchestrator->history_fd = -1;  // Mark as uninitialized
        1:  414:    if (init_history_file(history_path) != MERCURY_SUCCESS) {
call    0 returned 100%
branch  1 taken 0% (fallthrough)
branch  2 taken 100%
    #####:  415:        mercury_aligned_free(g_orchestrator->contexts);
call    0 never executed
    #####:  416:        mercury_aligned_free(g_orchestrator);
call    0 never executed
    #####:  417:        g_orchestrator = NULL;
    #####:  418:        return MERCURY_ERROR_IO_ERROR;
        -:  419:    }
        -:  420:    
        1:  421:    MERCURY_INFO("Test orchestrator initialized with %zu context slots", g_orchestrator->max_contexts);
branch  0 taken 100% (fallthrough)
branch  1 taken 0%
call    2 returned 100%
        -:  422:    return MERCURY_SUCCESS;
        -:  423:}
------------------
init_test_orchestrator:
function init_test_orchestrator called 1 returned 100% blocks executed 71%
        1:  372:static MercuryError init_test_orchestrator(const char* history_path) {
        1:  373:    if (g_orchestrator) {
branch  0 taken 100% (fallthrough)
branch  1 taken 0%
        -:  374:        return MERCURY_SUCCESS;  // Already initialized
        -:  375:    }
        -:  376:    
        1:  377:    g_orchestrator = mercury_aligned_alloc(sizeof(TestOrchestrator), 64);
call    0 returned 100%
        1:  378:    if (!g_orchestrator) {
branch  0 taken 0% (fallthrough)
branch  1 taken 100%
    #####:  379:        MERCURY_SET_ERROR(MERCURY_ERROR_OUT_OF_MEMORY, "Failed to allocate test orchestrator");
    #####:  380:        return MERCURY_ERROR_OUT_OF_MEMORY;
        -:  381:    }
        -:  382:    
        -:  383:    // Initialize context pool
        1:  384:    g_orchestrator->max_contexts = MAX_TEST_CONTEXTS;
        1:  385:    g_orchestrator->contexts = mercury_aligned_alloc(g_orchestrator->max_contexts * sizeof(TestContext), 64);
call    0 returned 100%
        1:  386:    if (!g_orchestrator->contexts) {
branch  0 taken 0% (fallthrough)
branch  1 taken 100%
    #####:  387:        mercury_aligned_free(g_orchestrator);
call    0 never executed
    #####:  388:        g_orchestrator = NULL;
    #####:  389:        MERCURY_SET_ERROR(MERCURY_ERROR_OUT_OF_MEMORY, "Failed to allocate context pool");
    #####:  390:        return MERCURY_ERROR_OUT_OF_MEMORY;
        -:  391:    }
        -:  392:    
        1:  393:    g_orchestrator->context_count = 0;
        -:  394:    
        -:  395:    // Initialize all contexts as inactive
      257:  396:    for (size_t i = 0; i < g_orchestrator->max_contexts; i++) {
branch  0 taken 100%
branch  1 taken 1% (fallthrough)
      256:  397:        g_orchestrator->contexts[i].is_active = false;
      256:  398:        g_orchestrator->contexts[i].context_id = -1;
        -:  399:    }
        -:  400:    
        -:  401:    // Initialize statistics
        1:  402:    atomic_store(&g_orchestrator->total_tests_executed, 0);
        1:  403:    atomic_store(&g_orchestrator->total_violations, 0);
        1:  404:    atomic_store(&g_orchestrator->total_n_plus_one_detected, 0);
        1:  405:    atomic_store(&g_orchestrator->next_context_id, 0);
        -:  406:    
        -:  407:    // Initialize history file
        -:  408:    const char* default_history = "/tmp/mercury_history.dat";
        1:  409:    if (!history_path) {
branch  0 taken 100% (fallthrough)
branch  1 taken 0%
        -:  410:        history_path = default_history;
        -:  411:    }
        -:  412:    
        1:  413:    g_orchestrator->history_fd = -1;  // Mark as uninitialized
        1:  414:    if (init_history_file(history_path) != MERCURY_SUCCESS) {
call    0 returned 100%
branch  1 taken 0% (fallthrough)
branch  2 taken 100%
    #####:  415:        mercury_aligned_free(g_orchestrator->contexts);
call    0 never executed
    #####:  416:        mercury_aligned_free(g_orchestrator);
call    0 never executed
    #####:  417:        g_orchestrator = NULL;
    #####:  418:        return MERCURY_ERROR_IO_ERROR;
        -:  419:    }
        -:  420:    
        1:  421:    MERCURY_INFO("Test orchestrator initialized with %zu context slots", g_orchestrator->max_contexts);
branch  0 taken 100% (fallthrough)
branch  1 taken 0%
call    2 returned 100%
        -:  422:    return MERCURY_SUCCESS;
        -:  423:}
------------------
init_test_orchestrator:
function init_test_orchestrator called 1 returned 100% blocks executed 71%
        1:  372:static MercuryError init_test_orchestrator(const char* history_path) {
        1:  373:    if (g_orchestrator) {
branch  0 taken 100% (fallthrough)
branch  1 taken 0%
        -:  374:        return MERCURY_SUCCESS;  // Already initialized
        -:  375:    }
        -:  376:    
        1:  377:    g_orchestrator = mercury_aligned_alloc(sizeof(TestOrchestrator), 64);
call    0 returned 100%
        1:  378:    if (!g_orchestrator) {
branch  0 taken 0% (fallthrough)
branch  1 taken 100%
    #####:  379:        MERCURY_SET_ERROR(MERCURY_ERROR_OUT_OF_MEMORY, "Failed to allocate test orchestrator");
    #####:  380:        return MERCURY_ERROR_OUT_OF_MEMORY;
        -:  381:    }
        -:  382:    
        -:  383:    // Initialize context pool
        1:  384:    g_orchestrator->max_contexts = MAX_TEST_CONTEXTS;
        1:  385:    g_orchestrator->contexts = mercury_aligned_alloc(g_orchestrator->max_contexts * sizeof(TestContext), 64);
call    0 returned 100%
        1:  386:    if (!g_orchestrator->contexts) {
branch  0 taken 0% (fallthrough)
branch  1 taken 100%
    #####:  387:        mercury_aligned_free(g_orchestrator);
call    0 never executed
    #####:  388:        g_orchestrator = NULL;
    #####:  389:        MERCURY_SET_ERROR(MERCURY_ERROR_OUT_OF_MEMORY, "Failed to allocate context pool");
    #####:  390:        return MERCURY_ERROR_OUT_OF_MEMORY;
        -:  391:    }
        -:  392:    
        1:  393:    g_orchestrator->context_count = 0;
        -:  394:    
        -:  395:    // Initialize all contexts as inactive
      257:  396:    for (size_t i = 0; i < g_orchestrator->max_contexts; i++) {
branch  0 taken 100%
branch  1 taken 1% (fallthrough)
      256:  397:        g_orchestrator->contexts[i].is_active = false;
      256:  398:        g_orchestrator->contexts[i].context_id = -1;
        -:  399:    }
        -:  400:    
        -:  401:    // Initialize statistics
        1:  402:    atomic_store(&g_orchestrator->total_tests_executed, 0);
        1:  403:    atomic_store(&g_orchestrator->total_violations, 0);
        1:  404:    atomic_store(&g_orchestrator->total_n_plus_one_detected, 0);
        1:  405:    atomic_store(&g_orchestrator->next_context_id, 0);
        -:  406:    
        -:  407:    // Initialize history file
        -:  408:    const char* default_history = "/tmp/mercury_history.dat";
        1:  409:    if (!history_path) {
branch  0 taken 100% (fallthrough)
branch  1 taken 0%
        -:  410:        history_path = default_history;
        -:  411:    }
        -:  412:    
        1:  413:    g_orchestrator->history_fd = -1;  // Mark as uninitialized
        1:  414:    if (init_history_file(history_path) != MERCURY_SUCCESS) {
call    0 returned 100%
branch  1 taken 0% (fallthrough)
branch  2 taken 100%
    #####:  415:        mercury_aligned_free(g_orchestrator->contexts);
call    0 never executed
    #####:  416:        mercury_aligned_free(g_orchestrator);
call    0 never executed
    #####:  417:        g_orchestrator = NULL;
    #####:  418:        return MERCURY_ERROR_IO_ERROR;
        -:  419:    }
        -:  420:    
        1:  421:    MERCURY_INFO("Test orchestrator initialized with %zu context slots", g_orchestrator->max_contexts);
branch  0 taken 100% (fallthrough)
branch  1 taken 0%
call    2 returned 100%
        -:  422:    return MERCURY_SUCCESS;
        -:  423:}
------------------
        -:  424:
        3:  425:static void cleanup_orchestrator_internal(void) {
        3:  426:    if (!g_orchestrator) return;
        -:  427:    
        3:  428:    cleanup_history_file();
        3:  429:    mercury_aligned_free(g_orchestrator->contexts);
        3:  430:    mercury_aligned_free(g_orchestrator);
        3:  431:    g_orchestrator = NULL;
        -:  432:    
        3:  433:    MERCURY_INFO("Test orchestrator cleaned up");
        -:  434:}
------------------
cleanup_orchestrator_internal:
function cleanup_orchestrator_internal called 1 returned 100% blocks executed 100%
        1:  425:static void cleanup_orchestrator_internal(void) {
        1:  426:    if (!g_orchestrator) return;
branch  0 taken 100% (fallthrough)
branch  1 taken 0%
        -:  427:    
        1:  428:    cleanup_history_file();
call    0 returned 100%
        1:  429:    mercury_aligned_free(g_orchestrator->contexts);
call    0 returned 100%
        1:  430:    mercury_aligned_free(g_orchestrator);
call    0 returned 100%
        1:  431:    g_orchestrator = NULL;
        -:  432:    
        1:  433:    MERCURY_INFO("Test orchestrator cleaned up");
branch  0 taken 100% (fallthrough)
branch  1 taken 0%
call    2 returned 100%
        -:  434:}
------------------
cleanup_orchestrator_internal:
function cleanup_orchestrator_internal called 1 returned 100% blocks executed 100%
        1:  425:static void cleanup_orchestrator_internal(void) {
        1:  426:    if (!g_orchestrator) return;
branch  0 taken 100% (fallthrough)
branch  1 taken 0%
        -:  427:    
        1:  428:    cleanup_history_file();
call    0 returned 100%
        1:  429:    mercury_aligned_free(g_orchestrator->contexts);
call    0 returned 100%
        1:  430:    mercury_aligned_free(g_orchestrator);
call    0 returned 100%
        1:  431:    g_orchestrator = NULL;
        -:  432:    
        1:  433:    MERCURY_INFO("Test orchestrator cleaned up");
branch  0 taken 100% (fallthrough)
branch  1 taken 0%
call    2 returned 100%
        -:  434:}
------------------
cleanup_orchestrator_internal:
function cleanup_orchestrator_internal called 1 returned 100% blocks executed 100%
        1:  425:static void cleanup_orchestrator_internal(void) {
        1:  426:    if (!g_orchestrator) return;
branch  0 taken 100% (fallthrough)
branch  1 taken 0%
        -:  427:    
        1:  428:    cleanup_history_file();
call    0 returned 100%
        1:  429:    mercury_aligned_free(g_orchestrator->contexts);
call    0 returned 100%
        1:  430:    mercury_aligned_free(g_orchestrator);
call    0 returned 100%
        1:  431:    g_orchestrator = NULL;
        -:  432:    
        1:  433:    MERCURY_INFO("Test orchestrator cleaned up");
branch  0 taken 100% (fallthrough)
branch  1 taken 0%
call    2 returned 100%
        -:  434:}
------------------
        -:  435:
        -:  436:// === PUBLIC API FUNCTIONS ===
        -:  437:
        -:  438:// Create new test context
      829:  439:void* create_test_context(const char* test_class, const char* test_method) {
        -:  440:    // Validate inputs - reject NULL parameters for security
      829:  441:    if (!test_class || !test_method) {
        -:  442:        return NULL;
        -:  443:    }
        -:  444:    
        -:  445:    // Initialize orchestrator if needed
      826:  446:    if (!g_orchestrator) {
        3:  447:        if (init_test_orchestrator(NULL) != MERCURY_SUCCESS) {
        -:  448:            return NULL;
        -:  449:        }
        -:  450:    }
        -:  451:    
        -:  452:    // Find available context slot
        -:  453:    TestContext* context = NULL;
        -:  454:    
    68206:  455:    for (size_t i = 0; i < g_orchestrator->max_contexts; i++) {
    68204:  456:        if (!g_orchestrator->contexts[i].is_active) {
        -:  457:            context = &g_orchestrator->contexts[i];
        -:  458:            break;
        -:  459:        }
        -:  460:    }
        -:  461:    
      826:  462:    if (!context) {
       2*:  463:        MERCURY_SET_ERROR(MERCURY_ERROR_OUT_OF_MEMORY, "No available context slots");
       2*:  464:        return NULL;
        -:  465:    }
        -:  466:    
        -:  467:    // Initialize context
      824:  468:    context->context_id = atomic_fetch_add(&g_orchestrator->next_context_id, 1);
      824:  469:    context->start_time = mercury_get_timestamp().nanoseconds;
      824:  470:    context->end_time = 0;  // Initialize end_time
        -:  471:    
        -:  472:    // Safe string copy with bounds checking
      824:  473:    size_t class_len = strlen(test_class);
      824:  474:    size_t method_len = strlen(test_method);
        -:  475:    
        -:  476:    // Ensure we don't overflow the buffers
        -:  477:    if (class_len >= sizeof(context->test_class)) {
        -:  478:        class_len = sizeof(context->test_class) - 1;
        -:  479:    }
        -:  480:    if (method_len >= sizeof(context->test_method)) {
        -:  481:        method_len = sizeof(context->test_method) - 1;
        -:  482:    }
        -:  483:    
      824:  484:    memcpy(context->test_class, test_class, class_len);
      824:  485:    context->test_class[class_len] = '\0';
      824:  486:    memcpy(context->test_method, test_method, method_len);
      824:  487:    context->test_method[method_len] = '\0';
        -:  488:    
        -:  489:    // Set default configuration using anonymous struct
      824:  490:    context->config.response_time_threshold = 1000.0;  // 1 second
      824:  491:    context->config.memory_threshold_mb = 200.0;       // 200MB
      824:  492:    context->config.max_queries = 50;                  // 50 queries
      824:  493:    context->config.min_cache_hit_ratio = 0.7;         // 70%
        -:  494:    
        -:  495:    // Initialize metrics
      824:  496:    context->response_time_ms = 0.0;
      824:  497:    context->memory_usage_mb = 0.0;
      824:  498:    context->query_count = 0;
      824:  499:    context->cache_hit_ratio = 0.0;
      824:  500:    context->performance_score = 0.0;
      824:  501:    strncpy(context->grade, "N/A", sizeof(context->grade) - 1);
      824:  502:    context->grade[sizeof(context->grade) - 1] = '\0';
        -:  503:    
        -:  504:    // Initialize status
      824:  505:    context->is_active = true;
      824:  506:    context->has_violations = false;
      824:  507:    context->violation_flags = 0;
      824:  508:    context->has_n_plus_one = false;
      824:  509:    context->severity_level = 0;
      824:  510:    strncpy(context->optimization_suggestion, "No analysis available", 
        -:  511:            sizeof(context->optimization_suggestion) - 1);
      824:  512:    context->optimization_suggestion[sizeof(context->optimization_suggestion) - 1] = '\0';
        -:  513:    
      824:  514:    if (g_orchestrator) {
      824:  515:        g_orchestrator->context_count++;
        -:  516:    }
        -:  517:    
        -:  518:    return context;
        -:  519:}
------------------
create_test_context:
function create_test_context called 10 returned 100% blocks executed 93%
       10:  439:void* create_test_context(const char* test_class, const char* test_method) {
        -:  440:    // Validate inputs - reject NULL parameters for security
       10:  441:    if (!test_class || !test_method) {
branch  0 taken 70% (fallthrough)
branch  1 taken 30%
        -:  442:        return NULL;
        -:  443:    }
        -:  444:    
        -:  445:    // Initialize orchestrator if needed
        7:  446:    if (!g_orchestrator) {
branch  0 taken 14% (fallthrough)
branch  1 taken 86%
        1:  447:        if (init_test_orchestrator(NULL) != MERCURY_SUCCESS) {
call    0 returned 100%
branch  1 taken 100% (fallthrough)
branch  2 taken 0%
        -:  448:            return NULL;
        -:  449:        }
        -:  450:    }
        -:  451:    
        -:  452:    // Find available context slot
        -:  453:    TestContext* context = NULL;
        -:  454:    
       10:  455:    for (size_t i = 0; i < g_orchestrator->max_contexts; i++) {
branch  0 taken 100%
branch  1 taken 0% (fallthrough)
       10:  456:        if (!g_orchestrator->contexts[i].is_active) {
branch  0 taken 30% (fallthrough)
branch  1 taken 70%
        -:  457:            context = &g_orchestrator->contexts[i];
        -:  458:            break;
        -:  459:        }
        -:  460:    }
        -:  461:    
        7:  462:    if (!context) {
branch  0 taken 0% (fallthrough)
branch  1 taken 100%
    #####:  463:        MERCURY_SET_ERROR(MERCURY_ERROR_OUT_OF_MEMORY, "No available context slots");
    #####:  464:        return NULL;
        -:  465:    }
        -:  466:    
        -:  467:    // Initialize context
        7:  468:    context->context_id = atomic_fetch_add(&g_orchestrator->next_context_id, 1);
        7:  469:    context->start_time = mercury_get_timestamp().nanoseconds;
call    0 returned 100%
        7:  470:    context->end_time = 0;  // Initialize end_time
        -:  471:    
        -:  472:    // Safe string copy with bounds checking
        7:  473:    size_t class_len = strlen(test_class);
        7:  474:    size_t method_len = strlen(test_method);
        -:  475:    
        -:  476:    // Ensure we don't overflow the buffers
        -:  477:    if (class_len >= sizeof(context->test_class)) {
        -:  478:        class_len = sizeof(context->test_class) - 1;
        -:  479:    }
        -:  480:    if (method_len >= sizeof(context->test_method)) {
        -:  481:        method_len = sizeof(context->test_method) - 1;
        -:  482:    }
        -:  483:    
        7:  484:    memcpy(context->test_class, test_class, class_len);
branch  0 taken 100% (fallthrough)
branch  1 taken 0%
        7:  485:    context->test_class[class_len] = '\0';
        7:  486:    memcpy(context->test_method, test_method, method_len);
        7:  487:    context->test_method[method_len] = '\0';
        -:  488:    
        -:  489:    // Set default configuration using anonymous struct
        7:  490:    context->config.response_time_threshold = 1000.0;  // 1 second
        7:  491:    context->config.memory_threshold_mb = 200.0;       // 200MB
        7:  492:    context->config.max_queries = 50;                  // 50 queries
        7:  493:    context->config.min_cache_hit_ratio = 0.7;         // 70%
        -:  494:    
        -:  495:    // Initialize metrics
        7:  496:    context->response_time_ms = 0.0;
        7:  497:    context->memory_usage_mb = 0.0;
        7:  498:    context->query_count = 0;
        7:  499:    context->cache_hit_ratio = 0.0;
        7:  500:    context->performance_score = 0.0;
        7:  501:    strncpy(context->grade, "N/A", sizeof(context->grade) - 1);
branch  0 taken 100% (fallthrough)
branch  1 taken 0%
        7:  502:    context->grade[sizeof(context->grade) - 1] = '\0';
        -:  503:    
        -:  504:    // Initialize status
        7:  505:    context->is_active = true;
        7:  506:    context->has_violations = false;
        7:  507:    context->violation_flags = 0;
        7:  508:    context->has_n_plus_one = false;
        7:  509:    context->severity_level = 0;
        7:  510:    strncpy(context->optimization_suggestion, "No analysis available", 
        -:  511:            sizeof(context->optimization_suggestion) - 1);
        7:  512:    context->optimization_suggestion[sizeof(context->optimization_suggestion) - 1] = '\0';
        -:  513:    
        7:  514:    if (g_orchestrator) {
branch  0 taken 100% (fallthrough)
branch  1 taken 0%
        7:  515:        g_orchestrator->context_count++;
        -:  516:    }
        -:  517:    
        -:  518:    return context;
        -:  519:}
------------------
create_test_context:
function create_test_context called 341 returned 100% blocks executed 100%
      341:  439:void* create_test_context(const char* test_class, const char* test_method) {
        -:  440:    // Validate inputs - reject NULL parameters for security
      341:  441:    if (!test_class || !test_method) {
branch  0 taken 100% (fallthrough)
branch  1 taken 0%
        -:  442:        return NULL;
        -:  443:    }
        -:  444:    
        -:  445:    // Initialize orchestrator if needed
      341:  446:    if (!g_orchestrator) {
branch  0 taken 1% (fallthrough)
branch  1 taken 100%
        1:  447:        if (init_test_orchestrator(NULL) != MERCURY_SUCCESS) {
call    0 returned 100%
branch  1 taken 100% (fallthrough)
branch  2 taken 0%
        -:  448:            return NULL;
        -:  449:        }
        -:  450:    }
        -:  451:    
        -:  452:    // Find available context slot
        -:  453:    TestContext* context = NULL;
        -:  454:    
    34462:  455:    for (size_t i = 0; i < g_orchestrator->max_contexts; i++) {
branch  0 taken 100%
branch  1 taken 1% (fallthrough)
    34461:  456:        if (!g_orchestrator->contexts[i].is_active) {
branch  0 taken 99% (fallthrough)
branch  1 taken 1%
        -:  457:            context = &g_orchestrator->contexts[i];
        -:  458:            break;
        -:  459:        }
        -:  460:    }
        -:  461:    
      341:  462:    if (!context) {
branch  0 taken 1% (fallthrough)
branch  1 taken 100%
        1:  463:        MERCURY_SET_ERROR(MERCURY_ERROR_OUT_OF_MEMORY, "No available context slots");
        1:  464:        return NULL;
        -:  465:    }
        -:  466:    
        -:  467:    // Initialize context
      340:  468:    context->context_id = atomic_fetch_add(&g_orchestrator->next_context_id, 1);
      340:  469:    context->start_time = mercury_get_timestamp().nanoseconds;
call    0 returned 100%
      340:  470:    context->end_time = 0;  // Initialize end_time
        -:  471:    
        -:  472:    // Safe string copy with bounds checking
      340:  473:    size_t class_len = strlen(test_class);
      340:  474:    size_t method_len = strlen(test_method);
        -:  475:    
[...]
branch  0 taken 100% (fallthrough)
branch  1 taken 0%
call    2 returned 100%
        -:  754:    return 0;
        -:  755:}
------------------
save_binary_configuration:
function save_binary_configuration called 4 returned 100% blocks executed 85%
        4:  726:int save_binary_configuration(const char* config_path) {
        4:  727:    if (!config_path) {
branch  0 taken 0% (fallthrough)
branch  1 taken 100%
    #####:  728:        MERCURY_SET_ERROR(MERCURY_ERROR_INVALID_ARGUMENT, "Configuration path cannot be NULL");
    #####:  729:        return -1;
        -:  730:    }
        -:  731:    
        -:  732:    // Create a minimal dummy file for testing purposes - SAFE VERSION
        -:  733:    // This would implement binary configuration saving in a real implementation
        4:  734:    FILE* fp = fopen(config_path, "w");
call    0 returned 100%
        4:  735:    if (!fp) {
branch  0 taken 25% (fallthrough)
branch  1 taken 75%
        -:  736:        char error_msg[256];
        1:  737:        snprintf(error_msg, sizeof(error_msg), "Failed to create configuration file: %s", strerror(errno));
call    0 returned 100%
        1:  738:        MERCURY_SET_ERROR(MERCURY_ERROR_INVALID_ARGUMENT, error_msg);
        -:  739:        return -1;
        -:  740:    }
        -:  741:    
        -:  742:    // Write a minimal header to mark it as a valid config file
        -:  743:    const char* header = "MERCURY_CONFIG_V1\n";
        3:  744:    size_t written = fwrite(header, 1, strlen(header), fp);
call    0 returned 100%
        3:  745:    fclose(fp);
call    0 returned 100%
        -:  746:    
        3:  747:    if (written != strlen(header)) {
branch  0 taken 0% (fallthrough)
branch  1 taken 100%
    #####:  748:        MERCURY_SET_ERROR(MERCURY_ERROR_INVALID_ARGUMENT, 
        -:  749:                         "Failed to write configuration header");
    #####:  750:        return -1;
        -:  751:    }
        -:  752:    
        3:  753:    MERCURY_INFO("Binary configuration saving not yet implemented: %s", config_path);
branch  0 taken 100% (fallthrough)
branch  1 taken 0%
call    2 returned 100%
        -:  754:    return 0;
        -:  755:}
------------------
save_binary_configuration:
function save_binary_configuration called 15 returned 100% blocks executed 85%
       15:  726:int save_binary_configuration(const char* config_path) {
       15:  727:    if (!config_path) {
branch  0 taken 0% (fallthrough)
branch  1 taken 100%
    #####:  728:        MERCURY_SET_ERROR(MERCURY_ERROR_INVALID_ARGUMENT, "Configuration path cannot be NULL");
    #####:  729:        return -1;
        -:  730:    }
        -:  731:    
        -:  732:    // Create a minimal dummy file for testing purposes - SAFE VERSION
        -:  733:    // This would implement binary configuration saving in a real implementation
       15:  734:    FILE* fp = fopen(config_path, "w");
call    0 returned 100%
       15:  735:    if (!fp) {
branch  0 taken 47% (fallthrough)
branch  1 taken 53%
        -:  736:        char error_msg[256];
        7:  737:        snprintf(error_msg, sizeof(error_msg), "Failed to create configuration file: %s", strerror(errno));
call    0 returned 100%
        7:  738:        MERCURY_SET_ERROR(MERCURY_ERROR_INVALID_ARGUMENT, error_msg);
        -:  739:        return -1;
        -:  740:    }
        -:  741:    
        -:  742:    // Write a minimal header to mark it as a valid config file
        -:  743:    const char* header = "MERCURY_CONFIG_V1\n";
        8:  744:    size_t written = fwrite(header, 1, strlen(header), fp);
call    0 returned 100%
        8:  745:    fclose(fp);
call    0 returned 100%
        -:  746:    
        8:  747:    if (written != strlen(header)) {
branch  0 taken 0% (fallthrough)
branch  1 taken 100%
    #####:  748:        MERCURY_SET_ERROR(MERCURY_ERROR_INVALID_ARGUMENT, 
        -:  749:                         "Failed to write configuration header");
    #####:  750:        return -1;
        -:  751:    }
        -:  752:    
        8:  753:    MERCURY_INFO("Binary configuration saving not yet implemented: %s", config_path);
branch  0 taken 100% (fallthrough)
branch  1 taken 0%
call    2 returned 100%
        -:  754:    return 0;
        -:  755:}
------------------
        -:  756:
        -:  757:// Public initialization function for testing
    #####:  758:int initialize_test_orchestrator(const char* history_file_path) {
    #####:  759:    const char* path = history_file_path ? history_file_path : "/tmp/test_history.bin";
    #####:  760:    return init_test_orchestrator(path) == MERCURY_SUCCESS ? 0 : -1;
        -:  761:}
------------------
initialize_test_orchestrator:
function initialize_test_orchestrator called 0 returned 0% blocks executed 0%
    #####:  758:int initialize_test_orchestrator(const char* history_file_path) {
    #####:  759:    const char* path = history_file_path ? history_file_path : "/tmp/test_history.bin";
branch  0 never executed
branch  1 never executed
    #####:  760:    return init_test_orchestrator(path) == MERCURY_SUCCESS ? 0 : -1;
call    0 never executed
branch  1 never executed
branch  2 never executed
        -:  761:}
------------------
initialize_test_orchestrator:
function initialize_test_orchestrator called 0 returned 0% blocks executed 0%
    #####:  758:int initialize_test_orchestrator(const char* history_file_path) {
    #####:  759:    const char* path = history_file_path ? history_file_path : "/tmp/test_history.bin";
branch  0 never executed
branch  1 never executed
    #####:  760:    return init_test_orchestrator(path) == MERCURY_SUCCESS ? 0 : -1;
call    0 never executed
branch  1 never executed
branch  2 never executed
        -:  761:}
------------------
initialize_test_orchestrator:
function initialize_test_orchestrator called 0 returned 0% blocks executed 0%
    #####:  758:int initialize_test_orchestrator(const char* history_file_path) {
    #####:  759:    const char* path = history_file_path ? history_file_path : "/tmp/test_history.bin";
branch  0 never executed
branch  1 never executed
    #####:  760:    return init_test_orchestrator(path) == MERCURY_SUCCESS ? 0 : -1;
call    0 never executed
branch  1 never executed
branch  2 never executed
        -:  761:}
------------------
        -:  762:
        -:  763:// Public cleanup function for testing
        3:  764:void cleanup_test_orchestrator(void) {
        3:  765:    cleanup_orchestrator_internal();
        3:  766:}
------------------
cleanup_test_orchestrator:
function cleanup_test_orchestrator called 1 returned 100% blocks executed 100%
        1:  764:void cleanup_test_orchestrator(void) {
        1:  765:    cleanup_orchestrator_internal();
call    0 returned 100%
        1:  766:}
------------------
cleanup_test_orchestrator:
function cleanup_test_orchestrator called 1 returned 100% blocks executed 100%
        1:  764:void cleanup_test_orchestrator(void) {
        1:  765:    cleanup_orchestrator_internal();
call    0 returned 100%
        1:  766:}
------------------
cleanup_test_orchestrator:
function cleanup_test_orchestrator called 1 returned 100% blocks executed 100%
        1:  764:void cleanup_test_orchestrator(void) {
        1:  765:    cleanup_orchestrator_internal();
call    0 returned 100%
        1:  766:}
------------------
        -:  767:
        -:  768:// Alias for update_test_context for compatibility
    #####:  769:int update_test_metrics(void* context_ptr, double response_time_ms, double memory_usage_mb,
        -:  770:                       uint32_t query_count, double cache_hit_ratio, double performance_score,
        -:  771:                       const char* grade) {
    #####:  772:    return update_test_context(context_ptr, response_time_ms, memory_usage_mb,
        -:  773:                              query_count, cache_hit_ratio, performance_score, grade);
        -:  774:}
------------------
update_test_metrics:
function update_test_metrics called 0 returned 0% blocks executed 0%
    #####:  769:int update_test_metrics(void* context_ptr, double response_time_ms, double memory_usage_mb,
        -:  770:                       uint32_t query_count, double cache_hit_ratio, double performance_score,
        -:  771:                       const char* grade) {
    #####:  772:    return update_test_context(context_ptr, response_time_ms, memory_usage_mb,
call    0 never executed
        -:  773:                              query_count, cache_hit_ratio, performance_score, grade);
        -:  774:}
------------------
update_test_metrics:
function update_test_metrics called 0 returned 0% blocks executed 0%
    #####:  769:int update_test_metrics(void* context_ptr, double response_time_ms, double memory_usage_mb,
        -:  770:                       uint32_t query_count, double cache_hit_ratio, double performance_score,
        -:  771:                       const char* grade) {
    #####:  772:    return update_test_context(context_ptr, response_time_ms, memory_usage_mb,
call    0 never executed
        -:  773:                              query_count, cache_hit_ratio, performance_score, grade);
        -:  774:}
------------------
update_test_metrics:
function update_test_metrics called 0 returned 0% blocks executed 0%
    #####:  769:int update_test_metrics(void* context_ptr, double response_time_ms, double memory_usage_mb,
        -:  770:                       uint32_t query_count, double cache_hit_ratio, double performance_score,
        -:  771:                       const char* grade) {
    #####:  772:    return update_test_context(context_ptr, response_time_ms, memory_usage_mb,
call    0 never executed
        -:  773:                              query_count, cache_hit_ratio, performance_score, grade);
        -:  774:}
------------------
        -:  775:
        -:  776:// Destroy a test context
    #####:  777:void destroy_test_context(void* context) {
    #####:  778:    if (!context) return;
        -:  779:    
        -:  780:    TestContext* ctx = (TestContext*)context;
    #####:  781:    ctx->is_active = false;
        -:  782:    
    #####:  783:    if (g_orchestrator) {
    #####:  784:        g_orchestrator->context_count--;
        -:  785:    }
        -:  786:}
------------------
destroy_test_context:
function destroy_test_context called 0 returned 0% blocks executed 0%
    #####:  777:void destroy_test_context(void* context) {
    #####:  778:    if (!context) return;
branch  0 never executed
branch  1 never executed
        -:  779:    
        -:  780:    TestContext* ctx = (TestContext*)context;
    #####:  781:    ctx->is_active = false;
        -:  782:    
    #####:  783:    if (g_orchestrator) {
branch  0 never executed
branch  1 never executed
    #####:  784:        g_orchestrator->context_count--;
        -:  785:    }
        -:  786:}
------------------
destroy_test_context:
function destroy_test_context called 0 returned 0% blocks executed 0%
    #####:  777:void destroy_test_context(void* context) {
    #####:  778:    if (!context) return;
branch  0 never executed
branch  1 never executed
        -:  779:    
        -:  780:    TestContext* ctx = (TestContext*)context;
    #####:  781:    ctx->is_active = false;
        -:  782:    
    #####:  783:    if (g_orchestrator) {
branch  0 never executed
branch  1 never executed
    #####:  784:        g_orchestrator->context_count--;
        -:  785:    }
        -:  786:}
------------------
destroy_test_context:
function destroy_test_context called 0 returned 0% blocks executed 0%
    #####:  777:void destroy_test_context(void* context) {
    #####:  778:    if (!context) return;
branch  0 never executed
branch  1 never executed
        -:  779:    
        -:  780:    TestContext* ctx = (TestContext*)context;
    #####:  781:    ctx->is_active = false;
        -:  782:    
    #####:  783:    if (g_orchestrator) {
branch  0 never executed
branch  1 never executed
    #####:  784:        g_orchestrator->context_count--;
        -:  785:    }
        -:  786:}
------------------
        -:  787:
        -:  788:// Query history entries
       18:  789:int query_history_entries(const char* test_class_filter, const char* test_method_filter,
        -:  790:                         uint64_t start_timestamp, uint64_t end_timestamp,
        -:  791:                         char* result_buffer, size_t buffer_size) {
       18:  792:    if (!result_buffer || buffer_size == 0) {
       2*:  793:        MERCURY_SET_ERROR(MERCURY_ERROR_INVALID_ARGUMENT, "Invalid result buffer");
       2*:  794:        return -1;
        -:  795:    }
        -:  796:    
       16:  797:    if (!g_orchestrator || !g_orchestrator->history_header) {
    #####:  798:        MERCURY_SET_ERROR(MERCURY_ERROR_INVALID_ARGUMENT, "Orchestrator not initialized");
    #####:  799:        return -1;
        -:  800:    }
        -:  801:    
        -:  802:    // This would implement history querying
        -:  803:    // For now, return a simple count
        -:  804:    int matching_entries = 0;
        -:  805:    
       16:  806:    snprintf(result_buffer, buffer_size, 
        -:  807:             "History query results: %" PRIu64 " total entries, %d matching filters",
        -:  808:             g_orchestrator->history_header->entry_count, matching_entries);
        -:  809:    
       16:  810:    return matching_entries;
        -:  811:}
------------------
query_history_entries:
function query_history_entries called 6 returned 100% blocks executed 86%
        6:  789:int query_history_entries(const char* test_class_filter, const char* test_method_filter,
        -:  790:                         uint64_t start_timestamp, uint64_t end_timestamp,
        -:  791:                         char* result_buffer, size_t buffer_size) {
        6:  792:    if (!result_buffer || buffer_size == 0) {
branch  0 taken 33% (fallthrough)
branch  1 taken 67%
        2:  793:        MERCURY_SET_ERROR(MERCURY_ERROR_INVALID_ARGUMENT, "Invalid result buffer");
        2:  794:        return -1;
        -:  795:    }
        -:  796:    
        4:  797:    if (!g_orchestrator || !g_orchestrator->history_header) {
branch  0 taken 100% (fallthrough)
branch  1 taken 0%
branch  2 taken 0% (fallthrough)
branch  3 taken 100%
    #####:  798:        MERCURY_SET_ERROR(MERCURY_ERROR_INVALID_ARGUMENT, "Orchestrator not initialized");
    #####:  799:        return -1;
        -:  800:    }
        -:  801:    
        -:  802:    // This would implement history querying
        -:  803:    // For now, return a simple count
        -:  804:    int matching_entries = 0;
        -:  805:    
        4:  806:    snprintf(result_buffer, buffer_size, 
        -:  807:             "History query results: %" PRIu64 " total entries, %d matching filters",
        -:  808:             g_orchestrator->history_header->entry_count, matching_entries);
        -:  809:    
        4:  810:    return matching_entries;
        -:  811:}
------------------
query_history_entries:
function query_history_entries called 8 returned 100% blocks executed 71%
        8:  789:int query_history_entries(const char* test_class_filter, const char* test_method_filter,
        -:  790:                         uint64_t start_timestamp, uint64_t end_timestamp,
        -:  791:                         char* result_buffer, size_t buffer_size) {
        8:  792:    if (!result_buffer || buffer_size == 0) {
branch  0 taken 0% (fallthrough)
branch  1 taken 100%
    #####:  793:        MERCURY_SET_ERROR(MERCURY_ERROR_INVALID_ARGUMENT, "Invalid result buffer");
    #####:  794:        return -1;
        -:  795:    }
        -:  796:    
        8:  797:    if (!g_orchestrator || !g_orchestrator->history_header) {
branch  0 taken 100% (fallthrough)
branch  1 taken 0%
branch  2 taken 0% (fallthrough)
branch  3 taken 100%
    #####:  798:        MERCURY_SET_ERROR(MERCURY_ERROR_INVALID_ARGUMENT, "Orchestrator not initialized");
    #####:  799:        return -1;
        -:  800:    }
        -:  801:    
        -:  802:    // This would implement history querying
        -:  803:    // For now, return a simple count
        -:  804:    int matching_entries = 0;
        -:  805:    
        8:  806:    snprintf(result_buffer, buffer_size, 
        -:  807:             "History query results: %" PRIu64 " total entries, %d matching filters",
        -:  808:             g_orchestrator->history_header->entry_count, matching_entries);
        -:  809:    
        8:  810:    return matching_entries;
        -:  811:}
------------------
query_history_entries:
function query_history_entries called 4 returned 100% blocks executed 71%
        4:  789:int query_history_entries(const char* test_class_filter, const char* test_method_filter,
        -:  790:                         uint64_t start_timestamp, uint64_t end_timestamp,
        -:  791:                         char* result_buffer, size_t buffer_size) {
        4:  792:    if (!result_buffer || buffer_size == 0) {
branch  0 taken 0% (fallthrough)
branch  1 taken 100%
    #####:  793:        MERCURY_SET_ERROR(MERCURY_ERROR_INVALID_ARGUMENT, "Invalid result buffer");
    #####:  794:        return -1;
        -:  795:    }
        -:  796:    
        4:  797:    if (!g_orchestrator || !g_orchestrator->history_header) {
branch  0 taken 100% (fallthrough)
branch  1 taken 0%
branch  2 taken 0% (fallthrough)
branch  3 taken 100%
    #####:  798:        MERCURY_SET_ERROR(MERCURY_ERROR_INVALID_ARGUMENT, "Orchestrator not initialized");
    #####:  799:        return -1;
        -:  800:    }
        -:  801:    
        -:  802:    // This would implement history querying
        -:  803:    // For now, return a simple count
        -:  804:    int matching_entries = 0;
        -:  805:    
        4:  806:    snprintf(result_buffer, buffer_size, 
        -:  807:             "History query results: %" PRIu64 " total entries, %d matching filters",
        -:  808:             g_orchestrator->history_header->entry_count, matching_entries);
        -:  809:    
        4:  810:    return matching_entries;
        -:  811:}
------------------
        -:  812:
        -:  813:// === LIBRARY INITIALIZATION ===
        -:  814:
        -:  815:// Library constructor
        -:  816:MERCURY_CONSTRUCTOR(test_orchestrator_init) {
        -:  817:    // MERCURY_INFO("libtest_orchestrator.so loaded");  // Too verbose
        -:  818:}
        -:  819:
        -:  820:// Library destructor
        3:  821:MERCURY_DESTRUCTOR(test_orchestrator_cleanup) {
        3:  822:    cleanup_test_orchestrator();
        -:  823:    // MERCURY_INFO("libtest_orchestrator.so unloaded");  // Too verbose
        3:  824:}
------------------
test_orchestrator_cleanup:
function test_orchestrator_cleanup called 1 returned 100% blocks executed 100%
        1:  821:MERCURY_DESTRUCTOR(test_orchestrator_cleanup) {
        1:  822:    cleanup_test_orchestrator();
call    0 returned 100%
        -:  823:    // MERCURY_INFO("libtest_orchestrator.so unloaded");  // Too verbose
        1:  824:}
------------------
test_orchestrator_cleanup:
function test_orchestrator_cleanup called 1 returned 100% blocks executed 100%
        1:  821:MERCURY_DESTRUCTOR(test_orchestrator_cleanup) {
        1:  822:    cleanup_test_orchestrator();
call    0 returned 100%
        -:  823:    // MERCURY_INFO("libtest_orchestrator.so unloaded");  // Too verbose
        1:  824:}
------------------
test_orchestrator_cleanup:
function test_orchestrator_cleanup called 1 returned 100% blocks executed 100%
        1:  821:MERCURY_DESTRUCTOR(test_orchestrator_cleanup) {
        1:  822:    cleanup_test_orchestrator();
call    0 returned 100%
        -:  823:    // MERCURY_INFO("libtest_orchestrator.so unloaded");  // Too verbose
        1:  824:}
------------------
